 -i /path/data.phy -d nt -n 1 -b 0 --r_seed 12345 --run_id GTR+I+G --no_memory_check -m 012345 -f m -v e -c 4 -a e -o tlr -s BEST
 -i /path/data.phy -d nt -n 1 -b 0 --r_seed 12345 --run_id SYM+I+G --no_memory_check -m 012345 -f 0.25,0.25,0.25,0.25 -v e -c 4 -a e -o tlr -s BEST
 -i /path/data.phy -d nt -n 1 -b 0 --r_seed 12345 --run_id GTR+G --no_memory_check -m 012345 -f m -c 4 -a e -o tlr -s BEST
 -i /path/data.phy -d nt -n 1 -b 0 --r_seed 12345 --run_id SYM+G --no_memory_check -m 012345 -f 0.25,0.25,0.25,0.25 -c 4 -a e -o tlr -s BEST
 -i /path/data.phy -d nt -n 1 -b 0 --r_seed 12345 --run_id GTR+I --no_memory_check -m 012345 -f m -v e -c 1 -o tlr -s BEST
 -i /path/data.phy -d nt -n 1 -b 0 --r_seed 12345 --run_id SYM+I --no_memory_check -m 012345 -f 0.25,0.25,0.25,0.25 -v e -c 1 -o tlr -s BEST
 -i /path/data.phy -d nt -n 1 -b 0 --r_seed 12345 --run_id GTR --no_memory_check -m 012345 -f m -c 1 -o tlr -s BEST
 -i /path/data.phy -d nt -n 1 -b 0 --r_seed 12345 --run_id SYM --no_memory_check -m 012345 -f 0.25,0.25,0.25,0.25 -c 1 -o tlr -s BEST


$$ STAGE COMPLETE $$


 -i /path/data.phy -d nt -n 1 -b 0 --r_seed 12345 --run_id 001234+I+G+F --no_memory_check -m 001234 -f m -v e -c 4 -a e -o tlr -s BEST
 -i /path/data.phy -d nt -n 1 -b 0 --r_seed 12345 --run_id 001234+I+G --no_memory_check -m 001234 -f 0.25,0.25,0.25,0.25 -v e -c 4 -a e -o tlr -s BEST
 -i /path/data.phy -d nt -n 1 -b 0 --r_seed 12345 --run_id 001234+G+F --no_memory_check -m 001234 -f m -c 4 -a e -o tlr -s BEST
 -i /path/data.phy -d nt -n 1 -b 0 --r_seed 12345 --run_id 001234+G --no_memory_check -m 001234 -f 0.25,0.25,0.25,0.25 -c 4 -a e -o tlr -s BEST
 -i /path/data.phy -d nt -n 1 -b 0 --r_seed 12345 --run_id 001234+I+F --no_memory_check -m 001234 -f m -v e -c 1 -o tlr -s BEST
 -i /path/data.phy -d nt -n 1 -b 0 --r_seed 12345 --run_id 001234+I --no_memory_check -m 001234 -f 0.25,0.25,0.25,0.25 -v e -c 1 -o tlr -s BEST
 -i /path/data.phy -d nt -n 1 -b 0 --r_seed 12345 --run_id 001234+F --no_memory_check -m 001234 -f m -c 1 -o tlr -s BEST
 -i /path/data.phy -d nt -n 1 -b 0 --r_seed 12345 --run_id 001234 --no_memory_check -m 001234 -f 0.25,0.25,0.25,0.25 -c 1 -o tlr -s BEST
 -i /path/data.phy -d nt -n 1 -b 0 --r_seed 12345 --run_id 010234+I+G+F --no_memory_check -m 010234 -f m -v e -c 4 -a e -o tlr -s BEST
 -i /path/data.phy -d nt -n 1 -b 0 --r_seed 12345 --run_id 010234+I+G --no_memory_check -m 010234 -f 0.25,0.25,0.25,0.25 -v e -c 4 -a e -o tlr -s BEST
 -i /path/data.phy -d nt -n 1 -b 0 --r_seed 12345 --run_id 010234+G+F --no_memory_check -m 010234 -f m -c 4 -a e -o tlr -s BEST
 -i /path/data.phy -d nt -n 1 -b 0 --r_seed 12345 --run_id 010234+G --no_memory_check -m 010234 -f 0.25,0.25,0.25,0.25 -c 4 -a e -o tlr -s BEST
 -i /path/data.phy -d nt -n 1 -b 0 --r_seed 12345 --run_id 010234+I+F --no_memory_check -m 010234 -f m -v e -c 1 -o tlr -s BEST
 -i /path/data.phy -d nt -n 1 -b 0 --r_seed 12345 --run_id 010234+I --no_memory_check -m 010234 -f 0.25,0.25,0.25,0.25 -v e -c 1 -o tlr -s BEST
 -i /path/data.phy -d nt -n 1 -b 0 --r_seed 12345 --run_id 010234+F --no_memory_check -m 010234 -f m -c 1 -o tlr -s BEST
 -i /path/data.phy -d nt -n 1 -b 0 --r_seed 12345 --run_id 010234 --no_memory_check -m 010234 -f 0.25,0.25,0.25,0.25 -c 1 -o tlr -s BEST
 -i /path/data.phy -d nt -n 1 -b 0 --r_seed 12345 --run_id 011234+I+G+F --no_memory_check -m 011234 -f m -v e -c 4 -a e -o tlr -s BEST
 -i /path/data.phy -d nt -n 1 -b 0 --r_seed 12345 --run_id 011234+I+G --no_memory_check -m 011234 -f 0.25,0.25,0.25,0.25 -v e -c 4 -a e -o tlr -s BEST
 -i /path/data.phy -d nt -n 1 -b 0 --r_seed 12345 --run_id 011234+G+F --no_memory_check -m 011234 -f m -c 4 -a e -o tlr -s BEST
 -i /path/data.phy -d nt -n 1 -b 0 --r_seed 12345 --run_id 011234+G --no_memory_check -m 011234 -f 0.25,0.25,0.25,0.25 -c 4 -a e -o tlr -s BEST
 -i /path/data.phy -d nt -n 1 -b 0 --r_seed 12345 --run_id 011234+I+F --no_memory_check -m 011234 -f m -v e -c 1 -o tlr -s BEST
 -i /path/data.phy -d nt -n 1 -b 0 --r_seed 12345 --run_id 011234+I --no_memory_check -m 011234 -f 0.25,0.25,0.25,0.25 -v e -c 1 -o tlr -s BEST
 -i /path/data.phy -d nt -n 1 -b 0 --r_seed 12345 --run_id 011234+F --no_memory_check -m 011234 -f m -c 1 -o tlr -s BEST
 -i /path/data.phy -d nt -n 1 -b 0 --r_seed 12345 --run_id 011234 --no_memory_check -m 011234 -f 0.25,0.25,0.25,0.25 -c 1 -o tlr -s BEST
 -i /path/data.phy -d nt -n 1 -b 0 --r_seed 12345 --run_id 012034+I+G+F --no_memory_check -m 012034 -f m -v e -c 4 -a e -o tlr -s BEST
 -i /path/data.phy -d nt -n 1 -b 0 --r_seed 12345 --run_id 012034+I+G --no_memory_check -m 012034 -f 0.25,0.25,0.25,0.25 -v e -c 4 -a e -o tlr -s BEST
 -i /path/data.phy -d nt -n 1 -b 0 --r_seed 12345 --run_id 012034+G+F --no_memory_check -m 012034 -f m -c 4 -a e -o tlr -s BEST
 -i /path/data.phy -d nt -n 1 -b 0 --r_seed 12345 --run_id 012034+G --no_memory_check -m 012034 -f 0.25,0.25,0.25,0.25 -c 4 -a e -o tlr -s BEST
 -i /path/data.phy -d nt -n 1 -b 0 --r_seed 12345 --run_id 012034+I+F --no_memory_check -m 012034 -f m -v e -c 1 -o tlr -s BEST
 -i /path/data.phy -d nt -n 1 -b 0 --r_seed 12345 --run_id 012034+I --no_memory_check -m 012034 -f 0.25,0.25,0.25,0.25 -v e -c 1 -o tlr -s BEST
 -i /path/data.phy -d nt -n 1 -b 0 --r_seed 12345 --run_id 012034+F --no_memory_check -m 012034 -f m -c 1 -o tlr -s BEST
 -i /path/data.phy -d nt -n 1 -b 0 --r_seed 12345 --run_id 012034 --no_memory_check -m 012034 -f 0.25,0.25,0.25,0.25 -c 1 -o tlr -s BEST
 -i /path/data.phy -d nt -n 1 -b 0 --r_seed 12345 --run_id 012134+I+G+F --no_memory_check -m 012134 -f m -v e -c 4 -a e -o tlr -s BEST
 -i /path/data.phy -d nt -n 1 -b 0 --r_seed 12345 --run_id 012134+I+G --no_memory_check -m 012134 -f 0.25,0.25,0.25,0.25 -v e -c 4 -a e -o tlr -s BEST
 -i /path/data.phy -d nt -n 1 -b 0 --r_seed 12345 --run_id 012134+G+F --no_memory_check -m 012134 -f m -c 4 -a e -o tlr -s BEST
 -i /path/data.phy -d nt -n 1 -b 0 --r_seed 12345 --run_id 012134+G --no_memory_check -m 012134 -f 0.25,0.25,0.25,0.25 -c 4 -a e -o tlr -s BEST
 -i /path/data.phy -d nt -n 1 -b 0 --r_seed 12345 --run_id 012134+I+F --no_memory_check -m 012134 -f m -v e -c 1 -o tlr -s BEST
 -i /path/data.phy -d nt -n 1 -b 0 --r_seed 12345 --run_id 012134+I --no_memory_check -m 012134 -f 0.25,0.25,0.25,0.25 -v e -c 1 -o tlr -s BEST
 -i /path/data.phy -d nt -n 1 -b 0 --r_seed 12345 --run_id 012134+F --no_memory_check -m 012134 -f m -c 1 -o tlr -s BEST
 -i /path/data.phy -d nt -n 1 -b 0 --r_seed 12345 --run_id 012134 --no_memory_check -m 012134 -f 0.25,0.25,0.25,0.25 -c 1 -o tlr -s BEST
 -i /path/data.phy -d nt -n 1 -b 0 --r_seed 12345 --run_id 012234+I+G+F --no_memory_check -m 012234 -f m -v e -c 4 -a e -o tlr -s BEST
 -i /path/data.phy -d nt -n 1 -b 0 --r_seed 12345 --run_id 012234+I+G --no_memory_check -m 012234 -f 0.25,0.25,0.25,0.25 -v e -c 4 -a e -o tlr -s BEST
 -i /path/data.phy -d nt -n 1 -b 0 --r_seed 12345 --run_id 012234+G+F --no_memory_check -m 012234 -f m -c 4 -a e -o tlr -s BEST
 -i /path/data.phy -d nt -n 1 -b 0 --r_seed 12345 --run_id 012234+G --no_memory_check -m 012234 -f 0.25,0.25,0.25,0.25 -c 4 -a e -o tlr -s BEST
 -i /path/data.phy -d nt -n 1 -b 0 --r_seed 12345 --run_id 012234+I+F --no_memory_check -m 012234 -f m -v e -c 1 -o tlr -s BEST
 -i /path/data.phy -d nt -n 1 -b 0 --r_seed 12345 --run_id 012234+I --no_memory_check -m 012234 -f 0.25,0.25,0.25,0.25 -v e -c 1 -o tlr -s BEST
 -i /path/data.phy -d nt -n 1 -b 0 --r_seed 12345 --run_id 012234+F --no_memory_check -m 012234 -f m -c 1 -o tlr -s BEST
 -i /path/data.phy -d nt -n 1 -b 0 --r_seed 12345 --run_id 012234 --no_memory_check -m 012234 -f 0.25,0.25,0.25,0.25 -c 1 -o tlr -s BEST
 -i /path/data.phy -d nt -n 1 -b 0 --r_seed 12345 --run_id 012304+I+G+F --no_memory_check -m 012304 -f m -v e -c 4 -a e -o tlr -s BEST
 -i /path/data.phy -d nt -n 1 -b 0 --r_seed 12345 --run_id 012304+I+G --no_memory_check -m 012304 -f 0.25,0.25,0.25,0.25 -v e -c 4 -a e -o tlr -s BEST
 -i /path/data.phy -d nt -n 1 -b 0 --r_seed 12345 --run_id 012304+G+F --no_memory_check -m 012304 -f m -c 4 -a e -o tlr -s BEST
 -i /path/data.phy -d nt -n 1 -b 0 --r_seed 12345 --run_id 012304+G --no_memory_check -m 012304 -f 0.25,0.25,0.25,0.25 -c 4 -a e -o tlr -s BEST
 -i /path/data.phy -d nt -n 1 -b 0 --r_seed 12345 --run_id 012304+I+F --no_memory_check -m 012304 -f m -v e -c 1 -o tlr -s BEST
 -i /path/data.phy -d nt -n 1 -b 0 --r_seed 12345 --run_id 012304+I --no_memory_check -m 012304 -f 0.25,0.25,0.25,0.25 -v e -c 1 -o tlr -s BEST
 -i /path/data.phy -d nt -n 1 -b 0 --r_seed 12345 --run_id 012304+F --no_memory_check -m 012304 -f m -c 1 -o tlr -s BEST
 -i /path/data.phy -d nt -n 1 -b 0 --r_seed 12345 --run_id 012304 --no_memory_check -m 012304 -f 0.25,0.25,0.25,0.25 -c 1 -o tlr -s BEST
 -i /path/data.phy -d nt -n 1 -b 0 --r_seed 12345 --run_id TVM+I+G --no_memory_check -m 012314 -f m -v e -c 4 -a e -o tlr -s BEST
 -i /path/data.phy -d nt -n 1 -b 0 --r_seed 12345 --run_id TVMef+I+G --no_memory_check -m 012314 -f 0.25,0.25,0.25,0.25 -v e -c 4 -a e -o tlr -s BEST
 -i /path/data.phy -d nt -n 1 -b 0 --r_seed 12345 --run_id TVM+G --no_memory_check -m 012314 -f m -c 4 -a e -o tlr -s BEST
 -i /path/data.phy -d nt -n 1 -b 0 --r_seed 12345 --run_id TVMef+G --no_memory_check -m 012314 -f 0.25,0.25,0.25,0.25 -c 4 -a e -o tlr -s BEST
 -i /path/data.phy -d nt -n 1 -b 0 --r_seed 12345 --run_id TVM+I --no_memory_check -m 012314 -f m -v e -c 1 -o tlr -s BEST
 -i /path/data.phy -d nt -n 1 -b 0 --r_seed 12345 --run_id TVMef+I --no_memory_check -m 012314 -f 0.25,0.25,0.25,0.25 -v e -c 1 -o tlr -s BEST
 -i /path/data.phy -d nt -n 1 -b 0 --r_seed 12345 --run_id TVM --no_memory_check -m 012314 -f m -c 1 -o tlr -s BEST
 -i /path/data.phy -d nt -n 1 -b 0 --r_seed 12345 --run_id TVMef --no_memory_check -m 012314 -f 0.25,0.25,0.25,0.25 -c 1 -o tlr -s BEST
 -i /path/data.phy -d nt -n 1 -b 0 --r_seed 12345 --run_id 012324+I+G+F --no_memory_check -m 012324 -f m -v e -c 4 -a e -o tlr -s BEST
 -i /path/data.phy -d nt -n 1 -b 0 --r_seed 12345 --run_id 012324+I+G --no_memory_check -m 012324 -f 0.25,0.25,0.25,0.25 -v e -c 4 -a e -o tlr -s BEST
 -i /path/data.phy -d nt -n 1 -b 0 --r_seed 12345 --run_id 012324+G+F --no_memory_check -m 012324 -f m -c 4 -a e -o tlr -s BEST
 -i /path/data.phy -d nt -n 1 -b 0 --r_seed 12345 --run_id 012324+G --no_memory_check -m 012324 -f 0.25,0.25,0.25,0.25 -c 4 -a e -o tlr -s BEST
 -i /path/data.phy -d nt -n 1 -b 0 --r_seed 12345 --run_id 012324+I+F --no_memory_check -m 012324 -f m -v e -c 1 -o tlr -s BEST
 -i /path/data.phy -d nt -n 1 -b 0 --r_seed 12345 --run_id 012324+I --no_memory_check -m 012324 -f 0.25,0.25,0.25,0.25 -v e -c 1 -o tlr -s BEST
 -i /path/data.phy -d nt -n 1 -b 0 --r_seed 12345 --run_id 012324+F --no_memory_check -m 012324 -f m -c 1 -o tlr -s BEST
 -i /path/data.phy -d nt -n 1 -b 0 --r_seed 12345 --run_id 012324 --no_memory_check -m 012324 -f 0.25,0.25,0.25,0.25 -c 1 -o tlr -s BEST
 -i /path/data.phy -d nt -n 1 -b 0 --r_seed 12345 --run_id 012334+I+G+F --no_memory_check -m 012334 -f m -v e -c 4 -a e -o tlr -s BEST
 -i /path/data.phy -d nt -n 1 -b 0 --r_seed 12345 --run_id 012334+I+G --no_memory_check -m 012334 -f 0.25,0.25,0.25,0.25 -v e -c 4 -a e -o tlr -s BEST
 -i /path/data.phy -d nt -n 1 -b 0 --r_seed 12345 --run_id 012334+G+F --no_memory_check -m 012334 -f m -c 4 -a e -o tlr -s BEST
 -i /path/data.phy -d nt -n 1 -b 0 --r_seed 12345 --run_id 012334+G --no_memory_check -m 012334 -f 0.25,0.25,0.25,0.25 -c 4 -a e -o tlr -s BEST
 -i /path/data.phy -d nt -n 1 -b 0 --r_seed 12345 --run_id 012334+I+F --no_memory_check -m 012334 -f m -v e -c 1 -o tlr -s BEST
 -i /path/data.phy -d nt -n 1 -b 0 --r_seed 12345 --run_id 012334+I --no_memory_check -m 012334 -f 0.25,0.25,0.25,0.25 -v e -c 1 -o tlr -s BEST
 -i /path/data.phy -d nt -n 1 -b 0 --r_seed 12345 --run_id 012334+F --no_memory_check -m 012334 -f m -c 1 -o tlr -s BEST
 -i /path/data.phy -d nt -n 1 -b 0 --r_seed 12345 --run_id 012334 --no_memory_check -m 012334 -f 0.25,0.25,0.25,0.25 -c 1 -o tlr -s BEST
 -i /path/data.phy -d nt -n 1 -b 0 --r_seed 12345 --run_id 012340+I+G+F --no_memory_check -m 012340 -f m -v e -c 4 -a e -o tlr -s BEST
 -i /path/data.phy -d nt -n 1 -b 0 --r_seed 12345 --run_id 012340+I+G --no_memory_check -m 012340 -f 0.25,0.25,0.25,0.25 -v e -c 4 -a e -o tlr -s BEST
 -i /path/data.phy -d nt -n 1 -b 0 --r_seed 12345 --run_id 012340+G+F --no_memory_check -m 012340 -f m -c 4 -a e -o tlr -s BEST
 -i /path/data.phy -d nt -n 1 -b 0 --r_seed 12345 --run_id 012340+G --no_memory_check -m 012340 -f 0.25,0.25,0.25,0.25 -c 4 -a e -o tlr -s BEST
 -i /path/data.phy -d nt -n 1 -b 0 --r_seed 12345 --run_id 012340+I+F --no_memory_check -m 012340 -f m -v e -c 1 -o tlr -s BEST
 -i /path/data.phy -d nt -n 1 -b 0 --r_seed 12345 --run_id 012340+I --no_memory_check -m 012340 -f 0.25,0.25,0.25,0.25 -v e -c 1 -o tlr -s BEST
 -i /path/data.phy -d nt -n 1 -b 0 --r_seed 12345 --run_id 012340+F --no_memory_check -m 012340 -f m -c 1 -o tlr -s BEST
 -i /path/data.phy -d nt -n 1 -b 0 --r_seed 12345 --run_id 012340 --no_memory_check -m 012340 -f 0.25,0.25,0.25,0.25 -c 1 -o tlr -s BEST
 -i /path/data.phy -d nt -n 1 -b 0 --r_seed 12345 --run_id 012341+I+G+F --no_memory_check -m 012341 -f m -v e -c 4 -a e -o tlr -s BEST
 -i /path/data.phy -d nt -n 1 -b 0 --r_seed 12345 --run_id 012341+I+G --no_memory_check -m 012341 -f 0.25,0.25,0.25,0.25 -v e -c 4 -a e -o tlr -s BEST
 -i /path/data.phy -d nt -n 1 -b 0 --r_seed 12345 --run_id 012341+G+F --no_memory_check -m 012341 -f m -c 4 -a e -o tlr -s BEST
 -i /path/data.phy -d nt -n 1 -b 0 --r_seed 12345 --run_id 012341+G --no_memory_check -m 012341 -f 0.25,0.25,0.25,0.25 -c 4 -a e -o tlr -s BEST
 -i /path/data.phy -d nt -n 1 -b 0 --r_seed 12345 --run_id 012341+I+F --no_memory_check -m 012341 -f m -v e -c 1 -o tlr -s BEST
 -i /path/data.phy -d nt -n 1 -b 0 --r_seed 12345 --run_id 012341+I --no_memory_check -m 012341 -f 0.25,0.25,0.25,0.25 -v e -c 1 -o tlr -s BEST
 -i /path/data.phy -d nt -n 1 -b 0 --r_seed 12345 --run_id 012341+F --no_memory_check -m 012341 -f m -c 1 -o tlr -s BEST
 -i /path/data.phy -d nt -n 1 -b 0 --r_seed 12345 --run_id 012341 --no_memory_check -m 012341 -f 0.25,0.25,0.25,0.25 -c 1 -o tlr -s BEST
 -i /path/data.phy -d nt -n 1 -b 0 --r_seed 12345 --run_id 012342+I+G+F --no_memory_check -m 012342 -f m -v e -c 4 -a e -o tlr -s BEST
 -i /path/data.phy -d nt -n 1 -b 0 --r_seed 12345 --run_id 012342+I+G --no_memory_check -m 012342 -f 0.25,0.25,0.25,0.25 -v e -c 4 -a e -o tlr -s BEST
 -i /path/data.phy -d nt -n 1 -b 0 --r_seed 12345 --run_id 012342+G+F --no_memory_check -m 012342 -f m -c 4 -a e -o tlr -s BEST
 -i /path/data.phy -d nt -n 1 -b 0 --r_seed 12345 --run_id 012342+G --no_memory_check -m 012342 -f 0.25,0.25,0.25,0.25 -c 4 -a e -o tlr -s BEST
 -i /path/data.phy -d nt -n 1 -b 0 --r_seed 12345 --run_id 012342+I+F --no_memory_check -m 012342 -f m -v e -c 1 -o tlr -s BEST
 -i /path/data.phy -d nt -n 1 -b 0 --r_seed 12345 --run_id 012342+I --no_memory_check -m 012342 -f 0.25,0.25,0.25,0.25 -v e -c 1 -o tlr -s BEST
 -i /path/data.phy -d nt -n 1 -b 0 --r_seed 12345 --run_id 012342+F --no_memory_check -m 012342 -f m -c 1 -o tlr -s BEST
 -i /path/data.phy -d nt -n 1 -b 0 --r_seed 12345 --run_id 012342 --no_memory_check -m 012342 -f 0.25,0.25,0.25,0.25 -c 1 -o tlr -s BEST
 -i /path/data.phy -d nt -n 1 -b 0 --r_seed 12345 --run_id 012343+I+G+F --no_memory_check -m 012343 -f m -v e -c 4 -a e -o tlr -s BEST
 -i /path/data.phy -d nt -n 1 -b 0 --r_seed 12345 --run_id 012343+I+G --no_memory_check -m 012343 -f 0.25,0.25,0.25,0.25 -v e -c 4 -a e -o tlr -s BEST
 -i /path/data.phy -d nt -n 1 -b 0 --r_seed 12345 --run_id 012343+G+F --no_memory_check -m 012343 -f m -c 4 -a e -o tlr -s BEST
 -i /path/data.phy -d nt -n 1 -b 0 --r_seed 12345 --run_id 012343+G --no_memory_check -m 012343 -f 0.25,0.25,0.25,0.25 -c 4 -a e -o tlr -s BEST
 -i /path/data.phy -d nt -n 1 -b 0 --r_seed 12345 --run_id 012343+I+F --no_memory_check -m 012343 -f m -v e -c 1 -o tlr -s BEST
 -i /path/data.phy -d nt -n 1 -b 0 --r_seed 12345 --run_id 012343+I --no_memory_check -m 012343 -f 0.25,0.25,0.25,0.25 -v e -c 1 -o tlr -s BEST
 -i /path/data.phy -d nt -n 1 -b 0 --r_seed 12345 --run_id 012343+F --no_memory_check -m 012343 -f m -c 1 -o tlr -s BEST
 -i /path/data.phy -d nt -n 1 -b 0 --r_seed 12345 --run_id 012343 --no_memory_check -m 012343 -f 0.25,0.25,0.25,0.25 -c 1 -o tlr -s BEST
 -i /path/data.phy -d nt -n 1 -b 0 --r_seed 12345 --run_id 012344+I+G+F --no_memory_check -m 012344 -f m -v e -c 4 -a e -o tlr -s BEST
 -i /path/data.phy -d nt -n 1 -b 0 --r_seed 12345 --run_id 012344+I+G --no_memory_check -m 012344 -f 0.25,0.25,0.25,0.25 -v e -c 4 -a e -o tlr -s BEST
 -i /path/data.phy -d nt -n 1 -b 0 --r_seed 12345 --run_id 012344+G+F --no_memory_check -m 012344 -f m -c 4 -a e -o tlr -s BEST
 -i /path/data.phy -d nt -n 1 -b 0 --r_seed 12345 --run_id 012344+G --no_memory_check -m 012344 -f 0.25,0.25,0.25,0.25 -c 4 -a e -o tlr -s BEST
 -i /path/data.phy -d nt -n 1 -b 0 --r_seed 12345 --run_id 012344+I+F --no_memory_check -m 012344 -f m -v e -c 1 -o tlr -s BEST
 -i /path/data.phy -d nt -n 1 -b 0 --r_seed 12345 --run_id 012344+I --no_memory_check -m 012344 -f 0.25,0.25,0.25,0.25 -v e -c 1 -o tlr -s BEST
 -i /path/data.phy -d nt -n 1 -b 0 --r_seed 12345 --run_id 012344+F --no_memory_check -m 012344 -f m -c 1 -o tlr -s BEST
 -i /path/data.phy -d nt -n 1 -b 0 --r_seed 12345 --run_id 012344 --no_memory_check -m 012344 -f 0.25,0.25,0.25,0.25 -c 1 -o tlr -s BEST


$$ STAGE COMPLETE $$


 -i /path/data.phy -d nt -n 1 -b 0 --r_seed 12345 --run_id 001231+I+G+F --no_memory_check -m 001231 -f m -v e -c 4 -a e -o tlr -s BEST
 -i /path/data.phy -d nt -n 1 -b 0 --r_seed 12345 --run_id 001231+I+G --no_memory_check -m 001231 -f 0.25,0.25,0.25,0.25 -v e -c 4 -a e -o tlr -s BEST
 -i /path/data.phy -d nt -n 1 -b 0 --r_seed 12345 --run_id 001231+G+F --no_memory_check -m 001231 -f m -c 4 -a e -o tlr -s BEST
 -i /path/data.phy -d nt -n 1 -b 0 --r_seed 12345 --run_id 001231+G --no_memory_check -m 001231 -f 0.25,0.25,0.25,0.25 -c 4 -a e -o tlr -s BEST
 -i /path/data.phy -d nt -n 1 -b 0 --r_seed 12345 --run_id 001231+I+F --no_memory_check -m 001231 -f m -v e -c 1 -o tlr -s BEST
 -i /path/data.phy -d nt -n 1 -b 0 --r_seed 12345 --run_id 001231+I --no_memory_check -m 001231 -f 0.25,0.25,0.25,0.25 -v e -c 1 -o tlr -s BEST
 -i /path/data.phy -d nt -n 1 -b 0 --r_seed 12345 --run_id 001231+F --no_memory_check -m 001231 -f m -c 1 -o tlr -s BEST
 -i /path/data.phy -d nt -n 1 -b 0 --r_seed 12345 --run_id 001231 --no_memory_check -m 001231 -f 0.25,0.25,0.25,0.25 -c 1 -o tlr -s BEST
 -i /path/data.phy -d nt -n 1 -b 0 --r_seed 12345 --run_id 010230+I+G+F --no_memory_check -m 010230 -f m -v e -c 4 -a e -o tlr -s BEST
 -i /path/data.phy -d nt -n 1 -b 0 --r_seed 12345 --run_id 010230+I+G --no_memory_check -m 010230 -f 0.25,0.25,0.25,0.25 -v e -c 4 -a e -o tlr -s BEST
 -i /path/data.phy -d nt -n 1 -b 0 --r_seed 12345 --run_id 010230+G+F --no_memory_check -m 010230 -f m -c 4 -a e -o tlr -s BEST
 -i /path/data.phy -d nt -n 1 -b 0 --r_seed 12345 --run_id 010230+G --no_memory_check -m 010230 -f 0.25,0.25,0.25,0.25 -c 4 -a e -o tlr -s BEST
 -i /path/data.phy -d nt -n 1 -b 0 --r_seed 12345 --run_id 010230+I+F --no_memory_check -m 010230 -f m -v e -c 1 -o tlr -s BEST
 -i /path/data.phy -d nt -n 1 -b 0 --r_seed 12345 --run_id 010230+I --no_memory_check -m 010230 -f 0.25,0.25,0.25,0.25 -v e -c 1 -o tlr -s BEST
 -i /path/data.phy -d nt -n 1 -b 0 --r_seed 12345 --run_id 010230+F --no_memory_check -m 010230 -f m -c 1 -o tlr -s BEST
 -i /path/data.phy -d nt -n 1 -b 0 --r_seed 12345 --run_id 010230 --no_memory_check -m 010230 -f 0.25,0.25,0.25,0.25 -c 1 -o tlr -s BEST
 -i /path/data.phy -d nt -n 1 -b 0 --r_seed 12345 --run_id 011231+I+G+F --no_memory_check -m 011231 -f m -v e -c 4 -a e -o tlr -s BEST
 -i /path/data.phy -d nt -n 1 -b 0 --r_seed 12345 --run_id 011231+I+G --no_memory_check -m 011231 -f 0.25,0.25,0.25,0.25 -v e -c 4 -a e -o tlr -s BEST
 -i /path/data.phy -d nt -n 1 -b 0 --r_seed 12345 --run_id 011231+G+F --no_memory_check -m 011231 -f m -c 4 -a e -o tlr -s BEST
 -i /path/data.phy -d nt -n 1 -b 0 --r_seed 12345 --run_id 011231+G --no_memory_check -m 011231 -f 0.25,0.25,0.25,0.25 -c 4 -a e -o tlr -s BEST
 -i /path/data.phy -d nt -n 1 -b 0 --r_seed 12345 --run_id 011231+I+F --no_memory_check -m 011231 -f m -v e -c 1 -o tlr -s BEST
 -i /path/data.phy -d nt -n 1 -b 0 --r_seed 12345 --run_id 011231+I --no_memory_check -m 011231 -f 0.25,0.25,0.25,0.25 -v e -c 1 -o tlr -s BEST
 -i /path/data.phy -d nt -n 1 -b 0 --r_seed 12345 --run_id 011231+F --no_memory_check -m 011231 -f m -c 1 -o tlr -s BEST
 -i /path/data.phy -d nt -n 1 -b 0 --r_seed 12345 --run_id 011231 --no_memory_check -m 011231 -f 0.25,0.25,0.25,0.25 -c 1 -o tlr -s BEST
 -i /path/data.phy -d nt -n 1 -b 0 --r_seed 12345 --run_id TIM3+I+G --no_memory_check -m 012032 -f m -v e -c 4 -a e -o tlr -s BEST
 -i /path/data.phy -d nt -n 1 -b 0 --r_seed 12345 --run_id TIM3ef+I+G --no_memory_check -m 012032 -f 0.25,0.25,0.25,0.25 -v e -c 4 -a e -o tlr -s BEST
 -i /path/data.phy -d nt -n 1 -b 0 --r_seed 12345 --run_id TIM3+G --no_memory_check -m 012032 -f m -c 4 -a e -o tlr -s BEST
 -i /path/data.phy -d nt -n 1 -b 0 --r_seed 12345 --run_id TIM3ef+G --no_memory_check -m 012032 -f 0.25,0.25,0.25,0.25 -c 4 -a e -o tlr -s BEST
 -i /path/data.phy -d nt -n 1 -b 0 --r_seed 12345 --run_id TIM3+I --no_memory_check -m 012032 -f m -v e -c 1 -o tlr -s BEST
 -i /path/data.phy -d nt -n 1 -b 0 --r_seed 12345 --run_id TIM3ef+I --no_memory_check -m 012032 -f 0.25,0.25,0.25,0.25 -v e -c 1 -o tlr -s BEST
 -i /path/data.phy -d nt -n 1 -b 0 --r_seed 12345 --run_id TIM3 --no_memory_check -m 012032 -f m -c 1 -o tlr -s BEST
 -i /path/data.phy -d nt -n 1 -b 0 --r_seed 12345 --run_id TIM3ef --no_memory_check -m 012032 -f 0.25,0.25,0.25,0.25 -c 1 -o tlr -s BEST
 -i /path/data.phy -d nt -n 1 -b 0 --r_seed 12345 --run_id 012132+I+G+F --no_memory_check -m 012132 -f m -v e -c 4 -a e -o tlr -s BEST
 -i /path/data.phy -d nt -n 1 -b 0 --r_seed 12345 --run_id 012132+I+G --no_memory_check -m 012132 -f 0.25,0.25,0.25,0.25 -v e -c 4 -a e -o tlr -s BEST
 -i /path/data.phy -d nt -n 1 -b 0 --r_seed 12345 --run_id 012132+G+F --no_memory_check -m 012132 -f m -c 4 -a e -o tlr -s BEST
 -i /path/data.phy -d nt -n 1 -b 0 --r_seed 12345 --run_id 012132+G --no_memory_check -m 012132 -f 0.25,0.25,0.25,0.25 -c 4 -a e -o tlr -s BEST
 -i /path/data.phy -d nt -n 1 -b 0 --r_seed 12345 --run_id 012132+I+F --no_memory_check -m 012132 -f m -v e -c 1 -o tlr -s BEST
 -i /path/data.phy -d nt -n 1 -b 0 --r_seed 12345 --run_id 012132+I --no_memory_check -m 012132 -f 0.25,0.25,0.25,0.25 -v e -c 1 -o tlr -s BEST
 -i /path/data.phy -d nt -n 1 -b 0 --r_seed 12345 --run_id 012132+F --no_memory_check -m 012132 -f m -c 1 -o tlr -s BEST
 -i /path/data.phy -d nt -n 1 -b 0 --r_seed 12345 --run_id 012132 --no_memory_check -m 012132 -f 0.25,0.25,0.25,0.25 -c 1 -o tlr -s BEST
 -i /path/data.phy -d nt -n 1 -b 0 --r_seed 12345 --run_id 012232+I+G+F --no_memory_check -m 012232 -f m -v e -c 4 -a e -o tlr -s BEST
 -i /path/data.phy -d nt -n 1 -b 0 --r_seed 12345 --run_id 012232+I+G --no_memory_check -m 012232 -f 0.25,0.25,0.25,0.25 -v e -c 4 -a e -o tlr -s BEST
 -i /path/data.phy -d nt -n 1 -b 0 --r_seed 12345 --run_id 012232+G+F --no_memory_check -m 012232 -f m -c 4 -a e -o tlr -s BEST
 -i /path/data.phy -d nt -n 1 -b 0 --r_seed 12345 --run_id 012232+G --no_memory_check -m 012232 -f 0.25,0.25,0.25,0.25 -c 4 -a e -o tlr -s BEST
 -i /path/data.phy -d nt -n 1 -b 0 --r_seed 12345 --run_id 012232+I+F --no_memory_check -m 012232 -f m -v e -c 1 -o tlr -s BEST
 -i /path/data.phy -d nt -n 1 -b 0 --r_seed 12345 --run_id 012232+I --no_memory_check -m 012232 -f 0.25,0.25,0.25,0.25 -v e -c 1 -o tlr -s BEST
 -i /path/data.phy -d nt -n 1 -b 0 --r_seed 12345 --run_id 012232+F --no_memory_check -m 012232 -f m -c 1 -o tlr -s BEST
 -i /path/data.phy -d nt -n 1 -b 0 --r_seed 12345 --run_id 012232 --no_memory_check -m 012232 -f 0.25,0.25,0.25,0.25 -c 1 -o tlr -s BEST
 -i /path/data.phy -d nt -n 1 -b 0 --r_seed 12345 --run_id 012302+I+G+F --no_memory_check -m 012302 -f m -v e -c 4 -a e -o tlr -s BEST
 -i /path/data.phy -d nt -n 1 -b 0 --r_seed 12345 --run_id 012302+I+G --no_memory_check -m 012302 -f 0.25,0.25,0.25,0.25 -v e -c 4 -a e -o tlr -s BEST
 -i /path/data.phy -d nt -n 1 -b 0 --r_seed 12345 --run_id 012302+G+F --no_memory_check -m 012302 -f m -c 4 -a e -o tlr -s BEST
 -i /path/data.phy -d nt -n 1 -b 0 --r_seed 12345 --run_id 012302+G --no_memory_check -m 012302 -f 0.25,0.25,0.25,0.25 -c 4 -a e -o tlr -s BEST
 -i /path/data.phy -d nt -n 1 -b 0 --r_seed 12345 --run_id 012302+I+F --no_memory_check -m 012302 -f m -v e -c 1 -o tlr -s BEST
 -i /path/data.phy -d nt -n 1 -b 0 --r_seed 12345 --run_id 012302+I --no_memory_check -m 012302 -f 0.25,0.25,0.25,0.25 -v e -c 1 -o tlr -s BEST
 -i /path/data.phy -d nt -n 1 -b 0 --r_seed 12345 --run_id 012302+F --no_memory_check -m 012302 -f m -c 1 -o tlr -s BEST
 -i /path/data.phy -d nt -n 1 -b 0 --r_seed 12345 --run_id 012302 --no_memory_check -m 012302 -f 0.25,0.25,0.25,0.25 -c 1 -o tlr -s BEST
 -i /path/data.phy -d nt -n 1 -b 0 --r_seed 12345 --run_id 012312+I+G+F --no_memory_check -m 012312 -f m -v e -c 4 -a e -o tlr -s BEST
 -i /path/data.phy -d nt -n 1 -b 0 --r_seed 12345 --run_id 012312+I+G --no_memory_check -m 012312 -f 0.25,0.25,0.25,0.25 -v e -c 4 -a e -o tlr -s BEST
 -i /path/data.phy -d nt -n 1 -b 0 --r_seed 12345 --run_id 012312+G+F --no_memory_check -m 012312 -f m -c 4 -a e -o tlr -s BEST
 -i /path/data.phy -d nt -n 1 -b 0 --r_seed 12345 --run_id 012312+G --no_memory_check -m 012312 -f 0.25,0.25,0.25,0.25 -c 4 -a e -o tlr -s BEST
 -i /path/data.phy -d nt -n 1 -b 0 --r_seed 12345 --run_id 012312+I+F --no_memory_check -m 012312 -f m -v e -c 1 -o tlr -s BEST
 -i /path/data.phy -d nt -n 1 -b 0 --r_seed 12345 --run_id 012312+I --no_memory_check -m 012312 -f 0.25,0.25,0.25,0.25 -v e -c 1 -o tlr -s BEST
 -i /path/data.phy -d nt -n 1 -b 0 --r_seed 12345 --run_id 012312+F --no_memory_check -m 012312 -f m -c 1 -o tlr -s BEST
 -i /path/data.phy -d nt -n 1 -b 0 --r_seed 12345 --run_id 012312 --no_memory_check -m 012312 -f 0.25,0.25,0.25,0.25 -c 1 -o tlr -s BEST
 -i /path/data.phy -d nt -n 1 -b 0 --r_seed 12345 --run_id 012322+I+G+F --no_memory_check -m 012322 -f m -v e -c 4 -a e -o tlr -s BEST
 -i /path/data.phy -d nt -n 1 -b 0 --r_seed 12345 --run_id 012322+I+G --no_memory_check -m 012322 -f 0.25,0.25,0.25,0.25 -v e -c 4 -a e -o tlr -s BEST
 -i /path/data.phy -d nt -n 1 -b 0 --r_seed 12345 --run_id 012322+G+F --no_memory_check -m 012322 -f m -c 4 -a e -o tlr -s BEST
 -i /path/data.phy -d nt -n 1 -b 0 --r_seed 12345 --run_id 012322+G --no_memory_check -m 012322 -f 0.25,0.25,0.25,0.25 -c 4 -a e -o tlr -s BEST
 -i /path/data.phy -d nt -n 1 -b 0 --r_seed 12345 --run_id 012322+I+F --no_memory_check -m 012322 -f m -v e -c 1 -o tlr -s BEST
 -i /path/data.phy -d nt -n 1 -b 0 --r_seed 12345 --run_id 012322+I --no_memory_check -m 012322 -f 0.25,0.25,0.25,0.25 -v e -c 1 -o tlr -s BEST
 -i /path/data.phy -d nt -n 1 -b 0 --r_seed 12345 --run_id 012322+F --no_memory_check -m 012322 -f m -c 1 -o tlr -s BEST
 -i /path/data.phy -d nt -n 1 -b 0 --r_seed 12345 --run_id 012322 --no_memory_check -m 012322 -f 0.25,0.25,0.25,0.25 -c 1 -o tlr -s BEST
 -i /path/data.phy -d nt -n 1 -b 0 --r_seed 12345 --run_id 012332+I+G+F --no_memory_check -m 012332 -f m -v e -c 4 -a e -o tlr -s BEST
 -i /path/data.phy -d nt -n 1 -b 0 --r_seed 12345 --run_id 012332+I+G --no_memory_check -m 012332 -f 0.25,0.25,0.25,0.25 -v e -c 4 -a e -o tlr -s BEST
 -i /path/data.phy -d nt -n 1 -b 0 --r_seed 12345 --run_id 012332+G+F --no_memory_check -m 012332 -f m -c 4 -a e -o tlr -s BEST
 -i /path/data.phy -d nt -n 1 -b 0 --r_seed 12345 --run_id 012332+G --no_memory_check -m 012332 -f 0.25,0.25,0.25,0.25 -c 4 -a e -o tlr -s BEST
 -i /path/data.phy -d nt -n 1 -b 0 --r_seed 12345 --run_id 012332+I+F --no_memory_check -m 012332 -f m -v e -c 1 -o tlr -s BEST
 -i /path/data.phy -d nt -n 1 -b 0 --r_seed 12345 --run_id 012332+I --no_memory_check -m 012332 -f 0.25,0.25,0.25,0.25 -v e -c 1 -o tlr -s BEST
 -i /path/data.phy -d nt -n 1 -b 0 --r_seed 12345 --run_id 012332+F --no_memory_check -m 012332 -f m -c 1 -o tlr -s BEST
 -i /path/data.phy -d nt -n 1 -b 0 --r_seed 12345 --run_id 012332 --no_memory_check -m 012332 -f 0.25,0.25,0.25,0.25 -c 1 -o tlr -s BEST


$$ STAGE COMPLETE $$


 -i /path/data.phy -d nt -n 1 -b 0 --r_seed 12345 --run_id 000120+I+G+F --no_memory_check -m 000120 -f m -v e -c 4 -a e -o tlr -s BEST
 -i /path/data.phy -d nt -n 1 -b 0 --r_seed 12345 --run_id 000120+I+G --no_memory_check -m 000120 -f 0.25,0.25,0.25,0.25 -v e -c 4 -a e -o tlr -s BEST
 -i /path/data.phy -d nt -n 1 -b 0 --r_seed 12345 --run_id 000120+G+F --no_memory_check -m 000120 -f m -c 4 -a e -o tlr -s BEST
 -i /path/data.phy -d nt -n 1 -b 0 --r_seed 12345 --run_id 000120+G --no_memory_check -m 000120 -f 0.25,0.25,0.25,0.25 -c 4 -a e -o tlr -s BEST
 -i /path/data.phy -d nt -n 1 -b 0 --r_seed 12345 --run_id 000120+I+F --no_memory_check -m 000120 -f m -v e -c 1 -o tlr -s BEST
 -i /path/data.phy -d nt -n 1 -b 0 --r_seed 12345 --run_id 000120+I --no_memory_check -m 000120 -f 0.25,0.25,0.25,0.25 -v e -c 1 -o tlr -s BEST
 -i /path/data.phy -d nt -n 1 -b 0 --r_seed 12345 --run_id 000120+F --no_memory_check -m 000120 -f m -c 1 -o tlr -s BEST
 -i /path/data.phy -d nt -n 1 -b 0 --r_seed 12345 --run_id 000120 --no_memory_check -m 000120 -f 0.25,0.25,0.25,0.25 -c 1 -o tlr -s BEST
 -i /path/data.phy -d nt -n 1 -b 0 --r_seed 12345 --run_id TrN+I+G --no_memory_check -m 010020 -f m -v e -c 4 -a e -o tlr -s BEST
 -i /path/data.phy -d nt -n 1 -b 0 --r_seed 12345 --run_id TrNef+I+G --no_memory_check -m 010020 -f 0.25,0.25,0.25,0.25 -v e -c 4 -a e -o tlr -s BEST
 -i /path/data.phy -d nt -n 1 -b 0 --r_seed 12345 --run_id TrN+G --no_memory_check -m 010020 -f m -c 4 -a e -o tlr -s BEST
 -i /path/data.phy -d nt -n 1 -b 0 --r_seed 12345 --run_id TrNef+G --no_memory_check -m 010020 -f 0.25,0.25,0.25,0.25 -c 4 -a e -o tlr -s BEST
 -i /path/data.phy -d nt -n 1 -b 0 --r_seed 12345 --run_id TrN+I --no_memory_check -m 010020 -f m -v e -c 1 -o tlr -s BEST
 -i /path/data.phy -d nt -n 1 -b 0 --r_seed 12345 --run_id TrNef+I --no_memory_check -m 010020 -f 0.25,0.25,0.25,0.25 -v e -c 1 -o tlr -s BEST
 -i /path/data.phy -d nt -n 1 -b 0 --r_seed 12345 --run_id TrN --no_memory_check -m 010020 -f m -c 1 -o tlr -s BEST
 -i /path/data.phy -d nt -n 1 -b 0 --r_seed 12345 --run_id TrNef --no_memory_check -m 010020 -f 0.25,0.25,0.25,0.25 -c 1 -o tlr -s BEST
 -i /path/data.phy -d nt -n 1 -b 0 --r_seed 12345 --run_id 010120+I+G+F --no_memory_check -m 010120 -f m -v e -c 4 -a e -o tlr -s BEST
 -i /path/data.phy -d nt -n 1 -b 0 --r_seed 12345 --run_id 010120+I+G --no_memory_check -m 010120 -f 0.25,0.25,0.25,0.25 -v e -c 4 -a e -o tlr -s BEST
 -i /path/data.phy -d nt -n 1 -b 0 --r_seed 12345 --run_id 010120+G+F --no_memory_check -m 010120 -f m -c 4 -a e -o tlr -s BEST
 -i /path/data.phy -d nt -n 1 -b 0 --r_seed 12345 --run_id 010120+G --no_memory_check -m 010120 -f 0.25,0.25,0.25,0.25 -c 4 -a e -o tlr -s BEST
 -i /path/data.phy -d nt -n 1 -b 0 --r_seed 12345 --run_id 010120+I+F --no_memory_check -m 010120 -f m -v e -c 1 -o tlr -s BEST
 -i /path/data.phy -d nt -n 1 -b 0 --r_seed 12345 --run_id 010120+I --no_memory_check -m 010120 -f 0.25,0.25,0.25,0.25 -v e -c 1 -o tlr -s BEST
 -i /path/data.phy -d nt -n 1 -b 0 --r_seed 12345 --run_id 010120+F --no_memory_check -m 010120 -f m -c 1 -o tlr -s BEST
 -i /path/data.phy -d nt -n 1 -b 0 --r_seed 12345 --run_id 010120 --no_memory_check -m 010120 -f 0.25,0.25,0.25,0.25 -c 1 -o tlr -s BEST
 -i /path/data.phy -d nt -n 1 -b 0 --r_seed 12345 --run_id 010200+I+G+F --no_memory_check -m 010200 -f m -v e -c 4 -a e -o tlr -s BEST
 -i /path/data.phy -d nt -n 1 -b 0 --r_seed 12345 --run_id 010200+I+G --no_memory_check -m 010200 -f 0.25,0.25,0.25,0.25 -v e -c 4 -a e -o tlr -s BEST
 -i /path/data.phy -d nt -n 1 -b 0 --r_seed 12345 --run_id 010200+G+F --no_memory_check -m 010200 -f m -c 4 -a e -o tlr -s BEST
 -i /path/data.phy -d nt -n 1 -b 0 --r_seed 12345 --run_id 010200+G --no_memory_check -m 010200 -f 0.25,0.25,0.25,0.25 -c 4 -a e -o tlr -s BEST
 -i /path/data.phy -d nt -n 1 -b 0 --r_seed 12345 --run_id 010200+I+F --no_memory_check -m 010200 -f m -v e -c 1 -o tlr -s BEST
 -i /path/data.phy -d nt -n 1 -b 0 --r_seed 12345 --run_id 010200+I --no_memory_check -m 010200 -f 0.25,0.25,0.25,0.25 -v e -c 1 -o tlr -s BEST
 -i /path/data.phy -d nt -n 1 -b 0 --r_seed 12345 --run_id 010200+F --no_memory_check -m 010200 -f m -c 1 -o tlr -s BEST
 -i /path/data.phy -d nt -n 1 -b 0 --r_seed 12345 --run_id 010200 --no_memory_check -m 010200 -f 0.25,0.25,0.25,0.25 -c 1 -o tlr -s BEST
 -i /path/data.phy -d nt -n 1 -b 0 --r_seed 12345 --run_id 010210+I+G+F --no_memory_check -m 010210 -f m -v e -c 4 -a e -o tlr -s BEST
 -i /path/data.phy -d nt -n 1 -b 0 --r_seed 12345 --run_id 010210+I+G --no_memory_check -m 010210 -f 0.25,0.25,0.25,0.25 -v e -c 4 -a e -o tlr -s BEST
 -i /path/data.phy -d nt -n 1 -b 0 --r_seed 12345 --run_id 010210+G+F --no_memory_check -m 010210 -f m -c 4 -a e -o tlr -s BEST
 -i /path/data.phy -d nt -n 1 -b 0 --r_seed 12345 --run_id 010210+G --no_memory_check -m 010210 -f 0.25,0.25,0.25,0.25 -c 4 -a e -o tlr -s BEST
 -i /path/data.phy -d nt -n 1 -b 0 --r_seed 12345 --run_id 010210+I+F --no_memory_check -m 010210 -f m -v e -c 1 -o tlr -s BEST
 -i /path/data.phy -d nt -n 1 -b 0 --r_seed 12345 --run_id 010210+I --no_memory_check -m 010210 -f 0.25,0.25,0.25,0.25 -v e -c 1 -o tlr -s BEST
 -i /path/data.phy -d nt -n 1 -b 0 --r_seed 12345 --run_id 010210+F --no_memory_check -m 010210 -f m -c 1 -o tlr -s BEST
 -i /path/data.phy -d nt -n 1 -b 0 --r_seed 12345 --run_id 010210 --no_memory_check -m 010210 -f 0.25,0.25,0.25,0.25 -c 1 -o tlr -s BEST
 -i /path/data.phy -d nt -n 1 -b 0 --r_seed 12345 --run_id 010220+I+G+F --no_memory_check -m 010220 -f m -v e -c 4 -a e -o tlr -s BEST
 -i /path/data.phy -d nt -n 1 -b 0 --r_seed 12345 --run_id 010220+I+G --no_memory_check -m 010220 -f 0.25,0.25,0.25,0.25 -v e -c 4 -a e -o tlr -s BEST
 -i /path/data.phy -d nt -n 1 -b 0 --r_seed 12345 --run_id 010220+G+F --no_memory_check -m 010220 -f m -c 4 -a e -o tlr -s BEST
 -i /path/data.phy -d nt -n 1 -b 0 --r_seed 12345 --run_id 010220+G --no_memory_check -m 010220 -f 0.25,0.25,0.25,0.25 -c 4 -a e -o tlr -s BEST
 -i /path/data.phy -d nt -n 1 -b 0 --r_seed 12345 --run_id 010220+I+F --no_memory_check -m 010220 -f m -v e -c 1 -o tlr -s BEST
 -i /path/data.phy -d nt -n 1 -b 0 --r_seed 12345 --run_id 010220+I --no_memory_check -m 010220 -f 0.25,0.25,0.25,0.25 -v e -c 1 -o tlr -s BEST
 -i /path/data.phy -d nt -n 1 -b 0 --r_seed 12345 --run_id 010220+F --no_memory_check -m 010220 -f m -c 1 -o tlr -s BEST
 -i /path/data.phy -d nt -n 1 -b 0 --r_seed 12345 --run_id 010220 --no_memory_check -m 010220 -f 0.25,0.25,0.25,0.25 -c 1 -o tlr -s BEST


$$ STAGE COMPLETE $$


