 -i /path/data.phy -d nt -n 1 -b 0 --r_seed 12345 --run_id SYM+G --no_memory_check -m 012345 -f 0.25,0.25,0.25,0.25 -c 4 -a e -o tlr -s BEST
 -i /path/data.phy -d nt -n 1 -b 0 --r_seed 12345 --run_id SYM --no_memory_check -m 012345 -f 0.25,0.25,0.25,0.25 -c 1 -o tlr -s BEST
 -i /path/data.phy -d nt -n 1 -b 0 --r_seed 12345 --run_id GTR+I --no_memory_check -m 012345 -f m -v e -c 1 -o tlr -s BEST
 -i /path/data.phy -d nt -n 1 -b 0 --r_seed 12345 --run_id GTR+I+G --no_memory_check -m 012345 -f m -v e -c 4 -a e -o tlr -s BEST
 -i /path/data.phy -d nt -n 1 -b 0 --r_seed 12345 --run_id GTR --no_memory_check -m 012345 -f m -c 1 -o tlr -s BEST
 -i /path/data.phy -d nt -n 1 -b 0 --r_seed 12345 --run_id GTR+G --no_memory_check -m 012345 -f m -c 4 -a e -o tlr -s BEST
 -i /path/data.phy -d nt -n 1 -b 0 --r_seed 12345 --run_id SYM+I+G --no_memory_check -m 012345 -f 0.25,0.25,0.25,0.25 -v e -c 4 -a e -o tlr -s BEST
 -i /path/data.phy -d nt -n 1 -b 0 --r_seed 12345 --run_id SYM+I --no_memory_check -m 012345 -f 0.25,0.25,0.25,0.25 -v e -c 1 -o tlr -s BEST
 -i /path/data.phy -d nt -n 1 -b 0 --r_seed 12345 --run_id 001234+I+G+F --no_memory_check -m 001234 -f m -v e -c 4 -a e -o tlr -s BEST
 -i /path/data.phy -d nt -n 1 -b 0 --r_seed 12345 --run_id 001234+I+G --no_memory_check -m 001234 -f 0.25,0.25,0.25,0.25 -v e -c 4 -a e -o tlr -s BEST
 -i /path/data.phy -d nt -n 1 -b 0 --r_seed 12345 --run_id 001234+G --no_memory_check -m 001234 -f 0.25,0.25,0.25,0.25 -c 4 -a e -o tlr -s BEST
 -i /path/data.phy -d nt -n 1 -b 0 --r_seed 12345 --run_id 001234+G+F --no_memory_check -m 001234 -f m -c 4 -a e -o tlr -s BEST
 -i /path/data.phy -d nt -n 1 -b 0 --r_seed 12345 --run_id 001234+I+F --no_memory_check -m 001234 -f m -v e -c 1 -o tlr -s BEST
 -i /path/data.phy -d nt -n 1 -b 0 --r_seed 12345 --run_id 001234+I --no_memory_check -m 001234 -f 0.25,0.25,0.25,0.25 -v e -c 1 -o tlr -s BEST
 -i /path/data.phy -d nt -n 1 -b 0 --r_seed 12345 --run_id 001234+F --no_memory_check -m 001234 -f m -c 1 -o tlr -s BEST
 -i /path/data.phy -d nt -n 1 -b 0 --r_seed 12345 --run_id 001234 --no_memory_check -m 001234 -f 0.25,0.25,0.25,0.25 -c 1 -o tlr -s BEST
 -i /path/data.phy -d nt -n 1 -b 0 --r_seed 12345 --run_id 010234+I+G+F --no_memory_check -m 010234 -f m -v e -c 4 -a e -o tlr -s BEST
 -i /path/data.phy -d nt -n 1 -b 0 --r_seed 12345 --run_id 010234+I+G --no_memory_check -m 010234 -f 0.25,0.25,0.25,0.25 -v e -c 4 -a e -o tlr -s BEST
 -i /path/data.phy -d nt -n 1 -b 0 --r_seed 12345 --run_id 010234+G+F --no_memory_check -m 010234 -f m -c 4 -a e -o tlr -s BEST
 -i /path/data.phy -d nt -n 1 -b 0 --r_seed 12345 --run_id 010234+G --no_memory_check -m 010234 -f 0.25,0.25,0.25,0.25 -c 4 -a e -o tlr -s BEST
 -i /path/data.phy -d nt -n 1 -b 0 --r_seed 12345 --run_id 010234+I+F --no_memory_check -m 010234 -f m -v e -c 1 -o tlr -s BEST
 -i /path/data.phy -d nt -n 1 -b 0 --r_seed 12345 --run_id 010234+I --no_memory_check -m 010234 -f 0.25,0.25,0.25,0.25 -v e -c 1 -o tlr -s BEST
 -i /path/data.phy -d nt -n 1 -b 0 --r_seed 12345 --run_id 010234+F --no_memory_check -m 010234 -f m -c 1 -o tlr -s BEST
 -i /path/data.phy -d nt -n 1 -b 0 --r_seed 12345 --run_id 010234 --no_memory_check -m 010234 -f 0.25,0.25,0.25,0.25 -c 1 -o tlr -s BEST
 -i /path/data.phy -d nt -n 1 -b 0 --r_seed 12345 --run_id 011234+I+G+F --no_memory_check -m 011234 -f m -v e -c 4 -a e -o tlr -s BEST
 -i /path/data.phy -d nt -n 1 -b 0 --r_seed 12345 --run_id 011234+I+G --no_memory_check -m 011234 -f 0.25,0.25,0.25,0.25 -v e -c 4 -a e -o tlr -s BEST
 -i /path/data.phy -d nt -n 1 -b 0 --r_seed 12345 --run_id 011234+G+F --no_memory_check -m 011234 -f m -c 4 -a e -o tlr -s BEST
 -i /path/data.phy -d nt -n 1 -b 0 --r_seed 12345 --run_id 011234+G --no_memory_check -m 011234 -f 0.25,0.25,0.25,0.25 -c 4 -a e -o tlr -s BEST
 -i /path/data.phy -d nt -n 1 -b 0 --r_seed 12345 --run_id 011234+I+F --no_memory_check -m 011234 -f m -v e -c 1 -o tlr -s BEST
 -i /path/data.phy -d nt -n 1 -b 0 --r_seed 12345 --run_id 011234+I --no_memory_check -m 011234 -f 0.25,0.25,0.25,0.25 -v e -c 1 -o tlr -s BEST
 -i /path/data.phy -d nt -n 1 -b 0 --r_seed 12345 --run_id 011234+F --no_memory_check -m 011234 -f m -c 1 -o tlr -s BEST
 -i /path/data.phy -d nt -n 1 -b 0 --r_seed 12345 --run_id 011234 --no_memory_check -m 011234 -f 0.25,0.25,0.25,0.25 -c 1 -o tlr -s BEST
 -i /path/data.phy -d nt -n 1 -b 0 --r_seed 12345 --run_id 012034+I+G+F --no_memory_check -m 012034 -f m -v e -c 4 -a e -o tlr -s BEST
 -i /path/data.phy -d nt -n 1 -b 0 --r_seed 12345 --run_id 012034+I+G --no_memory_check -m 012034 -f 0.25,0.25,0.25,0.25 -v e -c 4 -a e -o tlr -s BEST
 -i /path/data.phy -d nt -n 1 -b 0 --r_seed 12345 --run_id 012034+G+F --no_memory_check -m 012034 -f m -c 4 -a e -o tlr -s BEST
 -i /path/data.phy -d nt -n 1 -b 0 --r_seed 12345 --run_id 012034+G --no_memory_check -m 012034 -f 0.25,0.25,0.25,0.25 -c 4 -a e -o tlr -s BEST
 -i /path/data.phy -d nt -n 1 -b 0 --r_seed 12345 --run_id 012034+I+F --no_memory_check -m 012034 -f m -v e -c 1 -o tlr -s BEST
 -i /path/data.phy -d nt -n 1 -b 0 --r_seed 12345 --run_id 012034+I --no_memory_check -m 012034 -f 0.25,0.25,0.25,0.25 -v e -c 1 -o tlr -s BEST
 -i /path/data.phy -d nt -n 1 -b 0 --r_seed 12345 --run_id 012034+F --no_memory_check -m 012034 -f m -c 1 -o tlr -s BEST
 -i /path/data.phy -d nt -n 1 -b 0 --r_seed 12345 --run_id 012034 --no_memory_check -m 012034 -f 0.25,0.25,0.25,0.25 -c 1 -o tlr -s BEST
 -i /path/data.phy -d nt -n 1 -b 0 --r_seed 12345 --run_id 012134+I+G+F --no_memory_check -m 012134 -f m -v e -c 4 -a e -o tlr -s BEST
 -i /path/data.phy -d nt -n 1 -b 0 --r_seed 12345 --run_id 012134+I+G --no_memory_check -m 012134 -f 0.25,0.25,0.25,0.25 -v e -c 4 -a e -o tlr -s BEST
 -i /path/data.phy -d nt -n 1 -b 0 --r_seed 12345 --run_id 012134+G+F --no_memory_check -m 012134 -f m -c 4 -a e -o tlr -s BEST
 -i /path/data.phy -d nt -n 1 -b 0 --r_seed 12345 --run_id 012134+G --no_memory_check -m 012134 -f 0.25,0.25,0.25,0.25 -c 4 -a e -o tlr -s BEST
 -i /path/data.phy -d nt -n 1 -b 0 --r_seed 12345 --run_id 012134+I+F --no_memory_check -m 012134 -f m -v e -c 1 -o tlr -s BEST
 -i /path/data.phy -d nt -n 1 -b 0 --r_seed 12345 --run_id 012134+I --no_memory_check -m 012134 -f 0.25,0.25,0.25,0.25 -v e -c 1 -o tlr -s BEST
 -i /path/data.phy -d nt -n 1 -b 0 --r_seed 12345 --run_id 012134+F --no_memory_check -m 012134 -f m -c 1 -o tlr -s BEST
 -i /path/data.phy -d nt -n 1 -b 0 --r_seed 12345 --run_id 012134 --no_memory_check -m 012134 -f 0.25,0.25,0.25,0.25 -c 1 -o tlr -s BEST
 -i /path/data.phy -d nt -n 1 -b 0 --r_seed 12345 --run_id 012234+I+G+F --no_memory_check -m 012234 -f m -v e -c 4 -a e -o tlr -s BEST
 -i /path/data.phy -d nt -n 1 -b 0 --r_seed 12345 --run_id 012234+I+G --no_memory_check -m 012234 -f 0.25,0.25,0.25,0.25 -v e -c 4 -a e -o tlr -s BEST
 -i /path/data.phy -d nt -n 1 -b 0 --r_seed 12345 --run_id 012234+G+F --no_memory_check -m 012234 -f m -c 4 -a e -o tlr -s BEST
 -i /path/data.phy -d nt -n 1 -b 0 --r_seed 12345 --run_id 012234+G --no_memory_check -m 012234 -f 0.25,0.25,0.25,0.25 -c 4 -a e -o tlr -s BEST
 -i /path/data.phy -d nt -n 1 -b 0 --r_seed 12345 --run_id 012234+I+F --no_memory_check -m 012234 -f m -v e -c 1 -o tlr -s BEST
 -i /path/data.phy -d nt -n 1 -b 0 --r_seed 12345 --run_id 012234+I --no_memory_check -m 012234 -f 0.25,0.25,0.25,0.25 -v e -c 1 -o tlr -s BEST
 -i /path/data.phy -d nt -n 1 -b 0 --r_seed 12345 --run_id 012234+F --no_memory_check -m 012234 -f m -c 1 -o tlr -s BEST
 -i /path/data.phy -d nt -n 1 -b 0 --r_seed 12345 --run_id 012234 --no_memory_check -m 012234 -f 0.25,0.25,0.25,0.25 -c 1 -o tlr -s BEST
 -i /path/data.phy -d nt -n 1 -b 0 --r_seed 12345 --run_id 012304+I+G+F --no_memory_check -m 012304 -f m -v e -c 4 -a e -o tlr -s BEST
 -i /path/data.phy -d nt -n 1 -b 0 --r_seed 12345 --run_id 012304+I+G --no_memory_check -m 012304 -f 0.25,0.25,0.25,0.25 -v e -c 4 -a e -o tlr -s BEST
 -i /path/data.phy -d nt -n 1 -b 0 --r_seed 12345 --run_id 012304+G+F --no_memory_check -m 012304 -f m -c 4 -a e -o tlr -s BEST
 -i /path/data.phy -d nt -n 1 -b 0 --r_seed 12345 --run_id 012304+G --no_memory_check -m 012304 -f 0.25,0.25,0.25,0.25 -c 4 -a e -o tlr -s BEST
 -i /path/data.phy -d nt -n 1 -b 0 --r_seed 12345 --run_id 012304+I+F --no_memory_check -m 012304 -f m -v e -c 1 -o tlr -s BEST
 -i /path/data.phy -d nt -n 1 -b 0 --r_seed 12345 --run_id 012304+I --no_memory_check -m 012304 -f 0.25,0.25,0.25,0.25 -v e -c 1 -o tlr -s BEST
 -i /path/data.phy -d nt -n 1 -b 0 --r_seed 12345 --run_id 012304+F --no_memory_check -m 012304 -f m -c 1 -o tlr -s BEST
 -i /path/data.phy -d nt -n 1 -b 0 --r_seed 12345 --run_id 012304 --no_memory_check -m 012304 -f 0.25,0.25,0.25,0.25 -c 1 -o tlr -s BEST
 -i /path/data.phy -d nt -n 1 -b 0 --r_seed 12345 --run_id TVM+I+G --no_memory_check -m 012314 -f m -v e -c 4 -a e -o tlr -s BEST
 -i /path/data.phy -d nt -n 1 -b 0 --r_seed 12345 --run_id TVMef+I+G --no_memory_check -m 012314 -f 0.25,0.25,0.25,0.25 -v e -c 4 -a e -o tlr -s BEST
 -i /path/data.phy -d nt -n 1 -b 0 --r_seed 12345 --run_id TVM+G --no_memory_check -m 012314 -f m -c 4 -a e -o tlr -s BEST
 -i /path/data.phy -d nt -n 1 -b 0 --r_seed 12345 --run_id TVMef+G --no_memory_check -m 012314 -f 0.25,0.25,0.25,0.25 -c 4 -a e -o tlr -s BEST
 -i /path/data.phy -d nt -n 1 -b 0 --r_seed 12345 --run_id TVM+I --no_memory_check -m 012314 -f m -v e -c 1 -o tlr -s BEST
 -i /path/data.phy -d nt -n 1 -b 0 --r_seed 12345 --run_id TVMef+I --no_memory_check -m 012314 -f 0.25,0.25,0.25,0.25 -v e -c 1 -o tlr -s BEST
 -i /path/data.phy -d nt -n 1 -b 0 --r_seed 12345 --run_id TVM --no_memory_check -m 012314 -f m -c 1 -o tlr -s BEST
 -i /path/data.phy -d nt -n 1 -b 0 --r_seed 12345 --run_id TVMef --no_memory_check -m 012314 -f 0.25,0.25,0.25,0.25 -c 1 -o tlr -s BEST
 -i /path/data.phy -d nt -n 1 -b 0 --r_seed 12345 --run_id 012324+I+G+F --no_memory_check -m 012324 -f m -v e -c 4 -a e -o tlr -s BEST
 -i /path/data.phy -d nt -n 1 -b 0 --r_seed 12345 --run_id 012324+I+G --no_memory_check -m 012324 -f 0.25,0.25,0.25,0.25 -v e -c 4 -a e -o tlr -s BEST
 -i /path/data.phy -d nt -n 1 -b 0 --r_seed 12345 --run_id 012324+G+F --no_memory_check -m 012324 -f m -c 4 -a e -o tlr -s BEST
 -i /path/data.phy -d nt -n 1 -b 0 --r_seed 12345 --run_id 012324+G --no_memory_check -m 012324 -f 0.25,0.25,0.25,0.25 -c 4 -a e -o tlr -s BEST
 -i /path/data.phy -d nt -n 1 -b 0 --r_seed 12345 --run_id 012324+I+F --no_memory_check -m 012324 -f m -v e -c 1 -o tlr -s BEST
 -i /path/data.phy -d nt -n 1 -b 0 --r_seed 12345 --run_id 012324+I --no_memory_check -m 012324 -f 0.25,0.25,0.25,0.25 -v e -c 1 -o tlr -s BEST
 -i /path/data.phy -d nt -n 1 -b 0 --r_seed 12345 --run_id 012324+F --no_memory_check -m 012324 -f m -c 1 -o tlr -s BEST
 -i /path/data.phy -d nt -n 1 -b 0 --r_seed 12345 --run_id 012324 --no_memory_check -m 012324 -f 0.25,0.25,0.25,0.25 -c 1 -o tlr -s BEST
 -i /path/data.phy -d nt -n 1 -b 0 --r_seed 12345 --run_id 012334+I+G+F --no_memory_check -m 012334 -f m -v e -c 4 -a e -o tlr -s BEST
 -i /path/data.phy -d nt -n 1 -b 0 --r_seed 12345 --run_id 012334+I+G --no_memory_check -m 012334 -f 0.25,0.25,0.25,0.25 -v e -c 4 -a e -o tlr -s BEST
 -i /path/data.phy -d nt -n 1 -b 0 --r_seed 12345 --run_id 012334+G+F --no_memory_check -m 012334 -f m -c 4 -a e -o tlr -s BEST
 -i /path/data.phy -d nt -n 1 -b 0 --r_seed 12345 --run_id 012334+G --no_memory_check -m 012334 -f 0.25,0.25,0.25,0.25 -c 4 -a e -o tlr -s BEST
 -i /path/data.phy -d nt -n 1 -b 0 --r_seed 12345 --run_id 012334+I+F --no_memory_check -m 012334 -f m -v e -c 1 -o tlr -s BEST
 -i /path/data.phy -d nt -n 1 -b 0 --r_seed 12345 --run_id 012334+I --no_memory_check -m 012334 -f 0.25,0.25,0.25,0.25 -v e -c 1 -o tlr -s BEST
 -i /path/data.phy -d nt -n 1 -b 0 --r_seed 12345 --run_id 012334+F --no_memory_check -m 012334 -f m -c 1 -o tlr -s BEST
 -i /path/data.phy -d nt -n 1 -b 0 --r_seed 12345 --run_id 012334 --no_memory_check -m 012334 -f 0.25,0.25,0.25,0.25 -c 1 -o tlr -s BEST
 -i /path/data.phy -d nt -n 1 -b 0 --r_seed 12345 --run_id 012340+I+G+F --no_memory_check -m 012340 -f m -v e -c 4 -a e -o tlr -s BEST
 -i /path/data.phy -d nt -n 1 -b 0 --r_seed 12345 --run_id 012340+I+G --no_memory_check -m 012340 -f 0.25,0.25,0.25,0.25 -v e -c 4 -a e -o tlr -s BEST
 -i /path/data.phy -d nt -n 1 -b 0 --r_seed 12345 --run_id 012340+G+F --no_memory_check -m 012340 -f m -c 4 -a e -o tlr -s BEST
 -i /path/data.phy -d nt -n 1 -b 0 --r_seed 12345 --run_id 012340+G --no_memory_check -m 012340 -f 0.25,0.25,0.25,0.25 -c 4 -a e -o tlr -s BEST
 -i /path/data.phy -d nt -n 1 -b 0 --r_seed 12345 --run_id 012340+I+F --no_memory_check -m 012340 -f m -v e -c 1 -o tlr -s BEST
 -i /path/data.phy -d nt -n 1 -b 0 --r_seed 12345 --run_id 012340+I --no_memory_check -m 012340 -f 0.25,0.25,0.25,0.25 -v e -c 1 -o tlr -s BEST
 -i /path/data.phy -d nt -n 1 -b 0 --r_seed 12345 --run_id 012340+F --no_memory_check -m 012340 -f m -c 1 -o tlr -s BEST
 -i /path/data.phy -d nt -n 1 -b 0 --r_seed 12345 --run_id 012340 --no_memory_check -m 012340 -f 0.25,0.25,0.25,0.25 -c 1 -o tlr -s BEST
 -i /path/data.phy -d nt -n 1 -b 0 --r_seed 12345 --run_id 012341+I+G+F --no_memory_check -m 012341 -f m -v e -c 4 -a e -o tlr -s BEST
 -i /path/data.phy -d nt -n 1 -b 0 --r_seed 12345 --run_id 012341+I+G --no_memory_check -m 012341 -f 0.25,0.25,0.25,0.25 -v e -c 4 -a e -o tlr -s BEST
 -i /path/data.phy -d nt -n 1 -b 0 --r_seed 12345 --run_id 012341+G+F --no_memory_check -m 012341 -f m -c 4 -a e -o tlr -s BEST
 -i /path/data.phy -d nt -n 1 -b 0 --r_seed 12345 --run_id 012341+G --no_memory_check -m 012341 -f 0.25,0.25,0.25,0.25 -c 4 -a e -o tlr -s BEST
 -i /path/data.phy -d nt -n 1 -b 0 --r_seed 12345 --run_id 012341+I+F --no_memory_check -m 012341 -f m -v e -c 1 -o tlr -s BEST
 -i /path/data.phy -d nt -n 1 -b 0 --r_seed 12345 --run_id 012341+I --no_memory_check -m 012341 -f 0.25,0.25,0.25,0.25 -v e -c 1 -o tlr -s BEST
 -i /path/data.phy -d nt -n 1 -b 0 --r_seed 12345 --run_id 012341+F --no_memory_check -m 012341 -f m -c 1 -o tlr -s BEST
 -i /path/data.phy -d nt -n 1 -b 0 --r_seed 12345 --run_id 012341 --no_memory_check -m 012341 -f 0.25,0.25,0.25,0.25 -c 1 -o tlr -s BEST
 -i /path/data.phy -d nt -n 1 -b 0 --r_seed 12345 --run_id 012342+I+G+F --no_memory_check -m 012342 -f m -v e -c 4 -a e -o tlr -s BEST
 -i /path/data.phy -d nt -n 1 -b 0 --r_seed 12345 --run_id 012342+I+G --no_memory_check -m 012342 -f 0.25,0.25,0.25,0.25 -v e -c 4 -a e -o tlr -s BEST
 -i /path/data.phy -d nt -n 1 -b 0 --r_seed 12345 --run_id 012342+G+F --no_memory_check -m 012342 -f m -c 4 -a e -o tlr -s BEST
 -i /path/data.phy -d nt -n 1 -b 0 --r_seed 12345 --run_id 012342+G --no_memory_check -m 012342 -f 0.25,0.25,0.25,0.25 -c 4 -a e -o tlr -s BEST
 -i /path/data.phy -d nt -n 1 -b 0 --r_seed 12345 --run_id 012342+I+F --no_memory_check -m 012342 -f m -v e -c 1 -o tlr -s BEST
 -i /path/data.phy -d nt -n 1 -b 0 --r_seed 12345 --run_id 012342+I --no_memory_check -m 012342 -f 0.25,0.25,0.25,0.25 -v e -c 1 -o tlr -s BEST
 -i /path/data.phy -d nt -n 1 -b 0 --r_seed 12345 --run_id 012342+F --no_memory_check -m 012342 -f m -c 1 -o tlr -s BEST
 -i /path/data.phy -d nt -n 1 -b 0 --r_seed 12345 --run_id 012342 --no_memory_check -m 012342 -f 0.25,0.25,0.25,0.25 -c 1 -o tlr -s BEST
 -i /path/data.phy -d nt -n 1 -b 0 --r_seed 12345 --run_id 012343+I+G+F --no_memory_check -m 012343 -f m -v e -c 4 -a e -o tlr -s BEST
 -i /path/data.phy -d nt -n 1 -b 0 --r_seed 12345 --run_id 012343+I+G --no_memory_check -m 012343 -f 0.25,0.25,0.25,0.25 -v e -c 4 -a e -o tlr -s BEST
 -i /path/data.phy -d nt -n 1 -b 0 --r_seed 12345 --run_id 012343+G+F --no_memory_check -m 012343 -f m -c 4 -a e -o tlr -s BEST
 -i /path/data.phy -d nt -n 1 -b 0 --r_seed 12345 --run_id 012343+G --no_memory_check -m 012343 -f 0.25,0.25,0.25,0.25 -c 4 -a e -o tlr -s BEST
 -i /path/data.phy -d nt -n 1 -b 0 --r_seed 12345 --run_id 012343+I+F --no_memory_check -m 012343 -f m -v e -c 1 -o tlr -s BEST
 -i /path/data.phy -d nt -n 1 -b 0 --r_seed 12345 --run_id 012343+I --no_memory_check -m 012343 -f 0.25,0.25,0.25,0.25 -v e -c 1 -o tlr -s BEST
 -i /path/data.phy -d nt -n 1 -b 0 --r_seed 12345 --run_id 012343+F --no_memory_check -m 012343 -f m -c 1 -o tlr -s BEST
 -i /path/data.phy -d nt -n 1 -b 0 --r_seed 12345 --run_id 012343 --no_memory_check -m 012343 -f 0.25,0.25,0.25,0.25 -c 1 -o tlr -s BEST
 -i /path/data.phy -d nt -n 1 -b 0 --r_seed 12345 --run_id 012344+I+G+F --no_memory_check -m 012344 -f m -v e -c 4 -a e -o tlr -s BEST
 -i /path/data.phy -d nt -n 1 -b 0 --r_seed 12345 --run_id 012344+I+G --no_memory_check -m 012344 -f 0.25,0.25,0.25,0.25 -v e -c 4 -a e -o tlr -s BEST
 -i /path/data.phy -d nt -n 1 -b 0 --r_seed 12345 --run_id 012344+G+F --no_memory_check -m 012344 -f m -c 4 -a e -o tlr -s BEST
 -i /path/data.phy -d nt -n 1 -b 0 --r_seed 12345 --run_id 012344+G --no_memory_check -m 012344 -f 0.25,0.25,0.25,0.25 -c 4 -a e -o tlr -s BEST
 -i /path/data.phy -d nt -n 1 -b 0 --r_seed 12345 --run_id 012344+I+F --no_memory_check -m 012344 -f m -v e -c 1 -o tlr -s BEST
 -i /path/data.phy -d nt -n 1 -b 0 --r_seed 12345 --run_id 012344+I --no_memory_check -m 012344 -f 0.25,0.25,0.25,0.25 -v e -c 1 -o tlr -s BEST
 -i /path/data.phy -d nt -n 1 -b 0 --r_seed 12345 --run_id 012344+F --no_memory_check -m 012344 -f m -c 1 -o tlr -s BEST
 -i /path/data.phy -d nt -n 1 -b 0 --r_seed 12345 --run_id 012344 --no_memory_check -m 012344 -f 0.25,0.25,0.25,0.25 -c 1 -o tlr -s BEST
 -i /path/data.phy -d nt -n 1 -b 0 --r_seed 12345 --run_id 001230+I+G --no_memory_check -m 001230 -f 0.25,0.25,0.25,0.25 -v e -c 4 -a e -o tlr -s BEST
 -i /path/data.phy -d nt -n 1 -b 0 --r_seed 12345 --run_id 001230+I+G+F --no_memory_check -m 001230 -f m -v e -c 4 -a e -o tlr -s BEST
 -i /path/data.phy -d nt -n 1 -b 0 --r_seed 12345 --run_id 001230+G+F --no_memory_check -m 001230 -f m -c 4 -a e -o tlr -s BEST
 -i /path/data.phy -d nt -n 1 -b 0 --r_seed 12345 --run_id 001230+G --no_memory_check -m 001230 -f 0.25,0.25,0.25,0.25 -c 4 -a e -o tlr -s BEST
 -i /path/data.phy -d nt -n 1 -b 0 --r_seed 12345 --run_id 001230+I+F --no_memory_check -m 001230 -f m -v e -c 1 -o tlr -s BEST
 -i /path/data.phy -d nt -n 1 -b 0 --r_seed 12345 --run_id 001230+I --no_memory_check -m 001230 -f 0.25,0.25,0.25,0.25 -v e -c 1 -o tlr -s BEST
 -i /path/data.phy -d nt -n 1 -b 0 --r_seed 12345 --run_id 001230 --no_memory_check -m 001230 -f 0.25,0.25,0.25,0.25 -c 1 -o tlr -s BEST
 -i /path/data.phy -d nt -n 1 -b 0 --r_seed 12345 --run_id 001230+F --no_memory_check -m 001230 -f m -c 1 -o tlr -s BEST
 -i /path/data.phy -d nt -n 1 -b 0 --r_seed 12345 --run_id 010230+I+G+F --no_memory_check -m 010230 -f m -v e -c 4 -a e -o tlr -s BEST
 -i /path/data.phy -d nt -n 1 -b 0 --r_seed 12345 --run_id 010230+I+G --no_memory_check -m 010230 -f 0.25,0.25,0.25,0.25 -v e -c 4 -a e -o tlr -s BEST
 -i /path/data.phy -d nt -n 1 -b 0 --r_seed 12345 --run_id 010230+G+F --no_memory_check -m 010230 -f m -c 4 -a e -o tlr -s BEST
 -i /path/data.phy -d nt -n 1 -b 0 --r_seed 12345 --run_id 010230+G --no_memory_check -m 010230 -f 0.25,0.25,0.25,0.25 -c 4 -a e -o tlr -s BEST
 -i /path/data.phy -d nt -n 1 -b 0 --r_seed 12345 --run_id 010230+I+F --no_memory_check -m 010230 -f m -v e -c 1 -o tlr -s BEST
 -i /path/data.phy -d nt -n 1 -b 0 --r_seed 12345 --run_id 010230+I --no_memory_check -m 010230 -f 0.25,0.25,0.25,0.25 -v e -c 1 -o tlr -s BEST
 -i /path/data.phy -d nt -n 1 -b 0 --r_seed 12345 --run_id 010230+F --no_memory_check -m 010230 -f m -c 1 -o tlr -s BEST
 -i /path/data.phy -d nt -n 1 -b 0 --r_seed 12345 --run_id 010230 --no_memory_check -m 010230 -f 0.25,0.25,0.25,0.25 -c 1 -o tlr -s BEST
 -i /path/data.phy -d nt -n 1 -b 0 --r_seed 12345 --run_id 011230+I+G+F --no_memory_check -m 011230 -f m -v e -c 4 -a e -o tlr -s BEST
 -i /path/data.phy -d nt -n 1 -b 0 --r_seed 12345 --run_id 011230+I+G --no_memory_check -m 011230 -f 0.25,0.25,0.25,0.25 -v e -c 4 -a e -o tlr -s BEST
 -i /path/data.phy -d nt -n 1 -b 0 --r_seed 12345 --run_id 011230+G+F --no_memory_check -m 011230 -f m -c 4 -a e -o tlr -s BEST
 -i /path/data.phy -d nt -n 1 -b 0 --r_seed 12345 --run_id 011230+G --no_memory_check -m 011230 -f 0.25,0.25,0.25,0.25 -c 4 -a e -o tlr -s BEST
 -i /path/data.phy -d nt -n 1 -b 0 --r_seed 12345 --run_id 011230+I+F --no_memory_check -m 011230 -f m -v e -c 1 -o tlr -s BEST
 -i /path/data.phy -d nt -n 1 -b 0 --r_seed 12345 --run_id 011230+I --no_memory_check -m 011230 -f 0.25,0.25,0.25,0.25 -v e -c 1 -o tlr -s BEST
 -i /path/data.phy -d nt -n 1 -b 0 --r_seed 12345 --run_id 011230+F --no_memory_check -m 011230 -f m -c 1 -o tlr -s BEST
 -i /path/data.phy -d nt -n 1 -b 0 --r_seed 12345 --run_id 011230 --no_memory_check -m 011230 -f 0.25,0.25,0.25,0.25 -c 1 -o tlr -s BEST
 -i /path/data.phy -d nt -n 1 -b 0 --r_seed 12345 --run_id 012030+I+G+F --no_memory_check -m 012030 -f m -v e -c 4 -a e -o tlr -s BEST
 -i /path/data.phy -d nt -n 1 -b 0 --r_seed 12345 --run_id 012030+I+G --no_memory_check -m 012030 -f 0.25,0.25,0.25,0.25 -v e -c 4 -a e -o tlr -s BEST
 -i /path/data.phy -d nt -n 1 -b 0 --r_seed 12345 --run_id 012030+G+F --no_memory_check -m 012030 -f m -c 4 -a e -o tlr -s BEST
 -i /path/data.phy -d nt -n 1 -b 0 --r_seed 12345 --run_id 012030+G --no_memory_check -m 012030 -f 0.25,0.25,0.25,0.25 -c 4 -a e -o tlr -s BEST
 -i /path/data.phy -d nt -n 1 -b 0 --r_seed 12345 --run_id 012030+I+F --no_memory_check -m 012030 -f m -v e -c 1 -o tlr -s BEST
 -i /path/data.phy -d nt -n 1 -b 0 --r_seed 12345 --run_id 012030+I --no_memory_check -m 012030 -f 0.25,0.25,0.25,0.25 -v e -c 1 -o tlr -s BEST
 -i /path/data.phy -d nt -n 1 -b 0 --r_seed 12345 --run_id 012030+F --no_memory_check -m 012030 -f m -c 1 -o tlr -s BEST
 -i /path/data.phy -d nt -n 1 -b 0 --r_seed 12345 --run_id 012030 --no_memory_check -m 012030 -f 0.25,0.25,0.25,0.25 -c 1 -o tlr -s BEST
 -i /path/data.phy -d nt -n 1 -b 0 --r_seed 12345 --run_id 012130+I+G+F --no_memory_check -m 012130 -f m -v e -c 4 -a e -o tlr -s BEST
 -i /path/data.phy -d nt -n 1 -b 0 --r_seed 12345 --run_id 012130+I+G --no_memory_check -m 012130 -f 0.25,0.25,0.25,0.25 -v e -c 4 -a e -o tlr -s BEST
 -i /path/data.phy -d nt -n 1 -b 0 --r_seed 12345 --run_id 012130+G+F --no_memory_check -m 012130 -f m -c 4 -a e -o tlr -s BEST
 -i /path/data.phy -d nt -n 1 -b 0 --r_seed 12345 --run_id 012130+G --no_memory_check -m 012130 -f 0.25,0.25,0.25,0.25 -c 4 -a e -o tlr -s BEST
 -i /path/data.phy -d nt -n 1 -b 0 --r_seed 12345 --run_id 012130+I+F --no_memory_check -m 012130 -f m -v e -c 1 -o tlr -s BEST
 -i /path/data.phy -d nt -n 1 -b 0 --r_seed 12345 --run_id 012130+I --no_memory_check -m 012130 -f 0.25,0.25,0.25,0.25 -v e -c 1 -o tlr -s BEST
 -i /path/data.phy -d nt -n 1 -b 0 --r_seed 12345 --run_id 012130+F --no_memory_check -m 012130 -f m -c 1 -o tlr -s BEST
 -i /path/data.phy -d nt -n 1 -b 0 --r_seed 12345 --run_id 012130 --no_memory_check -m 012130 -f 0.25,0.25,0.25,0.25 -c 1 -o tlr -s BEST
 -i /path/data.phy -d nt -n 1 -b 0 --r_seed 12345 --run_id TIM1+I+G --no_memory_check -m 012230 -f m -v e -c 4 -a e -o tlr -s BEST
 -i /path/data.phy -d nt -n 1 -b 0 --r_seed 12345 --run_id TIM1ef+I+G --no_memory_check -m 012230 -f 0.25,0.25,0.25,0.25 -v e -c 4 -a e -o tlr -s BEST
 -i /path/data.phy -d nt -n 1 -b 0 --r_seed 12345 --run_id TIM1+G --no_memory_check -m 012230 -f m -c 4 -a e -o tlr -s BEST
 -i /path/data.phy -d nt -n 1 -b 0 --r_seed 12345 --run_id TIM1ef+G --no_memory_check -m 012230 -f 0.25,0.25,0.25,0.25 -c 4 -a e -o tlr -s BEST
 -i /path/data.phy -d nt -n 1 -b 0 --r_seed 12345 --run_id TIM1+I --no_memory_check -m 012230 -f m -v e -c 1 -o tlr -s BEST
 -i /path/data.phy -d nt -n 1 -b 0 --r_seed 12345 --run_id TIM1ef+I --no_memory_check -m 012230 -f 0.25,0.25,0.25,0.25 -v e -c 1 -o tlr -s BEST
 -i /path/data.phy -d nt -n 1 -b 0 --r_seed 12345 --run_id TIM1 --no_memory_check -m 012230 -f m -c 1 -o tlr -s BEST
 -i /path/data.phy -d nt -n 1 -b 0 --r_seed 12345 --run_id TIM1ef --no_memory_check -m 012230 -f 0.25,0.25,0.25,0.25 -c 1 -o tlr -s BEST
 -i /path/data.phy -d nt -n 1 -b 0 --r_seed 12345 --run_id 012300+I+G+F --no_memory_check -m 012300 -f m -v e -c 4 -a e -o tlr -s BEST
 -i /path/data.phy -d nt -n 1 -b 0 --r_seed 12345 --run_id 012300+I+G --no_memory_check -m 012300 -f 0.25,0.25,0.25,0.25 -v e -c 4 -a e -o tlr -s BEST
 -i /path/data.phy -d nt -n 1 -b 0 --r_seed 12345 --run_id 012300+G+F --no_memory_check -m 012300 -f m -c 4 -a e -o tlr -s BEST
 -i /path/data.phy -d nt -n 1 -b 0 --r_seed 12345 --run_id 012300+G --no_memory_check -m 012300 -f 0.25,0.25,0.25,0.25 -c 4 -a e -o tlr -s BEST
 -i /path/data.phy -d nt -n 1 -b 0 --r_seed 12345 --run_id 012300+I+F --no_memory_check -m 012300 -f m -v e -c 1 -o tlr -s BEST
 -i /path/data.phy -d nt -n 1 -b 0 --r_seed 12345 --run_id 012300+I --no_memory_check -m 012300 -f 0.25,0.25,0.25,0.25 -v e -c 1 -o tlr -s BEST
 -i /path/data.phy -d nt -n 1 -b 0 --r_seed 12345 --run_id 012300+F --no_memory_check -m 012300 -f m -c 1 -o tlr -s BEST
 -i /path/data.phy -d nt -n 1 -b 0 --r_seed 12345 --run_id 012300 --no_memory_check -m 012300 -f 0.25,0.25,0.25,0.25 -c 1 -o tlr -s BEST
 -i /path/data.phy -d nt -n 1 -b 0 --r_seed 12345 --run_id 012310+I+G+F --no_memory_check -m 012310 -f m -v e -c 4 -a e -o tlr -s BEST
 -i /path/data.phy -d nt -n 1 -b 0 --r_seed 12345 --run_id 012310+I+G --no_memory_check -m 012310 -f 0.25,0.25,0.25,0.25 -v e -c 4 -a e -o tlr -s BEST
 -i /path/data.phy -d nt -n 1 -b 0 --r_seed 12345 --run_id 012310+G+F --no_memory_check -m 012310 -f m -c 4 -a e -o tlr -s BEST
 -i /path/data.phy -d nt -n 1 -b 0 --r_seed 12345 --run_id 012310+G --no_memory_check -m 012310 -f 0.25,0.25,0.25,0.25 -c 4 -a e -o tlr -s BEST
 -i /path/data.phy -d nt -n 1 -b 0 --r_seed 12345 --run_id 012310+I+F --no_memory_check -m 012310 -f m -v e -c 1 -o tlr -s BEST
 -i /path/data.phy -d nt -n 1 -b 0 --r_seed 12345 --run_id 012310+I --no_memory_check -m 012310 -f 0.25,0.25,0.25,0.25 -v e -c 1 -o tlr -s BEST
 -i /path/data.phy -d nt -n 1 -b 0 --r_seed 12345 --run_id 012310+F --no_memory_check -m 012310 -f m -c 1 -o tlr -s BEST
 -i /path/data.phy -d nt -n 1 -b 0 --r_seed 12345 --run_id 012310 --no_memory_check -m 012310 -f 0.25,0.25,0.25,0.25 -c 1 -o tlr -s BEST
 -i /path/data.phy -d nt -n 1 -b 0 --r_seed 12345 --run_id 012320+I+G+F --no_memory_check -m 012320 -f m -v e -c 4 -a e -o tlr -s BEST
 -i /path/data.phy -d nt -n 1 -b 0 --r_seed 12345 --run_id 012320+I+G --no_memory_check -m 012320 -f 0.25,0.25,0.25,0.25 -v e -c 4 -a e -o tlr -s BEST
 -i /path/data.phy -d nt -n 1 -b 0 --r_seed 12345 --run_id 012320+G+F --no_memory_check -m 012320 -f m -c 4 -a e -o tlr -s BEST
 -i /path/data.phy -d nt -n 1 -b 0 --r_seed 12345 --run_id 012320+G --no_memory_check -m 012320 -f 0.25,0.25,0.25,0.25 -c 4 -a e -o tlr -s BEST
 -i /path/data.phy -d nt -n 1 -b 0 --r_seed 12345 --run_id 012320+I+F --no_memory_check -m 012320 -f m -v e -c 1 -o tlr -s BEST
 -i /path/data.phy -d nt -n 1 -b 0 --r_seed 12345 --run_id 012320+I --no_memory_check -m 012320 -f 0.25,0.25,0.25,0.25 -v e -c 1 -o tlr -s BEST
 -i /path/data.phy -d nt -n 1 -b 0 --r_seed 12345 --run_id 012320+F --no_memory_check -m 012320 -f m -c 1 -o tlr -s BEST
 -i /path/data.phy -d nt -n 1 -b 0 --r_seed 12345 --run_id 012320 --no_memory_check -m 012320 -f 0.25,0.25,0.25,0.25 -c 1 -o tlr -s BEST
 -i /path/data.phy -d nt -n 1 -b 0 --r_seed 12345 --run_id 012330+I+G+F --no_memory_check -m 012330 -f m -v e -c 4 -a e -o tlr -s BEST
 -i /path/data.phy -d nt -n 1 -b 0 --r_seed 12345 --run_id 012330+I+G --no_memory_check -m 012330 -f 0.25,0.25,0.25,0.25 -v e -c 4 -a e -o tlr -s BEST
 -i /path/data.phy -d nt -n 1 -b 0 --r_seed 12345 --run_id 012330+G+F --no_memory_check -m 012330 -f m -c 4 -a e -o tlr -s BEST
 -i /path/data.phy -d nt -n 1 -b 0 --r_seed 12345 --run_id 012330+G --no_memory_check -m 012330 -f 0.25,0.25,0.25,0.25 -c 4 -a e -o tlr -s BEST
 -i /path/data.phy -d nt -n 1 -b 0 --r_seed 12345 --run_id 012330+I+F --no_memory_check -m 012330 -f m -v e -c 1 -o tlr -s BEST
 -i /path/data.phy -d nt -n 1 -b 0 --r_seed 12345 --run_id 012330+I --no_memory_check -m 012330 -f 0.25,0.25,0.25,0.25 -v e -c 1 -o tlr -s BEST
 -i /path/data.phy -d nt -n 1 -b 0 --r_seed 12345 --run_id 012330+F --no_memory_check -m 012330 -f m -c 1 -o tlr -s BEST
 -i /path/data.phy -d nt -n 1 -b 0 --r_seed 12345 --run_id 012330 --no_memory_check -m 012330 -f 0.25,0.25,0.25,0.25 -c 1 -o tlr -s BEST
 -i /path/data.phy -d nt -n 1 -b 0 --r_seed 12345 --run_id 001200+I+G+F --no_memory_check -m 001200 -f m -v e -c 4 -a e -o tlr -s BEST
 -i /path/data.phy -d nt -n 1 -b 0 --r_seed 12345 --run_id 001200+I+G --no_memory_check -m 001200 -f 0.25,0.25,0.25,0.25 -v e -c 4 -a e -o tlr -s BEST
 -i /path/data.phy -d nt -n 1 -b 0 --r_seed 12345 --run_id 001200+G+F --no_memory_check -m 001200 -f m -c 4 -a e -o tlr -s BEST
 -i /path/data.phy -d nt -n 1 -b 0 --r_seed 12345 --run_id 001200+G --no_memory_check -m 001200 -f 0.25,0.25,0.25,0.25 -c 4 -a e -o tlr -s BEST
 -i /path/data.phy -d nt -n 1 -b 0 --r_seed 12345 --run_id 001200+I+F --no_memory_check -m 001200 -f m -v e -c 1 -o tlr -s BEST
 -i /path/data.phy -d nt -n 1 -b 0 --r_seed 12345 --run_id 001200+I --no_memory_check -m 001200 -f 0.25,0.25,0.25,0.25 -v e -c 1 -o tlr -s BEST
 -i /path/data.phy -d nt -n 1 -b 0 --r_seed 12345 --run_id 001200+F --no_memory_check -m 001200 -f m -c 1 -o tlr -s BEST
 -i /path/data.phy -d nt -n 1 -b 0 --r_seed 12345 --run_id 001200 --no_memory_check -m 001200 -f 0.25,0.25,0.25,0.25 -c 1 -o tlr -s BEST
 -i /path/data.phy -d nt -n 1 -b 0 --r_seed 12345 --run_id 010200+I+G+F --no_memory_check -m 010200 -f m -v e -c 4 -a e -o tlr -s BEST
 -i /path/data.phy -d nt -n 1 -b 0 --r_seed 12345 --run_id 010200+I+G --no_memory_check -m 010200 -f 0.25,0.25,0.25,0.25 -v e -c 4 -a e -o tlr -s BEST
 -i /path/data.phy -d nt -n 1 -b 0 --r_seed 12345 --run_id 010200+G+F --no_memory_check -m 010200 -f m -c 4 -a e -o tlr -s BEST
 -i /path/data.phy -d nt -n 1 -b 0 --r_seed 12345 --run_id 010200+G --no_memory_check -m 010200 -f 0.25,0.25,0.25,0.25 -c 4 -a e -o tlr -s BEST
 -i /path/data.phy -d nt -n 1 -b 0 --r_seed 12345 --run_id 010200+I+F --no_memory_check -m 010200 -f m -v e -c 1 -o tlr -s BEST
 -i /path/data.phy -d nt -n 1 -b 0 --r_seed 12345 --run_id 010200+I --no_memory_check -m 010200 -f 0.25,0.25,0.25,0.25 -v e -c 1 -o tlr -s BEST
 -i /path/data.phy -d nt -n 1 -b 0 --r_seed 12345 --run_id 010200+F --no_memory_check -m 010200 -f m -c 1 -o tlr -s BEST
 -i /path/data.phy -d nt -n 1 -b 0 --r_seed 12345 --run_id 010200 --no_memory_check -m 010200 -f 0.25,0.25,0.25,0.25 -c 1 -o tlr -s BEST
 -i /path/data.phy -d nt -n 1 -b 0 --r_seed 12345 --run_id 011200+I+G+F --no_memory_check -m 011200 -f m -v e -c 4 -a e -o tlr -s BEST
 -i /path/data.phy -d nt -n 1 -b 0 --r_seed 12345 --run_id 011200+I+G --no_memory_check -m 011200 -f 0.25,0.25,0.25,0.25 -v e -c 4 -a e -o tlr -s BEST
 -i /path/data.phy -d nt -n 1 -b 0 --r_seed 12345 --run_id 011200+G+F --no_memory_check -m 011200 -f m -c 4 -a e -o tlr -s BEST
 -i /path/data.phy -d nt -n 1 -b 0 --r_seed 12345 --run_id 011200+G --no_memory_check -m 011200 -f 0.25,0.25,0.25,0.25 -c 4 -a e -o tlr -s BEST
 -i /path/data.phy -d nt -n 1 -b 0 --r_seed 12345 --run_id 011200+I+F --no_memory_check -m 011200 -f m -v e -c 1 -o tlr -s BEST
 -i /path/data.phy -d nt -n 1 -b 0 --r_seed 12345 --run_id 011200+I --no_memory_check -m 011200 -f 0.25,0.25,0.25,0.25 -v e -c 1 -o tlr -s BEST
 -i /path/data.phy -d nt -n 1 -b 0 --r_seed 12345 --run_id 011200+F --no_memory_check -m 011200 -f m -c 1 -o tlr -s BEST
 -i /path/data.phy -d nt -n 1 -b 0 --r_seed 12345 --run_id 011200 --no_memory_check -m 011200 -f 0.25,0.25,0.25,0.25 -c 1 -o tlr -s BEST
 -i /path/data.phy -d nt -n 1 -b 0 --r_seed 12345 --run_id 012000+I+G+F --no_memory_check -m 012000 -f m -v e -c 4 -a e -o tlr -s BEST
 -i /path/data.phy -d nt -n 1 -b 0 --r_seed 12345 --run_id 012000+I+G --no_memory_check -m 012000 -f 0.25,0.25,0.25,0.25 -v e -c 4 -a e -o tlr -s BEST
 -i /path/data.phy -d nt -n 1 -b 0 --r_seed 12345 --run_id 012000+G+F --no_memory_check -m 012000 -f m -c 4 -a e -o tlr -s BEST
 -i /path/data.phy -d nt -n 1 -b 0 --r_seed 12345 --run_id 012000+G --no_memory_check -m 012000 -f 0.25,0.25,0.25,0.25 -c 4 -a e -o tlr -s BEST
 -i /path/data.phy -d nt -n 1 -b 0 --r_seed 12345 --run_id 012000+I+F --no_memory_check -m 012000 -f m -v e -c 1 -o tlr -s BEST
 -i /path/data.phy -d nt -n 1 -b 0 --r_seed 12345 --run_id 012000+I --no_memory_check -m 012000 -f 0.25,0.25,0.25,0.25 -v e -c 1 -o tlr -s BEST
 -i /path/data.phy -d nt -n 1 -b 0 --r_seed 12345 --run_id 012000+F --no_memory_check -m 012000 -f m -c 1 -o tlr -s BEST
 -i /path/data.phy -d nt -n 1 -b 0 --r_seed 12345 --run_id 012000 --no_memory_check -m 012000 -f 0.25,0.25,0.25,0.25 -c 1 -o tlr -s BEST
 -i /path/data.phy -d nt -n 1 -b 0 --r_seed 12345 --run_id 012100+I+G+F --no_memory_check -m 012100 -f m -v e -c 4 -a e -o tlr -s BEST
 -i /path/data.phy -d nt -n 1 -b 0 --r_seed 12345 --run_id 012100+I+G --no_memory_check -m 012100 -f 0.25,0.25,0.25,0.25 -v e -c 4 -a e -o tlr -s BEST
 -i /path/data.phy -d nt -n 1 -b 0 --r_seed 12345 --run_id 012100+G+F --no_memory_check -m 012100 -f m -c 4 -a e -o tlr -s BEST
 -i /path/data.phy -d nt -n 1 -b 0 --r_seed 12345 --run_id 012100+G --no_memory_check -m 012100 -f 0.25,0.25,0.25,0.25 -c 4 -a e -o tlr -s BEST
 -i /path/data.phy -d nt -n 1 -b 0 --r_seed 12345 --run_id 012100+I+F --no_memory_check -m 012100 -f m -v e -c 1 -o tlr -s BEST
 -i /path/data.phy -d nt -n 1 -b 0 --r_seed 12345 --run_id 012100+I --no_memory_check -m 012100 -f 0.25,0.25,0.25,0.25 -v e -c 1 -o tlr -s BEST
 -i /path/data.phy -d nt -n 1 -b 0 --r_seed 12345 --run_id 012100+F --no_memory_check -m 012100 -f m -c 1 -o tlr -s BEST
 -i /path/data.phy -d nt -n 1 -b 0 --r_seed 12345 --run_id 012100 --no_memory_check -m 012100 -f 0.25,0.25,0.25,0.25 -c 1 -o tlr -s BEST
 -i /path/data.phy -d nt -n 1 -b 0 --r_seed 12345 --run_id 012200+I+G+F --no_memory_check -m 012200 -f m -v e -c 4 -a e -o tlr -s BEST
 -i /path/data.phy -d nt -n 1 -b 0 --r_seed 12345 --run_id 012200+I+G --no_memory_check -m 012200 -f 0.25,0.25,0.25,0.25 -v e -c 4 -a e -o tlr -s BEST
 -i /path/data.phy -d nt -n 1 -b 0 --r_seed 12345 --run_id 012200+G+F --no_memory_check -m 012200 -f m -c 4 -a e -o tlr -s BEST
 -i /path/data.phy -d nt -n 1 -b 0 --r_seed 12345 --run_id 012200+G --no_memory_check -m 012200 -f 0.25,0.25,0.25,0.25 -c 4 -a e -o tlr -s BEST
 -i /path/data.phy -d nt -n 1 -b 0 --r_seed 12345 --run_id 012200+I+F --no_memory_check -m 012200 -f m -v e -c 1 -o tlr -s BEST
 -i /path/data.phy -d nt -n 1 -b 0 --r_seed 12345 --run_id 012200+I --no_memory_check -m 012200 -f 0.25,0.25,0.25,0.25 -v e -c 1 -o tlr -s BEST
 -i /path/data.phy -d nt -n 1 -b 0 --r_seed 12345 --run_id 012200+F --no_memory_check -m 012200 -f m -c 1 -o tlr -s BEST
 -i /path/data.phy -d nt -n 1 -b 0 --r_seed 12345 --run_id 012200 --no_memory_check -m 012200 -f 0.25,0.25,0.25,0.25 -c 1 -o tlr -s BEST
 -i /path/data.phy -d nt -n 1 -b 0 --r_seed 12345 --run_id 001000+I+G+F --no_memory_check -m 001000 -f m -v e -c 4 -a e -o tlr -s BEST
 -i /path/data.phy -d nt -n 1 -b 0 --r_seed 12345 --run_id 001000+I+G --no_memory_check -m 001000 -f 0.25,0.25,0.25,0.25 -v e -c 4 -a e -o tlr -s BEST
 -i /path/data.phy -d nt -n 1 -b 0 --r_seed 12345 --run_id 001000+G+F --no_memory_check -m 001000 -f m -c 4 -a e -o tlr -s BEST
 -i /path/data.phy -d nt -n 1 -b 0 --r_seed 12345 --run_id 001000+G --no_memory_check -m 001000 -f 0.25,0.25,0.25,0.25 -c 4 -a e -o tlr -s BEST
 -i /path/data.phy -d nt -n 1 -b 0 --r_seed 12345 --run_id 001000+I+F --no_memory_check -m 001000 -f m -v e -c 1 -o tlr -s BEST
 -i /path/data.phy -d nt -n 1 -b 0 --r_seed 12345 --run_id 001000+I --no_memory_check -m 001000 -f 0.25,0.25,0.25,0.25 -v e -c 1 -o tlr -s BEST
 -i /path/data.phy -d nt -n 1 -b 0 --r_seed 12345 --run_id 001000+F --no_memory_check -m 001000 -f m -c 1 -o tlr -s BEST
 -i /path/data.phy -d nt -n 1 -b 0 --r_seed 12345 --run_id 001000 --no_memory_check -m 001000 -f 0.25,0.25,0.25,0.25 -c 1 -o tlr -s BEST
 -i /path/data.phy -d nt -n 1 -b 0 --r_seed 12345 --run_id 010000+I+G+F --no_memory_check -m 010000 -f m -v e -c 4 -a e -o tlr -s BEST
 -i /path/data.phy -d nt -n 1 -b 0 --r_seed 12345 --run_id 010000+I+G --no_memory_check -m 010000 -f 0.25,0.25,0.25,0.25 -v e -c 4 -a e -o tlr -s BEST
 -i /path/data.phy -d nt -n 1 -b 0 --r_seed 12345 --run_id 010000+G+F --no_memory_check -m 010000 -f m -c 4 -a e -o tlr -s BEST
 -i /path/data.phy -d nt -n 1 -b 0 --r_seed 12345 --run_id 010000+G --no_memory_check -m 010000 -f 0.25,0.25,0.25,0.25 -c 4 -a e -o tlr -s BEST
 -i /path/data.phy -d nt -n 1 -b 0 --r_seed 12345 --run_id 010000+I+F --no_memory_check -m 010000 -f m -v e -c 1 -o tlr -s BEST
 -i /path/data.phy -d nt -n 1 -b 0 --r_seed 12345 --run_id 010000+I --no_memory_check -m 010000 -f 0.25,0.25,0.25,0.25 -v e -c 1 -o tlr -s BEST
 -i /path/data.phy -d nt -n 1 -b 0 --r_seed 12345 --run_id 010000+F --no_memory_check -m 010000 -f m -c 1 -o tlr -s BEST
 -i /path/data.phy -d nt -n 1 -b 0 --r_seed 12345 --run_id 010000 --no_memory_check -m 010000 -f 0.25,0.25,0.25,0.25 -c 1 -o tlr -s BEST
 -i /path/data.phy -d nt -n 1 -b 0 --r_seed 12345 --run_id 011000+I+G+F --no_memory_check -m 011000 -f m -v e -c 4 -a e -o tlr -s BEST
 -i /path/data.phy -d nt -n 1 -b 0 --r_seed 12345 --run_id 011000+I+G --no_memory_check -m 011000 -f 0.25,0.25,0.25,0.25 -v e -c 4 -a e -o tlr -s BEST
 -i /path/data.phy -d nt -n 1 -b 0 --r_seed 12345 --run_id 011000+G+F --no_memory_check -m 011000 -f m -c 4 -a e -o tlr -s BEST
 -i /path/data.phy -d nt -n 1 -b 0 --r_seed 12345 --run_id 011000+G --no_memory_check -m 011000 -f 0.25,0.25,0.25,0.25 -c 4 -a e -o tlr -s BEST
 -i /path/data.phy -d nt -n 1 -b 0 --r_seed 12345 --run_id 011000+I+F --no_memory_check -m 011000 -f m -v e -c 1 -o tlr -s BEST
 -i /path/data.phy -d nt -n 1 -b 0 --r_seed 12345 --run_id 011000+I --no_memory_check -m 011000 -f 0.25,0.25,0.25,0.25 -v e -c 1 -o tlr -s BEST
 -i /path/data.phy -d nt -n 1 -b 0 --r_seed 12345 --run_id 011000+F --no_memory_check -m 011000 -f m -c 1 -o tlr -s BEST
 -i /path/data.phy -d nt -n 1 -b 0 --r_seed 12345 --run_id 011000 --no_memory_check -m 011000 -f 0.25,0.25,0.25,0.25 -c 1 -o tlr -s BEST
 -i /path/data.phy -d nt -n 1 -b 0 --r_seed 12345 --run_id F81+I+G --no_memory_check -m 000000 -f m -v e -c 4 -a e -o tlr -s BEST
 -i /path/data.phy -d nt -n 1 -b 0 --r_seed 12345 --run_id JC+I+G --no_memory_check -m 000000 -f 0.25,0.25,0.25,0.25 -v e -c 4 -a e -o tlr -s BEST
 -i /path/data.phy -d nt -n 1 -b 0 --r_seed 12345 --run_id F81+G --no_memory_check -m 000000 -f m -c 4 -a e -o tlr -s BEST
 -i /path/data.phy -d nt -n 1 -b 0 --r_seed 12345 --run_id JC+G --no_memory_check -m 000000 -f 0.25,0.25,0.25,0.25 -c 4 -a e -o tlr -s BEST
 -i /path/data.phy -d nt -n 1 -b 0 --r_seed 12345 --run_id F81+I --no_memory_check -m 000000 -f m -v e -c 1 -o tlr -s BEST
 -i /path/data.phy -d nt -n 1 -b 0 --r_seed 12345 --run_id JC+I --no_memory_check -m 000000 -f 0.25,0.25,0.25,0.25 -v e -c 1 -o tlr -s BEST
 -i /path/data.phy -d nt -n 1 -b 0 --r_seed 12345 --run_id F81 --no_memory_check -m 000000 -f m -c 1 -o tlr -s BEST
 -i /path/data.phy -d nt -n 1 -b 0 --r_seed 12345 --run_id JC --no_memory_check -m 000000 -f 0.25,0.25,0.25,0.25 -c 1 -o tlr -s BEST


$$ STAGE COMPLETE $$


