 -i /tmp/jmodeltest4919587528794958852.phy -d nt -n 1 -b 0 --r_seed 12345 --run_id F81+I+G --no_memory_check -m 000000 -f m -v e -c 4 -a e -o tlr -s BEST
 -i /tmp/jmodeltest4919587528794958852.phy -d nt -n 1 -b 0 --r_seed 12345 --run_id HKY+I+G --no_memory_check -m 010010 -f m -v e -c 4 -a e -o tlr -s BEST
 -i /tmp/jmodeltest4919587528794958852.phy -d nt -n 1 -b 0 --r_seed 12345 --run_id GTR+I+G --no_memory_check -m 012345 -f m -v e -c 4 -a e -o tlr -s BEST
 -i /tmp/jmodeltest4919587528794958852.phy -d nt -n 1 -b 0 --r_seed 12345 --run_id JC+I+G --no_memory_check -m 000000 -f 0.25,0.25,0.25,0.25 -v e -c 4 -a e -o tlr -s BEST
 -i /tmp/jmodeltest4919587528794958852.phy -d nt -n 1 -b 0 --r_seed 12345 --run_id K80+I+G --no_memory_check -m 010010 -f 0.25,0.25,0.25,0.25 -v e -c 4 -a e -o tlr -s BEST
 -i /tmp/jmodeltest4919587528794958852.phy -d nt -n 1 -b 0 --r_seed 12345 --run_id SYM+I+G --no_memory_check -m 012345 -f 0.25,0.25,0.25,0.25 -v e -c 4 -a e -o tlr -s BEST
 -i /tmp/jmodeltest4919587528794958852.phy -d nt -n 1 -b 0 --r_seed 12345 --run_id F81+G --no_memory_check -m 000000 -f m -c 4 -a e -o tlr -s BEST
 -i /tmp/jmodeltest4919587528794958852.phy -d nt -n 1 -b 0 --r_seed 12345 --run_id HKY+G --no_memory_check -m 010010 -f m -c 4 -a e -o tlr -s BEST
 -i /tmp/jmodeltest4919587528794958852.phy -d nt -n 1 -b 0 --r_seed 12345 --run_id GTR+G --no_memory_check -m 012345 -f m -c 4 -a e -o tlr -s BEST
 -i /tmp/jmodeltest4919587528794958852.phy -d nt -n 1 -b 0 --r_seed 12345 --run_id JC+G --no_memory_check -m 000000 -f 0.25,0.25,0.25,0.25 -c 4 -a e -o tlr -s BEST
 -i /tmp/jmodeltest4919587528794958852.phy -d nt -n 1 -b 0 --r_seed 12345 --run_id K80+G --no_memory_check -m 010010 -f 0.25,0.25,0.25,0.25 -c 4 -a e -o tlr -s BEST
 -i /tmp/jmodeltest4919587528794958852.phy -d nt -n 1 -b 0 --r_seed 12345 --run_id SYM+G --no_memory_check -m 012345 -f 0.25,0.25,0.25,0.25 -c 4 -a e -o tlr -s BEST
 -i /tmp/jmodeltest4919587528794958852.phy -d nt -n 1 -b 0 --r_seed 12345 --run_id F81+I --no_memory_check -m 000000 -f m -v e -c 1 -o tlr -s BEST
 -i /tmp/jmodeltest4919587528794958852.phy -d nt -n 1 -b 0 --r_seed 12345 --run_id HKY+I --no_memory_check -m 010010 -f m -v e -c 1 -o tlr -s BEST
 -i /tmp/jmodeltest4919587528794958852.phy -d nt -n 1 -b 0 --r_seed 12345 --run_id GTR+I --no_memory_check -m 012345 -f m -v e -c 1 -o tlr -s BEST
 -i /tmp/jmodeltest4919587528794958852.phy -d nt -n 1 -b 0 --r_seed 12345 --run_id JC+I --no_memory_check -m 000000 -f 0.25,0.25,0.25,0.25 -v e -c 1 -o tlr -s BEST
 -i /tmp/jmodeltest4919587528794958852.phy -d nt -n 1 -b 0 --r_seed 12345 --run_id K80+I --no_memory_check -m 010010 -f 0.25,0.25,0.25,0.25 -v e -c 1 -o tlr -s BEST
 -i /tmp/jmodeltest4919587528794958852.phy -d nt -n 1 -b 0 --r_seed 12345 --run_id SYM+I --no_memory_check -m 012345 -f 0.25,0.25,0.25,0.25 -v e -c 1 -o tlr -s BEST
 -i /tmp/jmodeltest4919587528794958852.phy -d nt -n 1 -b 0 --r_seed 12345 --run_id F81 --no_memory_check -m 000000 -f m -c 1 -o tlr -s BEST
 -i /tmp/jmodeltest4919587528794958852.phy -d nt -n 1 -b 0 --r_seed 12345 --run_id HKY --no_memory_check -m 010010 -f m -c 1 -o tlr -s BEST
 -i /tmp/jmodeltest4919587528794958852.phy -d nt -n 1 -b 0 --r_seed 12345 --run_id GTR --no_memory_check -m 012345 -f m -c 1 -o tlr -s BEST
 -i /tmp/jmodeltest4919587528794958852.phy -d nt -n 1 -b 0 --r_seed 12345 --run_id JC --no_memory_check -m 000000 -f 0.25,0.25,0.25,0.25 -c 1 -o tlr -s BEST
 -i /tmp/jmodeltest4919587528794958852.phy -d nt -n 1 -b 0 --r_seed 12345 --run_id K80 --no_memory_check -m 010010 -f 0.25,0.25,0.25,0.25 -c 1 -o tlr -s BEST
 -i /tmp/jmodeltest4919587528794958852.phy -d nt -n 1 -b 0 --r_seed 12345 --run_id SYM --no_memory_check -m 012345 -f 0.25,0.25,0.25,0.25 -c 1 -o tlr -s BEST
