 -i /path/data.phy -d nt -n 1 -b 0 --r_seed 12345 --run_id SYM+I --no_memory_check -m 012345 -f 0.25,0.25,0.25,0.25 -v e -c 1 -o tlr -s BEST
 -i /path/data.phy -d nt -n 1 -b 0 --r_seed 12345 --run_id GTR+I+G --no_memory_check -m 012345 -f m -v e -c 4 -a e -o tlr -s BEST
 -i /path/data.phy -d nt -n 1 -b 0 --r_seed 12345 --run_id SYM+G --no_memory_check -m 012345 -f 0.25,0.25,0.25,0.25 -c 4 -a e -o tlr -s BEST
 -i /path/data.phy -d nt -n 1 -b 0 --r_seed 12345 --run_id SYM --no_memory_check -m 012345 -f 0.25,0.25,0.25,0.25 -c 1 -o tlr -s BEST
 -i /path/data.phy -d nt -n 1 -b 0 --r_seed 12345 --run_id GTR --no_memory_check -m 012345 -f m -c 1 -o tlr -s BEST
 -i /path/data.phy -d nt -n 1 -b 0 --r_seed 12345 --run_id GTR+I --no_memory_check -m 012345 -f m -v e -c 1 -o tlr -s BEST
 -i /path/data.phy -d nt -n 1 -b 0 --r_seed 12345 --run_id GTR+G --no_memory_check -m 012345 -f m -c 4 -a e -o tlr -s BEST
 -i /path/data.phy -d nt -n 1 -b 0 --r_seed 12345 --run_id SYM+I+G --no_memory_check -m 012345 -f 0.25,0.25,0.25,0.25 -v e -c 4 -a e -o tlr -s BEST


$$ STAGE COMPLETE $$


 -i /path/data.phy -d nt -n 1 -b 0 --r_seed 12345 --run_id 001234+I+G --no_memory_check -m 001234 -f 0.25,0.25,0.25,0.25 -v e -c 4 -a e -o tlr -s BEST
 -i /path/data.phy -d nt -n 1 -b 0 --r_seed 12345 --run_id 001234+G+F --no_memory_check -m 001234 -f m -c 4 -a e -o tlr -s BEST
 -i /path/data.phy -d nt -n 1 -b 0 --r_seed 12345 --run_id 001234+G --no_memory_check -m 001234 -f 0.25,0.25,0.25,0.25 -c 4 -a e -o tlr -s BEST
 -i /path/data.phy -d nt -n 1 -b 0 --r_seed 12345 --run_id 001234+I+G+F --no_memory_check -m 001234 -f m -v e -c 4 -a e -o tlr -s BEST
 -i /path/data.phy -d nt -n 1 -b 0 --r_seed 12345 --run_id 001234+I+F --no_memory_check -m 001234 -f m -v e -c 1 -o tlr -s BEST
 -i /path/data.phy -d nt -n 1 -b 0 --r_seed 12345 --run_id 001234+I --no_memory_check -m 001234 -f 0.25,0.25,0.25,0.25 -v e -c 1 -o tlr -s BEST
 -i /path/data.phy -d nt -n 1 -b 0 --r_seed 12345 --run_id 001234+F --no_memory_check -m 001234 -f m -c 1 -o tlr -s BEST
 -i /path/data.phy -d nt -n 1 -b 0 --r_seed 12345 --run_id 001234 --no_memory_check -m 001234 -f 0.25,0.25,0.25,0.25 -c 1 -o tlr -s BEST
 -i /path/data.phy -d nt -n 1 -b 0 --r_seed 12345 --run_id 010234+I+G+F --no_memory_check -m 010234 -f m -v e -c 4 -a e -o tlr -s BEST
 -i /path/data.phy -d nt -n 1 -b 0 --r_seed 12345 --run_id 010234+I+G --no_memory_check -m 010234 -f 0.25,0.25,0.25,0.25 -v e -c 4 -a e -o tlr -s BEST
 -i /path/data.phy -d nt -n 1 -b 0 --r_seed 12345 --run_id 010234+G+F --no_memory_check -m 010234 -f m -c 4 -a e -o tlr -s BEST
 -i /path/data.phy -d nt -n 1 -b 0 --r_seed 12345 --run_id 010234+G --no_memory_check -m 010234 -f 0.25,0.25,0.25,0.25 -c 4 -a e -o tlr -s BEST
 -i /path/data.phy -d nt -n 1 -b 0 --r_seed 12345 --run_id 010234+I+F --no_memory_check -m 010234 -f m -v e -c 1 -o tlr -s BEST
 -i /path/data.phy -d nt -n 1 -b 0 --r_seed 12345 --run_id 010234+I --no_memory_check -m 010234 -f 0.25,0.25,0.25,0.25 -v e -c 1 -o tlr -s BEST
 -i /path/data.phy -d nt -n 1 -b 0 --r_seed 12345 --run_id 010234+F --no_memory_check -m 010234 -f m -c 1 -o tlr -s BEST
 -i /path/data.phy -d nt -n 1 -b 0 --r_seed 12345 --run_id 010234 --no_memory_check -m 010234 -f 0.25,0.25,0.25,0.25 -c 1 -o tlr -s BEST
 -i /path/data.phy -d nt -n 1 -b 0 --r_seed 12345 --run_id 011234+I+G+F --no_memory_check -m 011234 -f m -v e -c 4 -a e -o tlr -s BEST
 -i /path/data.phy -d nt -n 1 -b 0 --r_seed 12345 --run_id 011234+I+G --no_memory_check -m 011234 -f 0.25,0.25,0.25,0.25 -v e -c 4 -a e -o tlr -s BEST
 -i /path/data.phy -d nt -n 1 -b 0 --r_seed 12345 --run_id 011234+G+F --no_memory_check -m 011234 -f m -c 4 -a e -o tlr -s BEST
 -i /path/data.phy -d nt -n 1 -b 0 --r_seed 12345 --run_id 011234+G --no_memory_check -m 011234 -f 0.25,0.25,0.25,0.25 -c 4 -a e -o tlr -s BEST
 -i /path/data.phy -d nt -n 1 -b 0 --r_seed 12345 --run_id 011234+I+F --no_memory_check -m 011234 -f m -v e -c 1 -o tlr -s BEST
 -i /path/data.phy -d nt -n 1 -b 0 --r_seed 12345 --run_id 011234+I --no_memory_check -m 011234 -f 0.25,0.25,0.25,0.25 -v e -c 1 -o tlr -s BEST
 -i /path/data.phy -d nt -n 1 -b 0 --r_seed 12345 --run_id 011234+F --no_memory_check -m 011234 -f m -c 1 -o tlr -s BEST
 -i /path/data.phy -d nt -n 1 -b 0 --r_seed 12345 --run_id 011234 --no_memory_check -m 011234 -f 0.25,0.25,0.25,0.25 -c 1 -o tlr -s BEST
 -i /path/data.phy -d nt -n 1 -b 0 --r_seed 12345 --run_id 012034+I+G+F --no_memory_check -m 012034 -f m -v e -c 4 -a e -o tlr -s BEST
 -i /path/data.phy -d nt -n 1 -b 0 --r_seed 12345 --run_id 012034+I+G --no_memory_check -m 012034 -f 0.25,0.25,0.25,0.25 -v e -c 4 -a e -o tlr -s BEST
 -i /path/data.phy -d nt -n 1 -b 0 --r_seed 12345 --run_id 012034+G+F --no_memory_check -m 012034 -f m -c 4 -a e -o tlr -s BEST
 -i /path/data.phy -d nt -n 1 -b 0 --r_seed 12345 --run_id 012034+G --no_memory_check -m 012034 -f 0.25,0.25,0.25,0.25 -c 4 -a e -o tlr -s BEST
 -i /path/data.phy -d nt -n 1 -b 0 --r_seed 12345 --run_id 012034+I+F --no_memory_check -m 012034 -f m -v e -c 1 -o tlr -s BEST
 -i /path/data.phy -d nt -n 1 -b 0 --r_seed 12345 --run_id 012034+I --no_memory_check -m 012034 -f 0.25,0.25,0.25,0.25 -v e -c 1 -o tlr -s BEST
 -i /path/data.phy -d nt -n 1 -b 0 --r_seed 12345 --run_id 012034+F --no_memory_check -m 012034 -f m -c 1 -o tlr -s BEST
 -i /path/data.phy -d nt -n 1 -b 0 --r_seed 12345 --run_id 012034 --no_memory_check -m 012034 -f 0.25,0.25,0.25,0.25 -c 1 -o tlr -s BEST
 -i /path/data.phy -d nt -n 1 -b 0 --r_seed 12345 --run_id 012134+I+G+F --no_memory_check -m 012134 -f m -v e -c 4 -a e -o tlr -s BEST
 -i /path/data.phy -d nt -n 1 -b 0 --r_seed 12345 --run_id 012134+I+G --no_memory_check -m 012134 -f 0.25,0.25,0.25,0.25 -v e -c 4 -a e -o tlr -s BEST
 -i /path/data.phy -d nt -n 1 -b 0 --r_seed 12345 --run_id 012134+G+F --no_memory_check -m 012134 -f m -c 4 -a e -o tlr -s BEST
 -i /path/data.phy -d nt -n 1 -b 0 --r_seed 12345 --run_id 012134+G --no_memory_check -m 012134 -f 0.25,0.25,0.25,0.25 -c 4 -a e -o tlr -s BEST
 -i /path/data.phy -d nt -n 1 -b 0 --r_seed 12345 --run_id 012134+I+F --no_memory_check -m 012134 -f m -v e -c 1 -o tlr -s BEST
 -i /path/data.phy -d nt -n 1 -b 0 --r_seed 12345 --run_id 012134+I --no_memory_check -m 012134 -f 0.25,0.25,0.25,0.25 -v e -c 1 -o tlr -s BEST
 -i /path/data.phy -d nt -n 1 -b 0 --r_seed 12345 --run_id 012134+F --no_memory_check -m 012134 -f m -c 1 -o tlr -s BEST
 -i /path/data.phy -d nt -n 1 -b 0 --r_seed 12345 --run_id 012134 --no_memory_check -m 012134 -f 0.25,0.25,0.25,0.25 -c 1 -o tlr -s BEST
 -i /path/data.phy -d nt -n 1 -b 0 --r_seed 12345 --run_id 012234+I+G+F --no_memory_check -m 012234 -f m -v e -c 4 -a e -o tlr -s BEST
 -i /path/data.phy -d nt -n 1 -b 0 --r_seed 12345 --run_id 012234+I+G --no_memory_check -m 012234 -f 0.25,0.25,0.25,0.25 -v e -c 4 -a e -o tlr -s BEST
 -i /path/data.phy -d nt -n 1 -b 0 --r_seed 12345 --run_id 012234+G+F --no_memory_check -m 012234 -f m -c 4 -a e -o tlr -s BEST
 -i /path/data.phy -d nt -n 1 -b 0 --r_seed 12345 --run_id 012234+G --no_memory_check -m 012234 -f 0.25,0.25,0.25,0.25 -c 4 -a e -o tlr -s BEST
 -i /path/data.phy -d nt -n 1 -b 0 --r_seed 12345 --run_id 012234+I+F --no_memory_check -m 012234 -f m -v e -c 1 -o tlr -s BEST
 -i /path/data.phy -d nt -n 1 -b 0 --r_seed 12345 --run_id 012234+I --no_memory_check -m 012234 -f 0.25,0.25,0.25,0.25 -v e -c 1 -o tlr -s BEST
 -i /path/data.phy -d nt -n 1 -b 0 --r_seed 12345 --run_id 012234+F --no_memory_check -m 012234 -f m -c 1 -o tlr -s BEST
 -i /path/data.phy -d nt -n 1 -b 0 --r_seed 12345 --run_id 012234 --no_memory_check -m 012234 -f 0.25,0.25,0.25,0.25 -c 1 -o tlr -s BEST
 -i /path/data.phy -d nt -n 1 -b 0 --r_seed 12345 --run_id 012304+I+G+F --no_memory_check -m 012304 -f m -v e -c 4 -a e -o tlr -s BEST
 -i /path/data.phy -d nt -n 1 -b 0 --r_seed 12345 --run_id 012304+I+G --no_memory_check -m 012304 -f 0.25,0.25,0.25,0.25 -v e -c 4 -a e -o tlr -s BEST
 -i /path/data.phy -d nt -n 1 -b 0 --r_seed 12345 --run_id 012304+G+F --no_memory_check -m 012304 -f m -c 4 -a e -o tlr -s BEST
 -i /path/data.phy -d nt -n 1 -b 0 --r_seed 12345 --run_id 012304+G --no_memory_check -m 012304 -f 0.25,0.25,0.25,0.25 -c 4 -a e -o tlr -s BEST
 -i /path/data.phy -d nt -n 1 -b 0 --r_seed 12345 --run_id 012304+I+F --no_memory_check -m 012304 -f m -v e -c 1 -o tlr -s BEST
 -i /path/data.phy -d nt -n 1 -b 0 --r_seed 12345 --run_id 012304+I --no_memory_check -m 012304 -f 0.25,0.25,0.25,0.25 -v e -c 1 -o tlr -s BEST
 -i /path/data.phy -d nt -n 1 -b 0 --r_seed 12345 --run_id 012304+F --no_memory_check -m 012304 -f m -c 1 -o tlr -s BEST
 -i /path/data.phy -d nt -n 1 -b 0 --r_seed 12345 --run_id 012304 --no_memory_check -m 012304 -f 0.25,0.25,0.25,0.25 -c 1 -o tlr -s BEST
 -i /path/data.phy -d nt -n 1 -b 0 --r_seed 12345 --run_id TVM+I+G --no_memory_check -m 012314 -f m -v e -c 4 -a e -o tlr -s BEST
 -i /path/data.phy -d nt -n 1 -b 0 --r_seed 12345 --run_id TVMef+I+G --no_memory_check -m 012314 -f 0.25,0.25,0.25,0.25 -v e -c 4 -a e -o tlr -s BEST
 -i /path/data.phy -d nt -n 1 -b 0 --r_seed 12345 --run_id TVM+G --no_memory_check -m 012314 -f m -c 4 -a e -o tlr -s BEST
 -i /path/data.phy -d nt -n 1 -b 0 --r_seed 12345 --run_id TVMef+G --no_memory_check -m 012314 -f 0.25,0.25,0.25,0.25 -c 4 -a e -o tlr -s BEST
 -i /path/data.phy -d nt -n 1 -b 0 --r_seed 12345 --run_id TVM+I --no_memory_check -m 012314 -f m -v e -c 1 -o tlr -s BEST
 -i /path/data.phy -d nt -n 1 -b 0 --r_seed 12345 --run_id TVMef+I --no_memory_check -m 012314 -f 0.25,0.25,0.25,0.25 -v e -c 1 -o tlr -s BEST
 -i /path/data.phy -d nt -n 1 -b 0 --r_seed 12345 --run_id TVM --no_memory_check -m 012314 -f m -c 1 -o tlr -s BEST
 -i /path/data.phy -d nt -n 1 -b 0 --r_seed 12345 --run_id TVMef --no_memory_check -m 012314 -f 0.25,0.25,0.25,0.25 -c 1 -o tlr -s BEST
 -i /path/data.phy -d nt -n 1 -b 0 --r_seed 12345 --run_id 012324+I+G+F --no_memory_check -m 012324 -f m -v e -c 4 -a e -o tlr -s BEST
 -i /path/data.phy -d nt -n 1 -b 0 --r_seed 12345 --run_id 012324+I+G --no_memory_check -m 012324 -f 0.25,0.25,0.25,0.25 -v e -c 4 -a e -o tlr -s BEST
 -i /path/data.phy -d nt -n 1 -b 0 --r_seed 12345 --run_id 012324+G+F --no_memory_check -m 012324 -f m -c 4 -a e -o tlr -s BEST
 -i /path/data.phy -d nt -n 1 -b 0 --r_seed 12345 --run_id 012324+G --no_memory_check -m 012324 -f 0.25,0.25,0.25,0.25 -c 4 -a e -o tlr -s BEST
 -i /path/data.phy -d nt -n 1 -b 0 --r_seed 12345 --run_id 012324+I+F --no_memory_check -m 012324 -f m -v e -c 1 -o tlr -s BEST
 -i /path/data.phy -d nt -n 1 -b 0 --r_seed 12345 --run_id 012324+I --no_memory_check -m 012324 -f 0.25,0.25,0.25,0.25 -v e -c 1 -o tlr -s BEST
 -i /path/data.phy -d nt -n 1 -b 0 --r_seed 12345 --run_id 012324+F --no_memory_check -m 012324 -f m -c 1 -o tlr -s BEST
 -i /path/data.phy -d nt -n 1 -b 0 --r_seed 12345 --run_id 012324 --no_memory_check -m 012324 -f 0.25,0.25,0.25,0.25 -c 1 -o tlr -s BEST
 -i /path/data.phy -d nt -n 1 -b 0 --r_seed 12345 --run_id 012334+I+G+F --no_memory_check -m 012334 -f m -v e -c 4 -a e -o tlr -s BEST
 -i /path/data.phy -d nt -n 1 -b 0 --r_seed 12345 --run_id 012334+I+G --no_memory_check -m 012334 -f 0.25,0.25,0.25,0.25 -v e -c 4 -a e -o tlr -s BEST
 -i /path/data.phy -d nt -n 1 -b 0 --r_seed 12345 --run_id 012334+G+F --no_memory_check -m 012334 -f m -c 4 -a e -o tlr -s BEST
 -i /path/data.phy -d nt -n 1 -b 0 --r_seed 12345 --run_id 012334+G --no_memory_check -m 012334 -f 0.25,0.25,0.25,0.25 -c 4 -a e -o tlr -s BEST
 -i /path/data.phy -d nt -n 1 -b 0 --r_seed 12345 --run_id 012334+I+F --no_memory_check -m 012334 -f m -v e -c 1 -o tlr -s BEST
 -i /path/data.phy -d nt -n 1 -b 0 --r_seed 12345 --run_id 012334+I --no_memory_check -m 012334 -f 0.25,0.25,0.25,0.25 -v e -c 1 -o tlr -s BEST
 -i /path/data.phy -d nt -n 1 -b 0 --r_seed 12345 --run_id 012334+F --no_memory_check -m 012334 -f m -c 1 -o tlr -s BEST
 -i /path/data.phy -d nt -n 1 -b 0 --r_seed 12345 --run_id 012334 --no_memory_check -m 012334 -f 0.25,0.25,0.25,0.25 -c 1 -o tlr -s BEST
 -i /path/data.phy -d nt -n 1 -b 0 --r_seed 12345 --run_id 012340+I+G+F --no_memory_check -m 012340 -f m -v e -c 4 -a e -o tlr -s BEST
 -i /path/data.phy -d nt -n 1 -b 0 --r_seed 12345 --run_id 012340+I+G --no_memory_check -m 012340 -f 0.25,0.25,0.25,0.25 -v e -c 4 -a e -o tlr -s BEST
 -i /path/data.phy -d nt -n 1 -b 0 --r_seed 12345 --run_id 012340+G+F --no_memory_check -m 012340 -f m -c 4 -a e -o tlr -s BEST
 -i /path/data.phy -d nt -n 1 -b 0 --r_seed 12345 --run_id 012340+G --no_memory_check -m 012340 -f 0.25,0.25,0.25,0.25 -c 4 -a e -o tlr -s BEST
 -i /path/data.phy -d nt -n 1 -b 0 --r_seed 12345 --run_id 012340+I+F --no_memory_check -m 012340 -f m -v e -c 1 -o tlr -s BEST
 -i /path/data.phy -d nt -n 1 -b 0 --r_seed 12345 --run_id 012340+I --no_memory_check -m 012340 -f 0.25,0.25,0.25,0.25 -v e -c 1 -o tlr -s BEST
 -i /path/data.phy -d nt -n 1 -b 0 --r_seed 12345 --run_id 012340+F --no_memory_check -m 012340 -f m -c 1 -o tlr -s BEST
 -i /path/data.phy -d nt -n 1 -b 0 --r_seed 12345 --run_id 012340 --no_memory_check -m 012340 -f 0.25,0.25,0.25,0.25 -c 1 -o tlr -s BEST
 -i /path/data.phy -d nt -n 1 -b 0 --r_seed 12345 --run_id 012341+I+G+F --no_memory_check -m 012341 -f m -v e -c 4 -a e -o tlr -s BEST
 -i /path/data.phy -d nt -n 1 -b 0 --r_seed 12345 --run_id 012341+I+G --no_memory_check -m 012341 -f 0.25,0.25,0.25,0.25 -v e -c 4 -a e -o tlr -s BEST
 -i /path/data.phy -d nt -n 1 -b 0 --r_seed 12345 --run_id 012341+G+F --no_memory_check -m 012341 -f m -c 4 -a e -o tlr -s BEST
 -i /path/data.phy -d nt -n 1 -b 0 --r_seed 12345 --run_id 012341+G --no_memory_check -m 012341 -f 0.25,0.25,0.25,0.25 -c 4 -a e -o tlr -s BEST
 -i /path/data.phy -d nt -n 1 -b 0 --r_seed 12345 --run_id 012341+I+F --no_memory_check -m 012341 -f m -v e -c 1 -o tlr -s BEST
 -i /path/data.phy -d nt -n 1 -b 0 --r_seed 12345 --run_id 012341+I --no_memory_check -m 012341 -f 0.25,0.25,0.25,0.25 -v e -c 1 -o tlr -s BEST
 -i /path/data.phy -d nt -n 1 -b 0 --r_seed 12345 --run_id 012341+F --no_memory_check -m 012341 -f m -c 1 -o tlr -s BEST
 -i /path/data.phy -d nt -n 1 -b 0 --r_seed 12345 --run_id 012341 --no_memory_check -m 012341 -f 0.25,0.25,0.25,0.25 -c 1 -o tlr -s BEST
 -i /path/data.phy -d nt -n 1 -b 0 --r_seed 12345 --run_id 012342+I+G+F --no_memory_check -m 012342 -f m -v e -c 4 -a e -o tlr -s BEST
 -i /path/data.phy -d nt -n 1 -b 0 --r_seed 12345 --run_id 012342+I+G --no_memory_check -m 012342 -f 0.25,0.25,0.25,0.25 -v e -c 4 -a e -o tlr -s BEST
 -i /path/data.phy -d nt -n 1 -b 0 --r_seed 12345 --run_id 012342+G+F --no_memory_check -m 012342 -f m -c 4 -a e -o tlr -s BEST
 -i /path/data.phy -d nt -n 1 -b 0 --r_seed 12345 --run_id 012342+G --no_memory_check -m 012342 -f 0.25,0.25,0.25,0.25 -c 4 -a e -o tlr -s BEST
 -i /path/data.phy -d nt -n 1 -b 0 --r_seed 12345 --run_id 012342+I+F --no_memory_check -m 012342 -f m -v e -c 1 -o tlr -s BEST
 -i /path/data.phy -d nt -n 1 -b 0 --r_seed 12345 --run_id 012342+I --no_memory_check -m 012342 -f 0.25,0.25,0.25,0.25 -v e -c 1 -o tlr -s BEST
 -i /path/data.phy -d nt -n 1 -b 0 --r_seed 12345 --run_id 012342+F --no_memory_check -m 012342 -f m -c 1 -o tlr -s BEST
 -i /path/data.phy -d nt -n 1 -b 0 --r_seed 12345 --run_id 012342 --no_memory_check -m 012342 -f 0.25,0.25,0.25,0.25 -c 1 -o tlr -s BEST
 -i /path/data.phy -d nt -n 1 -b 0 --r_seed 12345 --run_id 012343+I+G+F --no_memory_check -m 012343 -f m -v e -c 4 -a e -o tlr -s BEST
 -i /path/data.phy -d nt -n 1 -b 0 --r_seed 12345 --run_id 012343+I+G --no_memory_check -m 012343 -f 0.25,0.25,0.25,0.25 -v e -c 4 -a e -o tlr -s BEST
 -i /path/data.phy -d nt -n 1 -b 0 --r_seed 12345 --run_id 012343+G+F --no_memory_check -m 012343 -f m -c 4 -a e -o tlr -s BEST
 -i /path/data.phy -d nt -n 1 -b 0 --r_seed 12345 --run_id 012343+G --no_memory_check -m 012343 -f 0.25,0.25,0.25,0.25 -c 4 -a e -o tlr -s BEST
 -i /path/data.phy -d nt -n 1 -b 0 --r_seed 12345 --run_id 012343+I+F --no_memory_check -m 012343 -f m -v e -c 1 -o tlr -s BEST
 -i /path/data.phy -d nt -n 1 -b 0 --r_seed 12345 --run_id 012343+I --no_memory_check -m 012343 -f 0.25,0.25,0.25,0.25 -v e -c 1 -o tlr -s BEST
 -i /path/data.phy -d nt -n 1 -b 0 --r_seed 12345 --run_id 012343+F --no_memory_check -m 012343 -f m -c 1 -o tlr -s BEST
 -i /path/data.phy -d nt -n 1 -b 0 --r_seed 12345 --run_id 012343 --no_memory_check -m 012343 -f 0.25,0.25,0.25,0.25 -c 1 -o tlr -s BEST
 -i /path/data.phy -d nt -n 1 -b 0 --r_seed 12345 --run_id 012344+I+G+F --no_memory_check -m 012344 -f m -v e -c 4 -a e -o tlr -s BEST
 -i /path/data.phy -d nt -n 1 -b 0 --r_seed 12345 --run_id 012344+I+G --no_memory_check -m 012344 -f 0.25,0.25,0.25,0.25 -v e -c 4 -a e -o tlr -s BEST
 -i /path/data.phy -d nt -n 1 -b 0 --r_seed 12345 --run_id 012344+G+F --no_memory_check -m 012344 -f m -c 4 -a e -o tlr -s BEST
 -i /path/data.phy -d nt -n 1 -b 0 --r_seed 12345 --run_id 012344+G --no_memory_check -m 012344 -f 0.25,0.25,0.25,0.25 -c 4 -a e -o tlr -s BEST
 -i /path/data.phy -d nt -n 1 -b 0 --r_seed 12345 --run_id 012344+I+F --no_memory_check -m 012344 -f m -v e -c 1 -o tlr -s BEST
 -i /path/data.phy -d nt -n 1 -b 0 --r_seed 12345 --run_id 012344+I --no_memory_check -m 012344 -f 0.25,0.25,0.25,0.25 -v e -c 1 -o tlr -s BEST
 -i /path/data.phy -d nt -n 1 -b 0 --r_seed 12345 --run_id 012344+F --no_memory_check -m 012344 -f m -c 1 -o tlr -s BEST
 -i /path/data.phy -d nt -n 1 -b 0 --r_seed 12345 --run_id 012344 --no_memory_check -m 012344 -f 0.25,0.25,0.25,0.25 -c 1 -o tlr -s BEST


$$ STAGE COMPLETE $$


 -i /path/data.phy -d nt -n 1 -b 0 --r_seed 12345 --run_id 001023+I+G+F --no_memory_check -m 001023 -f m -v e -c 4 -a e -o tlr -s BEST
 -i /path/data.phy -d nt -n 1 -b 0 --r_seed 12345 --run_id 001023+I+G --no_memory_check -m 001023 -f 0.25,0.25,0.25,0.25 -v e -c 4 -a e -o tlr -s BEST
 -i /path/data.phy -d nt -n 1 -b 0 --r_seed 12345 --run_id 001023+G+F --no_memory_check -m 001023 -f m -c 4 -a e -o tlr -s BEST
 -i /path/data.phy -d nt -n 1 -b 0 --r_seed 12345 --run_id 001023+I+F --no_memory_check -m 001023 -f m -v e -c 1 -o tlr -s BEST
 -i /path/data.phy -d nt -n 1 -b 0 --r_seed 12345 --run_id 001023+G --no_memory_check -m 001023 -f 0.25,0.25,0.25,0.25 -c 4 -a e -o tlr -s BEST
 -i /path/data.phy -d nt -n 1 -b 0 --r_seed 12345 --run_id 001023+I --no_memory_check -m 001023 -f 0.25,0.25,0.25,0.25 -v e -c 1 -o tlr -s BEST
 -i /path/data.phy -d nt -n 1 -b 0 --r_seed 12345 --run_id 001023+F --no_memory_check -m 001023 -f m -c 1 -o tlr -s BEST
 -i /path/data.phy -d nt -n 1 -b 0 --r_seed 12345 --run_id 001023 --no_memory_check -m 001023 -f 0.25,0.25,0.25,0.25 -c 1 -o tlr -s BEST
 -i /path/data.phy -d nt -n 1 -b 0 --r_seed 12345 --run_id 010023+I+G+F --no_memory_check -m 010023 -f m -v e -c 4 -a e -o tlr -s BEST
 -i /path/data.phy -d nt -n 1 -b 0 --r_seed 12345 --run_id 010023+I+G --no_memory_check -m 010023 -f 0.25,0.25,0.25,0.25 -v e -c 4 -a e -o tlr -s BEST
 -i /path/data.phy -d nt -n 1 -b 0 --r_seed 12345 --run_id 010023+G+F --no_memory_check -m 010023 -f m -c 4 -a e -o tlr -s BEST
 -i /path/data.phy -d nt -n 1 -b 0 --r_seed 12345 --run_id 010023+G --no_memory_check -m 010023 -f 0.25,0.25,0.25,0.25 -c 4 -a e -o tlr -s BEST
 -i /path/data.phy -d nt -n 1 -b 0 --r_seed 12345 --run_id 010023+I+F --no_memory_check -m 010023 -f m -v e -c 1 -o tlr -s BEST
 -i /path/data.phy -d nt -n 1 -b 0 --r_seed 12345 --run_id 010023+I --no_memory_check -m 010023 -f 0.25,0.25,0.25,0.25 -v e -c 1 -o tlr -s BEST
 -i /path/data.phy -d nt -n 1 -b 0 --r_seed 12345 --run_id 010023+F --no_memory_check -m 010023 -f m -c 1 -o tlr -s BEST
 -i /path/data.phy -d nt -n 1 -b 0 --r_seed 12345 --run_id 010023 --no_memory_check -m 010023 -f 0.25,0.25,0.25,0.25 -c 1 -o tlr -s BEST
 -i /path/data.phy -d nt -n 1 -b 0 --r_seed 12345 --run_id 011023+I+G+F --no_memory_check -m 011023 -f m -v e -c 4 -a e -o tlr -s BEST
 -i /path/data.phy -d nt -n 1 -b 0 --r_seed 12345 --run_id 011023+I+G --no_memory_check -m 011023 -f 0.25,0.25,0.25,0.25 -v e -c 4 -a e -o tlr -s BEST
 -i /path/data.phy -d nt -n 1 -b 0 --r_seed 12345 --run_id 011023+G+F --no_memory_check -m 011023 -f m -c 4 -a e -o tlr -s BEST
 -i /path/data.phy -d nt -n 1 -b 0 --r_seed 12345 --run_id 011023+G --no_memory_check -m 011023 -f 0.25,0.25,0.25,0.25 -c 4 -a e -o tlr -s BEST
 -i /path/data.phy -d nt -n 1 -b 0 --r_seed 12345 --run_id 011023+I+F --no_memory_check -m 011023 -f m -v e -c 1 -o tlr -s BEST
 -i /path/data.phy -d nt -n 1 -b 0 --r_seed 12345 --run_id 011023+I --no_memory_check -m 011023 -f 0.25,0.25,0.25,0.25 -v e -c 1 -o tlr -s BEST
 -i /path/data.phy -d nt -n 1 -b 0 --r_seed 12345 --run_id 011023+F --no_memory_check -m 011023 -f m -c 1 -o tlr -s BEST
 -i /path/data.phy -d nt -n 1 -b 0 --r_seed 12345 --run_id 011023 --no_memory_check -m 011023 -f 0.25,0.25,0.25,0.25 -c 1 -o tlr -s BEST
 -i /path/data.phy -d nt -n 1 -b 0 --r_seed 12345 --run_id 012003+I+G+F --no_memory_check -m 012003 -f m -v e -c 4 -a e -o tlr -s BEST
 -i /path/data.phy -d nt -n 1 -b 0 --r_seed 12345 --run_id 012003+I+G --no_memory_check -m 012003 -f 0.25,0.25,0.25,0.25 -v e -c 4 -a e -o tlr -s BEST
 -i /path/data.phy -d nt -n 1 -b 0 --r_seed 12345 --run_id 012003+G+F --no_memory_check -m 012003 -f m -c 4 -a e -o tlr -s BEST
 -i /path/data.phy -d nt -n 1 -b 0 --r_seed 12345 --run_id 012003+G --no_memory_check -m 012003 -f 0.25,0.25,0.25,0.25 -c 4 -a e -o tlr -s BEST
 -i /path/data.phy -d nt -n 1 -b 0 --r_seed 12345 --run_id 012003+I+F --no_memory_check -m 012003 -f m -v e -c 1 -o tlr -s BEST
 -i /path/data.phy -d nt -n 1 -b 0 --r_seed 12345 --run_id 012003+I --no_memory_check -m 012003 -f 0.25,0.25,0.25,0.25 -v e -c 1 -o tlr -s BEST
 -i /path/data.phy -d nt -n 1 -b 0 --r_seed 12345 --run_id 012003+F --no_memory_check -m 012003 -f m -c 1 -o tlr -s BEST
 -i /path/data.phy -d nt -n 1 -b 0 --r_seed 12345 --run_id 012003 --no_memory_check -m 012003 -f 0.25,0.25,0.25,0.25 -c 1 -o tlr -s BEST
 -i /path/data.phy -d nt -n 1 -b 0 --r_seed 12345 --run_id 012013+I+G+F --no_memory_check -m 012013 -f m -v e -c 4 -a e -o tlr -s BEST
 -i /path/data.phy -d nt -n 1 -b 0 --r_seed 12345 --run_id 012013+I+G --no_memory_check -m 012013 -f 0.25,0.25,0.25,0.25 -v e -c 4 -a e -o tlr -s BEST
 -i /path/data.phy -d nt -n 1 -b 0 --r_seed 12345 --run_id 012013+G+F --no_memory_check -m 012013 -f m -c 4 -a e -o tlr -s BEST
 -i /path/data.phy -d nt -n 1 -b 0 --r_seed 12345 --run_id 012013+G --no_memory_check -m 012013 -f 0.25,0.25,0.25,0.25 -c 4 -a e -o tlr -s BEST
 -i /path/data.phy -d nt -n 1 -b 0 --r_seed 12345 --run_id 012013+I+F --no_memory_check -m 012013 -f m -v e -c 1 -o tlr -s BEST
 -i /path/data.phy -d nt -n 1 -b 0 --r_seed 12345 --run_id 012013+I --no_memory_check -m 012013 -f 0.25,0.25,0.25,0.25 -v e -c 1 -o tlr -s BEST
 -i /path/data.phy -d nt -n 1 -b 0 --r_seed 12345 --run_id 012013+F --no_memory_check -m 012013 -f m -c 1 -o tlr -s BEST
 -i /path/data.phy -d nt -n 1 -b 0 --r_seed 12345 --run_id 012013 --no_memory_check -m 012013 -f 0.25,0.25,0.25,0.25 -c 1 -o tlr -s BEST
 -i /path/data.phy -d nt -n 1 -b 0 --r_seed 12345 --run_id 012023+I+G+F --no_memory_check -m 012023 -f m -v e -c 4 -a e -o tlr -s BEST
 -i /path/data.phy -d nt -n 1 -b 0 --r_seed 12345 --run_id 012023+I+G --no_memory_check -m 012023 -f 0.25,0.25,0.25,0.25 -v e -c 4 -a e -o tlr -s BEST
 -i /path/data.phy -d nt -n 1 -b 0 --r_seed 12345 --run_id 012023+G+F --no_memory_check -m 012023 -f m -c 4 -a e -o tlr -s BEST
 -i /path/data.phy -d nt -n 1 -b 0 --r_seed 12345 --run_id 012023+G --no_memory_check -m 012023 -f 0.25,0.25,0.25,0.25 -c 4 -a e -o tlr -s BEST
 -i /path/data.phy -d nt -n 1 -b 0 --r_seed 12345 --run_id 012023+I+F --no_memory_check -m 012023 -f m -v e -c 1 -o tlr -s BEST
 -i /path/data.phy -d nt -n 1 -b 0 --r_seed 12345 --run_id 012023+I --no_memory_check -m 012023 -f 0.25,0.25,0.25,0.25 -v e -c 1 -o tlr -s BEST
 -i /path/data.phy -d nt -n 1 -b 0 --r_seed 12345 --run_id 012023+F --no_memory_check -m 012023 -f m -c 1 -o tlr -s BEST
 -i /path/data.phy -d nt -n 1 -b 0 --r_seed 12345 --run_id 012023 --no_memory_check -m 012023 -f 0.25,0.25,0.25,0.25 -c 1 -o tlr -s BEST
 -i /path/data.phy -d nt -n 1 -b 0 --r_seed 12345 --run_id 012030+I+G+F --no_memory_check -m 012030 -f m -v e -c 4 -a e -o tlr -s BEST
 -i /path/data.phy -d nt -n 1 -b 0 --r_seed 12345 --run_id 012030+I+G --no_memory_check -m 012030 -f 0.25,0.25,0.25,0.25 -v e -c 4 -a e -o tlr -s BEST
 -i /path/data.phy -d nt -n 1 -b 0 --r_seed 12345 --run_id 012030+G+F --no_memory_check -m 012030 -f m -c 4 -a e -o tlr -s BEST
 -i /path/data.phy -d nt -n 1 -b 0 --r_seed 12345 --run_id 012030+G --no_memory_check -m 012030 -f 0.25,0.25,0.25,0.25 -c 4 -a e -o tlr -s BEST
 -i /path/data.phy -d nt -n 1 -b 0 --r_seed 12345 --run_id 012030+I+F --no_memory_check -m 012030 -f m -v e -c 1 -o tlr -s BEST
 -i /path/data.phy -d nt -n 1 -b 0 --r_seed 12345 --run_id 012030+I --no_memory_check -m 012030 -f 0.25,0.25,0.25,0.25 -v e -c 1 -o tlr -s BEST
 -i /path/data.phy -d nt -n 1 -b 0 --r_seed 12345 --run_id 012030+F --no_memory_check -m 012030 -f m -c 1 -o tlr -s BEST
 -i /path/data.phy -d nt -n 1 -b 0 --r_seed 12345 --run_id 012030 --no_memory_check -m 012030 -f 0.25,0.25,0.25,0.25 -c 1 -o tlr -s BEST
 -i /path/data.phy -d nt -n 1 -b 0 --r_seed 12345 --run_id 012031+I+G+F --no_memory_check -m 012031 -f m -v e -c 4 -a e -o tlr -s BEST
 -i /path/data.phy -d nt -n 1 -b 0 --r_seed 12345 --run_id 012031+I+G --no_memory_check -m 012031 -f 0.25,0.25,0.25,0.25 -v e -c 4 -a e -o tlr -s BEST
 -i /path/data.phy -d nt -n 1 -b 0 --r_seed 12345 --run_id 012031+G+F --no_memory_check -m 012031 -f m -c 4 -a e -o tlr -s BEST
 -i /path/data.phy -d nt -n 1 -b 0 --r_seed 12345 --run_id 012031+G --no_memory_check -m 012031 -f 0.25,0.25,0.25,0.25 -c 4 -a e -o tlr -s BEST
 -i /path/data.phy -d nt -n 1 -b 0 --r_seed 12345 --run_id 012031+I+F --no_memory_check -m 012031 -f m -v e -c 1 -o tlr -s BEST
 -i /path/data.phy -d nt -n 1 -b 0 --r_seed 12345 --run_id 012031+I --no_memory_check -m 012031 -f 0.25,0.25,0.25,0.25 -v e -c 1 -o tlr -s BEST
 -i /path/data.phy -d nt -n 1 -b 0 --r_seed 12345 --run_id 012031+F --no_memory_check -m 012031 -f m -c 1 -o tlr -s BEST
 -i /path/data.phy -d nt -n 1 -b 0 --r_seed 12345 --run_id 012031 --no_memory_check -m 012031 -f 0.25,0.25,0.25,0.25 -c 1 -o tlr -s BEST
 -i /path/data.phy -d nt -n 1 -b 0 --r_seed 12345 --run_id TIM3+I+G --no_memory_check -m 012032 -f m -v e -c 4 -a e -o tlr -s BEST
 -i /path/data.phy -d nt -n 1 -b 0 --r_seed 12345 --run_id TIM3ef+I+G --no_memory_check -m 012032 -f 0.25,0.25,0.25,0.25 -v e -c 4 -a e -o tlr -s BEST
 -i /path/data.phy -d nt -n 1 -b 0 --r_seed 12345 --run_id TIM3+G --no_memory_check -m 012032 -f m -c 4 -a e -o tlr -s BEST
 -i /path/data.phy -d nt -n 1 -b 0 --r_seed 12345 --run_id TIM3ef+G --no_memory_check -m 012032 -f 0.25,0.25,0.25,0.25 -c 4 -a e -o tlr -s BEST
 -i /path/data.phy -d nt -n 1 -b 0 --r_seed 12345 --run_id TIM3+I --no_memory_check -m 012032 -f m -v e -c 1 -o tlr -s BEST
 -i /path/data.phy -d nt -n 1 -b 0 --r_seed 12345 --run_id TIM3ef+I --no_memory_check -m 012032 -f 0.25,0.25,0.25,0.25 -v e -c 1 -o tlr -s BEST
 -i /path/data.phy -d nt -n 1 -b 0 --r_seed 12345 --run_id TIM3 --no_memory_check -m 012032 -f m -c 1 -o tlr -s BEST
 -i /path/data.phy -d nt -n 1 -b 0 --r_seed 12345 --run_id TIM3ef --no_memory_check -m 012032 -f 0.25,0.25,0.25,0.25 -c 1 -o tlr -s BEST
 -i /path/data.phy -d nt -n 1 -b 0 --r_seed 12345 --run_id 012033+I+G+F --no_memory_check -m 012033 -f m -v e -c 4 -a e -o tlr -s BEST
 -i /path/data.phy -d nt -n 1 -b 0 --r_seed 12345 --run_id 012033+I+G --no_memory_check -m 012033 -f 0.25,0.25,0.25,0.25 -v e -c 4 -a e -o tlr -s BEST
 -i /path/data.phy -d nt -n 1 -b 0 --r_seed 12345 --run_id 012033+G+F --no_memory_check -m 012033 -f m -c 4 -a e -o tlr -s BEST
 -i /path/data.phy -d nt -n 1 -b 0 --r_seed 12345 --run_id 012033+G --no_memory_check -m 012033 -f 0.25,0.25,0.25,0.25 -c 4 -a e -o tlr -s BEST
 -i /path/data.phy -d nt -n 1 -b 0 --r_seed 12345 --run_id 012033+I+F --no_memory_check -m 012033 -f m -v e -c 1 -o tlr -s BEST
 -i /path/data.phy -d nt -n 1 -b 0 --r_seed 12345 --run_id 012033+I --no_memory_check -m 012033 -f 0.25,0.25,0.25,0.25 -v e -c 1 -o tlr -s BEST
 -i /path/data.phy -d nt -n 1 -b 0 --r_seed 12345 --run_id 012033+F --no_memory_check -m 012033 -f m -c 1 -o tlr -s BEST
 -i /path/data.phy -d nt -n 1 -b 0 --r_seed 12345 --run_id 012033 --no_memory_check -m 012033 -f 0.25,0.25,0.25,0.25 -c 1 -o tlr -s BEST


$$ STAGE COMPLETE $$


 -i /path/data.phy -d nt -n 1 -b 0 --r_seed 12345 --run_id 001021+I+G+F --no_memory_check -m 001021 -f m -v e -c 4 -a e -o tlr -s BEST
 -i /path/data.phy -d nt -n 1 -b 0 --r_seed 12345 --run_id 001021+I+G --no_memory_check -m 001021 -f 0.25,0.25,0.25,0.25 -v e -c 4 -a e -o tlr -s BEST
 -i /path/data.phy -d nt -n 1 -b 0 --r_seed 12345 --run_id 001021+G+F --no_memory_check -m 001021 -f m -c 4 -a e -o tlr -s BEST
 -i /path/data.phy -d nt -n 1 -b 0 --r_seed 12345 --run_id 001021+G --no_memory_check -m 001021 -f 0.25,0.25,0.25,0.25 -c 4 -a e -o tlr -s BEST
 -i /path/data.phy -d nt -n 1 -b 0 --r_seed 12345 --run_id 001021+I+F --no_memory_check -m 001021 -f m -v e -c 1 -o tlr -s BEST
 -i /path/data.phy -d nt -n 1 -b 0 --r_seed 12345 --run_id 001021+I --no_memory_check -m 001021 -f 0.25,0.25,0.25,0.25 -v e -c 1 -o tlr -s BEST
 -i /path/data.phy -d nt -n 1 -b 0 --r_seed 12345 --run_id 001021+F --no_memory_check -m 001021 -f m -c 1 -o tlr -s BEST
 -i /path/data.phy -d nt -n 1 -b 0 --r_seed 12345 --run_id 001021 --no_memory_check -m 001021 -f 0.25,0.25,0.25,0.25 -c 1 -o tlr -s BEST
 -i /path/data.phy -d nt -n 1 -b 0 --r_seed 12345 --run_id TrN+I+G --no_memory_check -m 010020 -f m -v e -c 4 -a e -o tlr -s BEST
 -i /path/data.phy -d nt -n 1 -b 0 --r_seed 12345 --run_id TrNef+I+G --no_memory_check -m 010020 -f 0.25,0.25,0.25,0.25 -v e -c 4 -a e -o tlr -s BEST
 -i /path/data.phy -d nt -n 1 -b 0 --r_seed 12345 --run_id TrN+G --no_memory_check -m 010020 -f m -c 4 -a e -o tlr -s BEST
 -i /path/data.phy -d nt -n 1 -b 0 --r_seed 12345 --run_id TrNef+G --no_memory_check -m 010020 -f 0.25,0.25,0.25,0.25 -c 4 -a e -o tlr -s BEST
 -i /path/data.phy -d nt -n 1 -b 0 --r_seed 12345 --run_id TrN+I --no_memory_check -m 010020 -f m -v e -c 1 -o tlr -s BEST
 -i /path/data.phy -d nt -n 1 -b 0 --r_seed 12345 --run_id TrNef+I --no_memory_check -m 010020 -f 0.25,0.25,0.25,0.25 -v e -c 1 -o tlr -s BEST
 -i /path/data.phy -d nt -n 1 -b 0 --r_seed 12345 --run_id TrN --no_memory_check -m 010020 -f m -c 1 -o tlr -s BEST
 -i /path/data.phy -d nt -n 1 -b 0 --r_seed 12345 --run_id TrNef --no_memory_check -m 010020 -f 0.25,0.25,0.25,0.25 -c 1 -o tlr -s BEST
 -i /path/data.phy -d nt -n 1 -b 0 --r_seed 12345 --run_id 011021+I+G+F --no_memory_check -m 011021 -f m -v e -c 4 -a e -o tlr -s BEST
 -i /path/data.phy -d nt -n 1 -b 0 --r_seed 12345 --run_id 011021+I+G --no_memory_check -m 011021 -f 0.25,0.25,0.25,0.25 -v e -c 4 -a e -o tlr -s BEST
 -i /path/data.phy -d nt -n 1 -b 0 --r_seed 12345 --run_id 011021+G+F --no_memory_check -m 011021 -f m -c 4 -a e -o tlr -s BEST
 -i /path/data.phy -d nt -n 1 -b 0 --r_seed 12345 --run_id 011021+G --no_memory_check -m 011021 -f 0.25,0.25,0.25,0.25 -c 4 -a e -o tlr -s BEST
 -i /path/data.phy -d nt -n 1 -b 0 --r_seed 12345 --run_id 011021+I+F --no_memory_check -m 011021 -f m -v e -c 1 -o tlr -s BEST
 -i /path/data.phy -d nt -n 1 -b 0 --r_seed 12345 --run_id 011021+I --no_memory_check -m 011021 -f 0.25,0.25,0.25,0.25 -v e -c 1 -o tlr -s BEST
 -i /path/data.phy -d nt -n 1 -b 0 --r_seed 12345 --run_id 011021+F --no_memory_check -m 011021 -f m -c 1 -o tlr -s BEST
 -i /path/data.phy -d nt -n 1 -b 0 --r_seed 12345 --run_id 011021 --no_memory_check -m 011021 -f 0.25,0.25,0.25,0.25 -c 1 -o tlr -s BEST
 -i /path/data.phy -d nt -n 1 -b 0 --r_seed 12345 --run_id 012002+I+G+F --no_memory_check -m 012002 -f m -v e -c 4 -a e -o tlr -s BEST
 -i /path/data.phy -d nt -n 1 -b 0 --r_seed 12345 --run_id 012002+I+G --no_memory_check -m 012002 -f 0.25,0.25,0.25,0.25 -v e -c 4 -a e -o tlr -s BEST
 -i /path/data.phy -d nt -n 1 -b 0 --r_seed 12345 --run_id 012002+G+F --no_memory_check -m 012002 -f m -c 4 -a e -o tlr -s BEST
 -i /path/data.phy -d nt -n 1 -b 0 --r_seed 12345 --run_id 012002+G --no_memory_check -m 012002 -f 0.25,0.25,0.25,0.25 -c 4 -a e -o tlr -s BEST
 -i /path/data.phy -d nt -n 1 -b 0 --r_seed 12345 --run_id 012002+I+F --no_memory_check -m 012002 -f m -v e -c 1 -o tlr -s BEST
 -i /path/data.phy -d nt -n 1 -b 0 --r_seed 12345 --run_id 012002+I --no_memory_check -m 012002 -f 0.25,0.25,0.25,0.25 -v e -c 1 -o tlr -s BEST
 -i /path/data.phy -d nt -n 1 -b 0 --r_seed 12345 --run_id 012002+F --no_memory_check -m 012002 -f m -c 1 -o tlr -s BEST
 -i /path/data.phy -d nt -n 1 -b 0 --r_seed 12345 --run_id 012002 --no_memory_check -m 012002 -f 0.25,0.25,0.25,0.25 -c 1 -o tlr -s BEST
 -i /path/data.phy -d nt -n 1 -b 0 --r_seed 12345 --run_id TPM3uf+I+G --no_memory_check -m 012012 -f m -v e -c 4 -a e -o tlr -s BEST
 -i /path/data.phy -d nt -n 1 -b 0 --r_seed 12345 --run_id TPM3+I+G --no_memory_check -m 012012 -f 0.25,0.25,0.25,0.25 -v e -c 4 -a e -o tlr -s BEST
 -i /path/data.phy -d nt -n 1 -b 0 --r_seed 12345 --run_id TPM3uf+G --no_memory_check -m 012012 -f m -c 4 -a e -o tlr -s BEST
 -i /path/data.phy -d nt -n 1 -b 0 --r_seed 12345 --run_id TPM3+G --no_memory_check -m 012012 -f 0.25,0.25,0.25,0.25 -c 4 -a e -o tlr -s BEST
 -i /path/data.phy -d nt -n 1 -b 0 --r_seed 12345 --run_id TPM3uf+I --no_memory_check -m 012012 -f m -v e -c 1 -o tlr -s BEST
 -i /path/data.phy -d nt -n 1 -b 0 --r_seed 12345 --run_id TPM3+I --no_memory_check -m 012012 -f 0.25,0.25,0.25,0.25 -v e -c 1 -o tlr -s BEST
 -i /path/data.phy -d nt -n 1 -b 0 --r_seed 12345 --run_id TPM3uf --no_memory_check -m 012012 -f m -c 1 -o tlr -s BEST
 -i /path/data.phy -d nt -n 1 -b 0 --r_seed 12345 --run_id TPM3 --no_memory_check -m 012012 -f 0.25,0.25,0.25,0.25 -c 1 -o tlr -s BEST
 -i /path/data.phy -d nt -n 1 -b 0 --r_seed 12345 --run_id 012022+I+G+F --no_memory_check -m 012022 -f m -v e -c 4 -a e -o tlr -s BEST
 -i /path/data.phy -d nt -n 1 -b 0 --r_seed 12345 --run_id 012022+I+G --no_memory_check -m 012022 -f 0.25,0.25,0.25,0.25 -v e -c 4 -a e -o tlr -s BEST
 -i /path/data.phy -d nt -n 1 -b 0 --r_seed 12345 --run_id 012022+G+F --no_memory_check -m 012022 -f m -c 4 -a e -o tlr -s BEST
 -i /path/data.phy -d nt -n 1 -b 0 --r_seed 12345 --run_id 012022+G --no_memory_check -m 012022 -f 0.25,0.25,0.25,0.25 -c 4 -a e -o tlr -s BEST
 -i /path/data.phy -d nt -n 1 -b 0 --r_seed 12345 --run_id 012022+I+F --no_memory_check -m 012022 -f m -v e -c 1 -o tlr -s BEST
 -i /path/data.phy -d nt -n 1 -b 0 --r_seed 12345 --run_id 012022+I --no_memory_check -m 012022 -f 0.25,0.25,0.25,0.25 -v e -c 1 -o tlr -s BEST
 -i /path/data.phy -d nt -n 1 -b 0 --r_seed 12345 --run_id 012022+F --no_memory_check -m 012022 -f m -c 1 -o tlr -s BEST
 -i /path/data.phy -d nt -n 1 -b 0 --r_seed 12345 --run_id 012022 --no_memory_check -m 012022 -f 0.25,0.25,0.25,0.25 -c 1 -o tlr -s BEST


$$ STAGE COMPLETE $$


 -i /path/data.phy -d nt -n 1 -b 0 --r_seed 12345 --run_id 001001+I+G+F --no_memory_check -m 001001 -f m -v e -c 4 -a e -o tlr -s BEST
 -i /path/data.phy -d nt -n 1 -b 0 --r_seed 12345 --run_id 001001+I+G --no_memory_check -m 001001 -f 0.25,0.25,0.25,0.25 -v e -c 4 -a e -o tlr -s BEST
 -i /path/data.phy -d nt -n 1 -b 0 --r_seed 12345 --run_id 001001+G+F --no_memory_check -m 001001 -f m -c 4 -a e -o tlr -s BEST
 -i /path/data.phy -d nt -n 1 -b 0 --r_seed 12345 --run_id 001001+G --no_memory_check -m 001001 -f 0.25,0.25,0.25,0.25 -c 4 -a e -o tlr -s BEST
 -i /path/data.phy -d nt -n 1 -b 0 --r_seed 12345 --run_id 001001+I+F --no_memory_check -m 001001 -f m -v e -c 1 -o tlr -s BEST
 -i /path/data.phy -d nt -n 1 -b 0 --r_seed 12345 --run_id 001001+I --no_memory_check -m 001001 -f 0.25,0.25,0.25,0.25 -v e -c 1 -o tlr -s BEST
 -i /path/data.phy -d nt -n 1 -b 0 --r_seed 12345 --run_id 001001+F --no_memory_check -m 001001 -f m -c 1 -o tlr -s BEST
 -i /path/data.phy -d nt -n 1 -b 0 --r_seed 12345 --run_id 001001 --no_memory_check -m 001001 -f 0.25,0.25,0.25,0.25 -c 1 -o tlr -s BEST
 -i /path/data.phy -d nt -n 1 -b 0 --r_seed 12345 --run_id HKY+I+G --no_memory_check -m 010010 -f m -v e -c 4 -a e -o tlr -s BEST
 -i /path/data.phy -d nt -n 1 -b 0 --r_seed 12345 --run_id K80+I+G --no_memory_check -m 010010 -f 0.25,0.25,0.25,0.25 -v e -c 4 -a e -o tlr -s BEST
 -i /path/data.phy -d nt -n 1 -b 0 --r_seed 12345 --run_id HKY+G --no_memory_check -m 010010 -f m -c 4 -a e -o tlr -s BEST
 -i /path/data.phy -d nt -n 1 -b 0 --r_seed 12345 --run_id K80+G --no_memory_check -m 010010 -f 0.25,0.25,0.25,0.25 -c 4 -a e -o tlr -s BEST
 -i /path/data.phy -d nt -n 1 -b 0 --r_seed 12345 --run_id HKY+I --no_memory_check -m 010010 -f m -v e -c 1 -o tlr -s BEST
 -i /path/data.phy -d nt -n 1 -b 0 --r_seed 12345 --run_id K80+I --no_memory_check -m 010010 -f 0.25,0.25,0.25,0.25 -v e -c 1 -o tlr -s BEST
 -i /path/data.phy -d nt -n 1 -b 0 --r_seed 12345 --run_id HKY --no_memory_check -m 010010 -f m -c 1 -o tlr -s BEST
 -i /path/data.phy -d nt -n 1 -b 0 --r_seed 12345 --run_id K80 --no_memory_check -m 010010 -f 0.25,0.25,0.25,0.25 -c 1 -o tlr -s BEST
 -i /path/data.phy -d nt -n 1 -b 0 --r_seed 12345 --run_id 011011+I+G+F --no_memory_check -m 011011 -f m -v e -c 4 -a e -o tlr -s BEST
 -i /path/data.phy -d nt -n 1 -b 0 --r_seed 12345 --run_id 011011+I+G --no_memory_check -m 011011 -f 0.25,0.25,0.25,0.25 -v e -c 4 -a e -o tlr -s BEST
 -i /path/data.phy -d nt -n 1 -b 0 --r_seed 12345 --run_id 011011+G+F --no_memory_check -m 011011 -f m -c 4 -a e -o tlr -s BEST
 -i /path/data.phy -d nt -n 1 -b 0 --r_seed 12345 --run_id 011011+G --no_memory_check -m 011011 -f 0.25,0.25,0.25,0.25 -c 4 -a e -o tlr -s BEST
 -i /path/data.phy -d nt -n 1 -b 0 --r_seed 12345 --run_id 011011+I+F --no_memory_check -m 011011 -f m -v e -c 1 -o tlr -s BEST
 -i /path/data.phy -d nt -n 1 -b 0 --r_seed 12345 --run_id 011011+I --no_memory_check -m 011011 -f 0.25,0.25,0.25,0.25 -v e -c 1 -o tlr -s BEST
 -i /path/data.phy -d nt -n 1 -b 0 --r_seed 12345 --run_id 011011+F --no_memory_check -m 011011 -f m -c 1 -o tlr -s BEST
 -i /path/data.phy -d nt -n 1 -b 0 --r_seed 12345 --run_id 011011 --no_memory_check -m 011011 -f 0.25,0.25,0.25,0.25 -c 1 -o tlr -s BEST


$$ STAGE COMPLETE $$


 -i /path/data.phy -d nt -n 1 -b 0 --r_seed 12345 --run_id F81+I+G --no_memory_check -m 000000 -f m -v e -c 4 -a e -o tlr -s BEST
 -i /path/data.phy -d nt -n 1 -b 0 --r_seed 12345 --run_id JC+I+G --no_memory_check -m 000000 -f 0.25,0.25,0.25,0.25 -v e -c 4 -a e -o tlr -s BEST
 -i /path/data.phy -d nt -n 1 -b 0 --r_seed 12345 --run_id F81+G --no_memory_check -m 000000 -f m -c 4 -a e -o tlr -s BEST
 -i /path/data.phy -d nt -n 1 -b 0 --r_seed 12345 --run_id JC+G --no_memory_check -m 000000 -f 0.25,0.25,0.25,0.25 -c 4 -a e -o tlr -s BEST
 -i /path/data.phy -d nt -n 1 -b 0 --r_seed 12345 --run_id F81+I --no_memory_check -m 000000 -f m -v e -c 1 -o tlr -s BEST
 -i /path/data.phy -d nt -n 1 -b 0 --r_seed 12345 --run_id JC+I --no_memory_check -m 000000 -f 0.25,0.25,0.25,0.25 -v e -c 1 -o tlr -s BEST
 -i /path/data.phy -d nt -n 1 -b 0 --r_seed 12345 --run_id F81 --no_memory_check -m 000000 -f m -c 1 -o tlr -s BEST
 -i /path/data.phy -d nt -n 1 -b 0 --r_seed 12345 --run_id JC --no_memory_check -m 000000 -f 0.25,0.25,0.25,0.25 -c 1 -o tlr -s BEST


$$ STAGE COMPLETE $$


