 -i /path/data.phy -d nt -n 1 -b 0 --r_seed 12345 --run_id SYM --no_memory_check -m 012345 -f 0.25,0.25,0.25,0.25 -c 1 -o tlr -s BEST
 -i /path/data.phy -d nt -n 1 -b 0 --r_seed 12345 --run_id GTR+G --no_memory_check -m 012345 -f m -c 4 -a e -o tlr -s BEST
 -i /path/data.phy -d nt -n 1 -b 0 --r_seed 12345 --run_id GTR+I --no_memory_check -m 012345 -f m -v e -c 1 -o tlr -s BEST
 -i /path/data.phy -d nt -n 1 -b 0 --r_seed 12345 --run_id SYM+G --no_memory_check -m 012345 -f 0.25,0.25,0.25,0.25 -c 4 -a e -o tlr -s BEST
 -i /path/data.phy -d nt -n 1 -b 0 --r_seed 12345 --run_id GTR --no_memory_check -m 012345 -f m -c 1 -o tlr -s BEST
 -i /path/data.phy -d nt -n 1 -b 0 --r_seed 12345 --run_id SYM+I --no_memory_check -m 012345 -f 0.25,0.25,0.25,0.25 -v e -c 1 -o tlr -s BEST
 -i /path/data.phy -d nt -n 1 -b 0 --r_seed 12345 --run_id GTR+I+G --no_memory_check -m 012345 -f m -v e -c 4 -a e -o tlr -s BEST
 -i /path/data.phy -d nt -n 1 -b 0 --r_seed 12345 --run_id SYM+I+G --no_memory_check -m 012345 -f 0.25,0.25,0.25,0.25 -v e -c 4 -a e -o tlr -s BEST


$$ STAGE COMPLETE $$


 -i /path/data.phy -d nt -n 1 -b 0 --r_seed 12345 --run_id 001234+I+G --no_memory_check -m 001234 -f 0.25,0.25,0.25,0.25 -v e -c 4 -a e -o tlr -s BEST
 -i /path/data.phy -d nt -n 1 -b 0 --r_seed 12345 --run_id 001234+I+G+F --no_memory_check -m 001234 -f m -v e -c 4 -a e -o tlr -s BEST
 -i /path/data.phy -d nt -n 1 -b 0 --r_seed 12345 --run_id 001234+G+F --no_memory_check -m 001234 -f m -c 4 -a e -o tlr -s BEST
 -i /path/data.phy -d nt -n 1 -b 0 --r_seed 12345 --run_id 001234+G --no_memory_check -m 001234 -f 0.25,0.25,0.25,0.25 -c 4 -a e -o tlr -s BEST
 -i /path/data.phy -d nt -n 1 -b 0 --r_seed 12345 --run_id 001234+I+F --no_memory_check -m 001234 -f m -v e -c 1 -o tlr -s BEST
 -i /path/data.phy -d nt -n 1 -b 0 --r_seed 12345 --run_id 001234+I --no_memory_check -m 001234 -f 0.25,0.25,0.25,0.25 -v e -c 1 -o tlr -s BEST
 -i /path/data.phy -d nt -n 1 -b 0 --r_seed 12345 --run_id 001234+F --no_memory_check -m 001234 -f m -c 1 -o tlr -s BEST
 -i /path/data.phy -d nt -n 1 -b 0 --r_seed 12345 --run_id 001234 --no_memory_check -m 001234 -f 0.25,0.25,0.25,0.25 -c 1 -o tlr -s BEST
 -i /path/data.phy -d nt -n 1 -b 0 --r_seed 12345 --run_id 010234+I+G+F --no_memory_check -m 010234 -f m -v e -c 4 -a e -o tlr -s BEST
 -i /path/data.phy -d nt -n 1 -b 0 --r_seed 12345 --run_id 010234+I+G --no_memory_check -m 010234 -f 0.25,0.25,0.25,0.25 -v e -c 4 -a e -o tlr -s BEST
 -i /path/data.phy -d nt -n 1 -b 0 --r_seed 12345 --run_id 010234+G+F --no_memory_check -m 010234 -f m -c 4 -a e -o tlr -s BEST
 -i /path/data.phy -d nt -n 1 -b 0 --r_seed 12345 --run_id 010234+G --no_memory_check -m 010234 -f 0.25,0.25,0.25,0.25 -c 4 -a e -o tlr -s BEST
 -i /path/data.phy -d nt -n 1 -b 0 --r_seed 12345 --run_id 010234+I+F --no_memory_check -m 010234 -f m -v e -c 1 -o tlr -s BEST
 -i /path/data.phy -d nt -n 1 -b 0 --r_seed 12345 --run_id 010234+I --no_memory_check -m 010234 -f 0.25,0.25,0.25,0.25 -v e -c 1 -o tlr -s BEST
 -i /path/data.phy -d nt -n 1 -b 0 --r_seed 12345 --run_id 010234+F --no_memory_check -m 010234 -f m -c 1 -o tlr -s BEST
 -i /path/data.phy -d nt -n 1 -b 0 --r_seed 12345 --run_id 010234 --no_memory_check -m 010234 -f 0.25,0.25,0.25,0.25 -c 1 -o tlr -s BEST
 -i /path/data.phy -d nt -n 1 -b 0 --r_seed 12345 --run_id 011234+I+G+F --no_memory_check -m 011234 -f m -v e -c 4 -a e -o tlr -s BEST
 -i /path/data.phy -d nt -n 1 -b 0 --r_seed 12345 --run_id 011234+I+G --no_memory_check -m 011234 -f 0.25,0.25,0.25,0.25 -v e -c 4 -a e -o tlr -s BEST
 -i /path/data.phy -d nt -n 1 -b 0 --r_seed 12345 --run_id 011234+G+F --no_memory_check -m 011234 -f m -c 4 -a e -o tlr -s BEST
 -i /path/data.phy -d nt -n 1 -b 0 --r_seed 12345 --run_id 011234+G --no_memory_check -m 011234 -f 0.25,0.25,0.25,0.25 -c 4 -a e -o tlr -s BEST
 -i /path/data.phy -d nt -n 1 -b 0 --r_seed 12345 --run_id 011234+I+F --no_memory_check -m 011234 -f m -v e -c 1 -o tlr -s BEST
 -i /path/data.phy -d nt -n 1 -b 0 --r_seed 12345 --run_id 011234+I --no_memory_check -m 011234 -f 0.25,0.25,0.25,0.25 -v e -c 1 -o tlr -s BEST
 -i /path/data.phy -d nt -n 1 -b 0 --r_seed 12345 --run_id 011234+F --no_memory_check -m 011234 -f m -c 1 -o tlr -s BEST
 -i /path/data.phy -d nt -n 1 -b 0 --r_seed 12345 --run_id 011234 --no_memory_check -m 011234 -f 0.25,0.25,0.25,0.25 -c 1 -o tlr -s BEST
 -i /path/data.phy -d nt -n 1 -b 0 --r_seed 12345 --run_id 012034+I+G+F --no_memory_check -m 012034 -f m -v e -c 4 -a e -o tlr -s BEST
 -i /path/data.phy -d nt -n 1 -b 0 --r_seed 12345 --run_id 012034+I+G --no_memory_check -m 012034 -f 0.25,0.25,0.25,0.25 -v e -c 4 -a e -o tlr -s BEST
 -i /path/data.phy -d nt -n 1 -b 0 --r_seed 12345 --run_id 012034+G+F --no_memory_check -m 012034 -f m -c 4 -a e -o tlr -s BEST
 -i /path/data.phy -d nt -n 1 -b 0 --r_seed 12345 --run_id 012034+G --no_memory_check -m 012034 -f 0.25,0.25,0.25,0.25 -c 4 -a e -o tlr -s BEST
 -i /path/data.phy -d nt -n 1 -b 0 --r_seed 12345 --run_id 012034+I+F --no_memory_check -m 012034 -f m -v e -c 1 -o tlr -s BEST
 -i /path/data.phy -d nt -n 1 -b 0 --r_seed 12345 --run_id 012034+I --no_memory_check -m 012034 -f 0.25,0.25,0.25,0.25 -v e -c 1 -o tlr -s BEST
 -i /path/data.phy -d nt -n 1 -b 0 --r_seed 12345 --run_id 012034+F --no_memory_check -m 012034 -f m -c 1 -o tlr -s BEST
 -i /path/data.phy -d nt -n 1 -b 0 --r_seed 12345 --run_id 012034 --no_memory_check -m 012034 -f 0.25,0.25,0.25,0.25 -c 1 -o tlr -s BEST
 -i /path/data.phy -d nt -n 1 -b 0 --r_seed 12345 --run_id 012134+I+G+F --no_memory_check -m 012134 -f m -v e -c 4 -a e -o tlr -s BEST
 -i /path/data.phy -d nt -n 1 -b 0 --r_seed 12345 --run_id 012134+I+G --no_memory_check -m 012134 -f 0.25,0.25,0.25,0.25 -v e -c 4 -a e -o tlr -s BEST
 -i /path/data.phy -d nt -n 1 -b 0 --r_seed 12345 --run_id 012134+G+F --no_memory_check -m 012134 -f m -c 4 -a e -o tlr -s BEST
 -i /path/data.phy -d nt -n 1 -b 0 --r_seed 12345 --run_id 012134+G --no_memory_check -m 012134 -f 0.25,0.25,0.25,0.25 -c 4 -a e -o tlr -s BEST
 -i /path/data.phy -d nt -n 1 -b 0 --r_seed 12345 --run_id 012134+I+F --no_memory_check -m 012134 -f m -v e -c 1 -o tlr -s BEST
 -i /path/data.phy -d nt -n 1 -b 0 --r_seed 12345 --run_id 012134+I --no_memory_check -m 012134 -f 0.25,0.25,0.25,0.25 -v e -c 1 -o tlr -s BEST
 -i /path/data.phy -d nt -n 1 -b 0 --r_seed 12345 --run_id 012134+F --no_memory_check -m 012134 -f m -c 1 -o tlr -s BEST
 -i /path/data.phy -d nt -n 1 -b 0 --r_seed 12345 --run_id 012134 --no_memory_check -m 012134 -f 0.25,0.25,0.25,0.25 -c 1 -o tlr -s BEST
 -i /path/data.phy -d nt -n 1 -b 0 --r_seed 12345 --run_id 012234+I+G+F --no_memory_check -m 012234 -f m -v e -c 4 -a e -o tlr -s BEST
 -i /path/data.phy -d nt -n 1 -b 0 --r_seed 12345 --run_id 012234+I+G --no_memory_check -m 012234 -f 0.25,0.25,0.25,0.25 -v e -c 4 -a e -o tlr -s BEST
 -i /path/data.phy -d nt -n 1 -b 0 --r_seed 12345 --run_id 012234+G+F --no_memory_check -m 012234 -f m -c 4 -a e -o tlr -s BEST
 -i /path/data.phy -d nt -n 1 -b 0 --r_seed 12345 --run_id 012234+G --no_memory_check -m 012234 -f 0.25,0.25,0.25,0.25 -c 4 -a e -o tlr -s BEST
 -i /path/data.phy -d nt -n 1 -b 0 --r_seed 12345 --run_id 012234+I+F --no_memory_check -m 012234 -f m -v e -c 1 -o tlr -s BEST
 -i /path/data.phy -d nt -n 1 -b 0 --r_seed 12345 --run_id 012234+I --no_memory_check -m 012234 -f 0.25,0.25,0.25,0.25 -v e -c 1 -o tlr -s BEST
 -i /path/data.phy -d nt -n 1 -b 0 --r_seed 12345 --run_id 012234+F --no_memory_check -m 012234 -f m -c 1 -o tlr -s BEST
 -i /path/data.phy -d nt -n 1 -b 0 --r_seed 12345 --run_id 012234 --no_memory_check -m 012234 -f 0.25,0.25,0.25,0.25 -c 1 -o tlr -s BEST
 -i /path/data.phy -d nt -n 1 -b 0 --r_seed 12345 --run_id 012304+I+G+F --no_memory_check -m 012304 -f m -v e -c 4 -a e -o tlr -s BEST
 -i /path/data.phy -d nt -n 1 -b 0 --r_seed 12345 --run_id 012304+I+G --no_memory_check -m 012304 -f 0.25,0.25,0.25,0.25 -v e -c 4 -a e -o tlr -s BEST
 -i /path/data.phy -d nt -n 1 -b 0 --r_seed 12345 --run_id 012304+G+F --no_memory_check -m 012304 -f m -c 4 -a e -o tlr -s BEST
 -i /path/data.phy -d nt -n 1 -b 0 --r_seed 12345 --run_id 012304+G --no_memory_check -m 012304 -f 0.25,0.25,0.25,0.25 -c 4 -a e -o tlr -s BEST
 -i /path/data.phy -d nt -n 1 -b 0 --r_seed 12345 --run_id 012304+I+F --no_memory_check -m 012304 -f m -v e -c 1 -o tlr -s BEST
 -i /path/data.phy -d nt -n 1 -b 0 --r_seed 12345 --run_id 012304+I --no_memory_check -m 012304 -f 0.25,0.25,0.25,0.25 -v e -c 1 -o tlr -s BEST
 -i /path/data.phy -d nt -n 1 -b 0 --r_seed 12345 --run_id 012304+F --no_memory_check -m 012304 -f m -c 1 -o tlr -s BEST
 -i /path/data.phy -d nt -n 1 -b 0 --r_seed 12345 --run_id 012304 --no_memory_check -m 012304 -f 0.25,0.25,0.25,0.25 -c 1 -o tlr -s BEST
 -i /path/data.phy -d nt -n 1 -b 0 --r_seed 12345 --run_id TVM+I+G --no_memory_check -m 012314 -f m -v e -c 4 -a e -o tlr -s BEST
 -i /path/data.phy -d nt -n 1 -b 0 --r_seed 12345 --run_id TVMef+I+G --no_memory_check -m 012314 -f 0.25,0.25,0.25,0.25 -v e -c 4 -a e -o tlr -s BEST
 -i /path/data.phy -d nt -n 1 -b 0 --r_seed 12345 --run_id TVM+G --no_memory_check -m 012314 -f m -c 4 -a e -o tlr -s BEST
 -i /path/data.phy -d nt -n 1 -b 0 --r_seed 12345 --run_id TVMef+G --no_memory_check -m 012314 -f 0.25,0.25,0.25,0.25 -c 4 -a e -o tlr -s BEST
 -i /path/data.phy -d nt -n 1 -b 0 --r_seed 12345 --run_id TVM+I --no_memory_check -m 012314 -f m -v e -c 1 -o tlr -s BEST
 -i /path/data.phy -d nt -n 1 -b 0 --r_seed 12345 --run_id TVMef+I --no_memory_check -m 012314 -f 0.25,0.25,0.25,0.25 -v e -c 1 -o tlr -s BEST
 -i /path/data.phy -d nt -n 1 -b 0 --r_seed 12345 --run_id TVM --no_memory_check -m 012314 -f m -c 1 -o tlr -s BEST
 -i /path/data.phy -d nt -n 1 -b 0 --r_seed 12345 --run_id TVMef --no_memory_check -m 012314 -f 0.25,0.25,0.25,0.25 -c 1 -o tlr -s BEST
 -i /path/data.phy -d nt -n 1 -b 0 --r_seed 12345 --run_id 012324+I+G+F --no_memory_check -m 012324 -f m -v e -c 4 -a e -o tlr -s BEST
 -i /path/data.phy -d nt -n 1 -b 0 --r_seed 12345 --run_id 012324+I+G --no_memory_check -m 012324 -f 0.25,0.25,0.25,0.25 -v e -c 4 -a e -o tlr -s BEST
 -i /path/data.phy -d nt -n 1 -b 0 --r_seed 12345 --run_id 012324+G+F --no_memory_check -m 012324 -f m -c 4 -a e -o tlr -s BEST
 -i /path/data.phy -d nt -n 1 -b 0 --r_seed 12345 --run_id 012324+G --no_memory_check -m 012324 -f 0.25,0.25,0.25,0.25 -c 4 -a e -o tlr -s BEST
 -i /path/data.phy -d nt -n 1 -b 0 --r_seed 12345 --run_id 012324+I+F --no_memory_check -m 012324 -f m -v e -c 1 -o tlr -s BEST
 -i /path/data.phy -d nt -n 1 -b 0 --r_seed 12345 --run_id 012324+I --no_memory_check -m 012324 -f 0.25,0.25,0.25,0.25 -v e -c 1 -o tlr -s BEST
 -i /path/data.phy -d nt -n 1 -b 0 --r_seed 12345 --run_id 012324+F --no_memory_check -m 012324 -f m -c 1 -o tlr -s BEST
 -i /path/data.phy -d nt -n 1 -b 0 --r_seed 12345 --run_id 012324 --no_memory_check -m 012324 -f 0.25,0.25,0.25,0.25 -c 1 -o tlr -s BEST
 -i /path/data.phy -d nt -n 1 -b 0 --r_seed 12345 --run_id 012334+I+G+F --no_memory_check -m 012334 -f m -v e -c 4 -a e -o tlr -s BEST
 -i /path/data.phy -d nt -n 1 -b 0 --r_seed 12345 --run_id 012334+I+G --no_memory_check -m 012334 -f 0.25,0.25,0.25,0.25 -v e -c 4 -a e -o tlr -s BEST
 -i /path/data.phy -d nt -n 1 -b 0 --r_seed 12345 --run_id 012334+G+F --no_memory_check -m 012334 -f m -c 4 -a e -o tlr -s BEST
 -i /path/data.phy -d nt -n 1 -b 0 --r_seed 12345 --run_id 012334+G --no_memory_check -m 012334 -f 0.25,0.25,0.25,0.25 -c 4 -a e -o tlr -s BEST
 -i /path/data.phy -d nt -n 1 -b 0 --r_seed 12345 --run_id 012334+I+F --no_memory_check -m 012334 -f m -v e -c 1 -o tlr -s BEST
 -i /path/data.phy -d nt -n 1 -b 0 --r_seed 12345 --run_id 012334+I --no_memory_check -m 012334 -f 0.25,0.25,0.25,0.25 -v e -c 1 -o tlr -s BEST
 -i /path/data.phy -d nt -n 1 -b 0 --r_seed 12345 --run_id 012334+F --no_memory_check -m 012334 -f m -c 1 -o tlr -s BEST
 -i /path/data.phy -d nt -n 1 -b 0 --r_seed 12345 --run_id 012334 --no_memory_check -m 012334 -f 0.25,0.25,0.25,0.25 -c 1 -o tlr -s BEST
 -i /path/data.phy -d nt -n 1 -b 0 --r_seed 12345 --run_id 012340+I+G+F --no_memory_check -m 012340 -f m -v e -c 4 -a e -o tlr -s BEST
 -i /path/data.phy -d nt -n 1 -b 0 --r_seed 12345 --run_id 012340+I+G --no_memory_check -m 012340 -f 0.25,0.25,0.25,0.25 -v e -c 4 -a e -o tlr -s BEST
 -i /path/data.phy -d nt -n 1 -b 0 --r_seed 12345 --run_id 012340+G+F --no_memory_check -m 012340 -f m -c 4 -a e -o tlr -s BEST
 -i /path/data.phy -d nt -n 1 -b 0 --r_seed 12345 --run_id 012340+G --no_memory_check -m 012340 -f 0.25,0.25,0.25,0.25 -c 4 -a e -o tlr -s BEST
 -i /path/data.phy -d nt -n 1 -b 0 --r_seed 12345 --run_id 012340+I+F --no_memory_check -m 012340 -f m -v e -c 1 -o tlr -s BEST
 -i /path/data.phy -d nt -n 1 -b 0 --r_seed 12345 --run_id 012340+I --no_memory_check -m 012340 -f 0.25,0.25,0.25,0.25 -v e -c 1 -o tlr -s BEST
 -i /path/data.phy -d nt -n 1 -b 0 --r_seed 12345 --run_id 012340+F --no_memory_check -m 012340 -f m -c 1 -o tlr -s BEST
 -i /path/data.phy -d nt -n 1 -b 0 --r_seed 12345 --run_id 012340 --no_memory_check -m 012340 -f 0.25,0.25,0.25,0.25 -c 1 -o tlr -s BEST
 -i /path/data.phy -d nt -n 1 -b 0 --r_seed 12345 --run_id 012341+I+G+F --no_memory_check -m 012341 -f m -v e -c 4 -a e -o tlr -s BEST
 -i /path/data.phy -d nt -n 1 -b 0 --r_seed 12345 --run_id 012341+I+G --no_memory_check -m 012341 -f 0.25,0.25,0.25,0.25 -v e -c 4 -a e -o tlr -s BEST
 -i /path/data.phy -d nt -n 1 -b 0 --r_seed 12345 --run_id 012341+G+F --no_memory_check -m 012341 -f m -c 4 -a e -o tlr -s BEST
 -i /path/data.phy -d nt -n 1 -b 0 --r_seed 12345 --run_id 012341+G --no_memory_check -m 012341 -f 0.25,0.25,0.25,0.25 -c 4 -a e -o tlr -s BEST
 -i /path/data.phy -d nt -n 1 -b 0 --r_seed 12345 --run_id 012341+I+F --no_memory_check -m 012341 -f m -v e -c 1 -o tlr -s BEST
 -i /path/data.phy -d nt -n 1 -b 0 --r_seed 12345 --run_id 012341+I --no_memory_check -m 012341 -f 0.25,0.25,0.25,0.25 -v e -c 1 -o tlr -s BEST
 -i /path/data.phy -d nt -n 1 -b 0 --r_seed 12345 --run_id 012341+F --no_memory_check -m 012341 -f m -c 1 -o tlr -s BEST
 -i /path/data.phy -d nt -n 1 -b 0 --r_seed 12345 --run_id 012341 --no_memory_check -m 012341 -f 0.25,0.25,0.25,0.25 -c 1 -o tlr -s BEST
 -i /path/data.phy -d nt -n 1 -b 0 --r_seed 12345 --run_id 012342+I+G+F --no_memory_check -m 012342 -f m -v e -c 4 -a e -o tlr -s BEST
 -i /path/data.phy -d nt -n 1 -b 0 --r_seed 12345 --run_id 012342+I+G --no_memory_check -m 012342 -f 0.25,0.25,0.25,0.25 -v e -c 4 -a e -o tlr -s BEST
 -i /path/data.phy -d nt -n 1 -b 0 --r_seed 12345 --run_id 012342+G+F --no_memory_check -m 012342 -f m -c 4 -a e -o tlr -s BEST
 -i /path/data.phy -d nt -n 1 -b 0 --r_seed 12345 --run_id 012342+G --no_memory_check -m 012342 -f 0.25,0.25,0.25,0.25 -c 4 -a e -o tlr -s BEST
 -i /path/data.phy -d nt -n 1 -b 0 --r_seed 12345 --run_id 012342+I+F --no_memory_check -m 012342 -f m -v e -c 1 -o tlr -s BEST
 -i /path/data.phy -d nt -n 1 -b 0 --r_seed 12345 --run_id 012342+I --no_memory_check -m 012342 -f 0.25,0.25,0.25,0.25 -v e -c 1 -o tlr -s BEST
 -i /path/data.phy -d nt -n 1 -b 0 --r_seed 12345 --run_id 012342+F --no_memory_check -m 012342 -f m -c 1 -o tlr -s BEST
 -i /path/data.phy -d nt -n 1 -b 0 --r_seed 12345 --run_id 012342 --no_memory_check -m 012342 -f 0.25,0.25,0.25,0.25 -c 1 -o tlr -s BEST
 -i /path/data.phy -d nt -n 1 -b 0 --r_seed 12345 --run_id 012343+I+G+F --no_memory_check -m 012343 -f m -v e -c 4 -a e -o tlr -s BEST
 -i /path/data.phy -d nt -n 1 -b 0 --r_seed 12345 --run_id 012343+I+G --no_memory_check -m 012343 -f 0.25,0.25,0.25,0.25 -v e -c 4 -a e -o tlr -s BEST
 -i /path/data.phy -d nt -n 1 -b 0 --r_seed 12345 --run_id 012343+G+F --no_memory_check -m 012343 -f m -c 4 -a e -o tlr -s BEST
 -i /path/data.phy -d nt -n 1 -b 0 --r_seed 12345 --run_id 012343+G --no_memory_check -m 012343 -f 0.25,0.25,0.25,0.25 -c 4 -a e -o tlr -s BEST
 -i /path/data.phy -d nt -n 1 -b 0 --r_seed 12345 --run_id 012343+I+F --no_memory_check -m 012343 -f m -v e -c 1 -o tlr -s BEST
 -i /path/data.phy -d nt -n 1 -b 0 --r_seed 12345 --run_id 012343+I --no_memory_check -m 012343 -f 0.25,0.25,0.25,0.25 -v e -c 1 -o tlr -s BEST
 -i /path/data.phy -d nt -n 1 -b 0 --r_seed 12345 --run_id 012343+F --no_memory_check -m 012343 -f m -c 1 -o tlr -s BEST
 -i /path/data.phy -d nt -n 1 -b 0 --r_seed 12345 --run_id 012343 --no_memory_check -m 012343 -f 0.25,0.25,0.25,0.25 -c 1 -o tlr -s BEST
 -i /path/data.phy -d nt -n 1 -b 0 --r_seed 12345 --run_id 012344+I+G+F --no_memory_check -m 012344 -f m -v e -c 4 -a e -o tlr -s BEST
 -i /path/data.phy -d nt -n 1 -b 0 --r_seed 12345 --run_id 012344+I+G --no_memory_check -m 012344 -f 0.25,0.25,0.25,0.25 -v e -c 4 -a e -o tlr -s BEST
 -i /path/data.phy -d nt -n 1 -b 0 --r_seed 12345 --run_id 012344+G+F --no_memory_check -m 012344 -f m -c 4 -a e -o tlr -s BEST
 -i /path/data.phy -d nt -n 1 -b 0 --r_seed 12345 --run_id 012344+G --no_memory_check -m 012344 -f 0.25,0.25,0.25,0.25 -c 4 -a e -o tlr -s BEST
 -i /path/data.phy -d nt -n 1 -b 0 --r_seed 12345 --run_id 012344+I+F --no_memory_check -m 012344 -f m -v e -c 1 -o tlr -s BEST
 -i /path/data.phy -d nt -n 1 -b 0 --r_seed 12345 --run_id 012344+I --no_memory_check -m 012344 -f 0.25,0.25,0.25,0.25 -v e -c 1 -o tlr -s BEST
 -i /path/data.phy -d nt -n 1 -b 0 --r_seed 12345 --run_id 012344+F --no_memory_check -m 012344 -f m -c 1 -o tlr -s BEST
 -i /path/data.phy -d nt -n 1 -b 0 --r_seed 12345 --run_id 012344 --no_memory_check -m 012344 -f 0.25,0.25,0.25,0.25 -c 1 -o tlr -s BEST


$$ STAGE COMPLETE $$


 -i /path/data.phy -d nt -n 1 -b 0 --r_seed 12345 --run_id 000123+I+G+F --no_memory_check -m 000123 -f m -v e -c 4 -a e -o tlr -s BEST
 -i /path/data.phy -d nt -n 1 -b 0 --r_seed 12345 --run_id 000123+I+G --no_memory_check -m 000123 -f 0.25,0.25,0.25,0.25 -v e -c 4 -a e -o tlr -s BEST
 -i /path/data.phy -d nt -n 1 -b 0 --r_seed 12345 --run_id 000123+G+F --no_memory_check -m 000123 -f m -c 4 -a e -o tlr -s BEST
 -i /path/data.phy -d nt -n 1 -b 0 --r_seed 12345 --run_id 000123+G --no_memory_check -m 000123 -f 0.25,0.25,0.25,0.25 -c 4 -a e -o tlr -s BEST
 -i /path/data.phy -d nt -n 1 -b 0 --r_seed 12345 --run_id 000123+I+F --no_memory_check -m 000123 -f m -v e -c 1 -o tlr -s BEST
 -i /path/data.phy -d nt -n 1 -b 0 --r_seed 12345 --run_id 000123+I --no_memory_check -m 000123 -f 0.25,0.25,0.25,0.25 -v e -c 1 -o tlr -s BEST
 -i /path/data.phy -d nt -n 1 -b 0 --r_seed 12345 --run_id 000123 --no_memory_check -m 000123 -f 0.25,0.25,0.25,0.25 -c 1 -o tlr -s BEST
 -i /path/data.phy -d nt -n 1 -b 0 --r_seed 12345 --run_id 000123+F --no_memory_check -m 000123 -f m -c 1 -o tlr -s BEST
 -i /path/data.phy -d nt -n 1 -b 0 --r_seed 12345 --run_id 011023+I+G+F --no_memory_check -m 011023 -f m -v e -c 4 -a e -o tlr -s BEST
 -i /path/data.phy -d nt -n 1 -b 0 --r_seed 12345 --run_id 011023+I+G --no_memory_check -m 011023 -f 0.25,0.25,0.25,0.25 -v e -c 4 -a e -o tlr -s BEST
 -i /path/data.phy -d nt -n 1 -b 0 --r_seed 12345 --run_id 011023+G+F --no_memory_check -m 011023 -f m -c 4 -a e -o tlr -s BEST
 -i /path/data.phy -d nt -n 1 -b 0 --r_seed 12345 --run_id 011023+G --no_memory_check -m 011023 -f 0.25,0.25,0.25,0.25 -c 4 -a e -o tlr -s BEST
 -i /path/data.phy -d nt -n 1 -b 0 --r_seed 12345 --run_id 011023+I+F --no_memory_check -m 011023 -f m -v e -c 1 -o tlr -s BEST
 -i /path/data.phy -d nt -n 1 -b 0 --r_seed 12345 --run_id 011023+I --no_memory_check -m 011023 -f 0.25,0.25,0.25,0.25 -v e -c 1 -o tlr -s BEST
 -i /path/data.phy -d nt -n 1 -b 0 --r_seed 12345 --run_id 011023+F --no_memory_check -m 011023 -f m -c 1 -o tlr -s BEST
 -i /path/data.phy -d nt -n 1 -b 0 --r_seed 12345 --run_id 011023 --no_memory_check -m 011023 -f 0.25,0.25,0.25,0.25 -c 1 -o tlr -s BEST
 -i /path/data.phy -d nt -n 1 -b 0 --r_seed 12345 --run_id 011123+I+G+F --no_memory_check -m 011123 -f m -v e -c 4 -a e -o tlr -s BEST
 -i /path/data.phy -d nt -n 1 -b 0 --r_seed 12345 --run_id 011123+I+G --no_memory_check -m 011123 -f 0.25,0.25,0.25,0.25 -v e -c 4 -a e -o tlr -s BEST
 -i /path/data.phy -d nt -n 1 -b 0 --r_seed 12345 --run_id 011123+G+F --no_memory_check -m 011123 -f m -c 4 -a e -o tlr -s BEST
 -i /path/data.phy -d nt -n 1 -b 0 --r_seed 12345 --run_id 011123+G --no_memory_check -m 011123 -f 0.25,0.25,0.25,0.25 -c 4 -a e -o tlr -s BEST
 -i /path/data.phy -d nt -n 1 -b 0 --r_seed 12345 --run_id 011123+I+F --no_memory_check -m 011123 -f m -v e -c 1 -o tlr -s BEST
 -i /path/data.phy -d nt -n 1 -b 0 --r_seed 12345 --run_id 011123+I --no_memory_check -m 011123 -f 0.25,0.25,0.25,0.25 -v e -c 1 -o tlr -s BEST
 -i /path/data.phy -d nt -n 1 -b 0 --r_seed 12345 --run_id 011123+F --no_memory_check -m 011123 -f m -c 1 -o tlr -s BEST
 -i /path/data.phy -d nt -n 1 -b 0 --r_seed 12345 --run_id 011123 --no_memory_check -m 011123 -f 0.25,0.25,0.25,0.25 -c 1 -o tlr -s BEST
 -i /path/data.phy -d nt -n 1 -b 0 --r_seed 12345 --run_id 011203+I+G+F --no_memory_check -m 011203 -f m -v e -c 4 -a e -o tlr -s BEST
 -i /path/data.phy -d nt -n 1 -b 0 --r_seed 12345 --run_id 011203+I+G --no_memory_check -m 011203 -f 0.25,0.25,0.25,0.25 -v e -c 4 -a e -o tlr -s BEST
 -i /path/data.phy -d nt -n 1 -b 0 --r_seed 12345 --run_id 011203+G+F --no_memory_check -m 011203 -f m -c 4 -a e -o tlr -s BEST
 -i /path/data.phy -d nt -n 1 -b 0 --r_seed 12345 --run_id 011203+G --no_memory_check -m 011203 -f 0.25,0.25,0.25,0.25 -c 4 -a e -o tlr -s BEST
 -i /path/data.phy -d nt -n 1 -b 0 --r_seed 12345 --run_id 011203+I+F --no_memory_check -m 011203 -f m -v e -c 1 -o tlr -s BEST
 -i /path/data.phy -d nt -n 1 -b 0 --r_seed 12345 --run_id 011203+I --no_memory_check -m 011203 -f 0.25,0.25,0.25,0.25 -v e -c 1 -o tlr -s BEST
 -i /path/data.phy -d nt -n 1 -b 0 --r_seed 12345 --run_id 011203+F --no_memory_check -m 011203 -f m -c 1 -o tlr -s BEST
 -i /path/data.phy -d nt -n 1 -b 0 --r_seed 12345 --run_id 011203 --no_memory_check -m 011203 -f 0.25,0.25,0.25,0.25 -c 1 -o tlr -s BEST
 -i /path/data.phy -d nt -n 1 -b 0 --r_seed 12345 --run_id 011213+I+G+F --no_memory_check -m 011213 -f m -v e -c 4 -a e -o tlr -s BEST
 -i /path/data.phy -d nt -n 1 -b 0 --r_seed 12345 --run_id 011213+I+G --no_memory_check -m 011213 -f 0.25,0.25,0.25,0.25 -v e -c 4 -a e -o tlr -s BEST
 -i /path/data.phy -d nt -n 1 -b 0 --r_seed 12345 --run_id 011213+G+F --no_memory_check -m 011213 -f m -c 4 -a e -o tlr -s BEST
 -i /path/data.phy -d nt -n 1 -b 0 --r_seed 12345 --run_id 011213+G --no_memory_check -m 011213 -f 0.25,0.25,0.25,0.25 -c 4 -a e -o tlr -s BEST
 -i /path/data.phy -d nt -n 1 -b 0 --r_seed 12345 --run_id 011213+I+F --no_memory_check -m 011213 -f m -v e -c 1 -o tlr -s BEST
 -i /path/data.phy -d nt -n 1 -b 0 --r_seed 12345 --run_id 011213+I --no_memory_check -m 011213 -f 0.25,0.25,0.25,0.25 -v e -c 1 -o tlr -s BEST
 -i /path/data.phy -d nt -n 1 -b 0 --r_seed 12345 --run_id 011213+F --no_memory_check -m 011213 -f m -c 1 -o tlr -s BEST
 -i /path/data.phy -d nt -n 1 -b 0 --r_seed 12345 --run_id 011213 --no_memory_check -m 011213 -f 0.25,0.25,0.25,0.25 -c 1 -o tlr -s BEST
 -i /path/data.phy -d nt -n 1 -b 0 --r_seed 12345 --run_id 011223+I+G+F --no_memory_check -m 011223 -f m -v e -c 4 -a e -o tlr -s BEST
 -i /path/data.phy -d nt -n 1 -b 0 --r_seed 12345 --run_id 011223+I+G --no_memory_check -m 011223 -f 0.25,0.25,0.25,0.25 -v e -c 4 -a e -o tlr -s BEST
 -i /path/data.phy -d nt -n 1 -b 0 --r_seed 12345 --run_id 011223+G+F --no_memory_check -m 011223 -f m -c 4 -a e -o tlr -s BEST
 -i /path/data.phy -d nt -n 1 -b 0 --r_seed 12345 --run_id 011223+G --no_memory_check -m 011223 -f 0.25,0.25,0.25,0.25 -c 4 -a e -o tlr -s BEST
 -i /path/data.phy -d nt -n 1 -b 0 --r_seed 12345 --run_id 011223+I+F --no_memory_check -m 011223 -f m -v e -c 1 -o tlr -s BEST
 -i /path/data.phy -d nt -n 1 -b 0 --r_seed 12345 --run_id 011223+I --no_memory_check -m 011223 -f 0.25,0.25,0.25,0.25 -v e -c 1 -o tlr -s BEST
 -i /path/data.phy -d nt -n 1 -b 0 --r_seed 12345 --run_id 011223+F --no_memory_check -m 011223 -f m -c 1 -o tlr -s BEST
 -i /path/data.phy -d nt -n 1 -b 0 --r_seed 12345 --run_id 011223 --no_memory_check -m 011223 -f 0.25,0.25,0.25,0.25 -c 1 -o tlr -s BEST
 -i /path/data.phy -d nt -n 1 -b 0 --r_seed 12345 --run_id 011230+I+G+F --no_memory_check -m 011230 -f m -v e -c 4 -a e -o tlr -s BEST
 -i /path/data.phy -d nt -n 1 -b 0 --r_seed 12345 --run_id 011230+I+G --no_memory_check -m 011230 -f 0.25,0.25,0.25,0.25 -v e -c 4 -a e -o tlr -s BEST
 -i /path/data.phy -d nt -n 1 -b 0 --r_seed 12345 --run_id 011230+G+F --no_memory_check -m 011230 -f m -c 4 -a e -o tlr -s BEST
 -i /path/data.phy -d nt -n 1 -b 0 --r_seed 12345 --run_id 011230+G --no_memory_check -m 011230 -f 0.25,0.25,0.25,0.25 -c 4 -a e -o tlr -s BEST
 -i /path/data.phy -d nt -n 1 -b 0 --r_seed 12345 --run_id 011230+I+F --no_memory_check -m 011230 -f m -v e -c 1 -o tlr -s BEST
 -i /path/data.phy -d nt -n 1 -b 0 --r_seed 12345 --run_id 011230+I --no_memory_check -m 011230 -f 0.25,0.25,0.25,0.25 -v e -c 1 -o tlr -s BEST
 -i /path/data.phy -d nt -n 1 -b 0 --r_seed 12345 --run_id 011230+F --no_memory_check -m 011230 -f m -c 1 -o tlr -s BEST
 -i /path/data.phy -d nt -n 1 -b 0 --r_seed 12345 --run_id 011230 --no_memory_check -m 011230 -f 0.25,0.25,0.25,0.25 -c 1 -o tlr -s BEST
 -i /path/data.phy -d nt -n 1 -b 0 --r_seed 12345 --run_id 011231+I+G+F --no_memory_check -m 011231 -f m -v e -c 4 -a e -o tlr -s BEST
 -i /path/data.phy -d nt -n 1 -b 0 --r_seed 12345 --run_id 011231+I+G --no_memory_check -m 011231 -f 0.25,0.25,0.25,0.25 -v e -c 4 -a e -o tlr -s BEST
 -i /path/data.phy -d nt -n 1 -b 0 --r_seed 12345 --run_id 011231+G+F --no_memory_check -m 011231 -f m -c 4 -a e -o tlr -s BEST
 -i /path/data.phy -d nt -n 1 -b 0 --r_seed 12345 --run_id 011231+G --no_memory_check -m 011231 -f 0.25,0.25,0.25,0.25 -c 4 -a e -o tlr -s BEST
 -i /path/data.phy -d nt -n 1 -b 0 --r_seed 12345 --run_id 011231+I+F --no_memory_check -m 011231 -f m -v e -c 1 -o tlr -s BEST
 -i /path/data.phy -d nt -n 1 -b 0 --r_seed 12345 --run_id 011231+I --no_memory_check -m 011231 -f 0.25,0.25,0.25,0.25 -v e -c 1 -o tlr -s BEST
 -i /path/data.phy -d nt -n 1 -b 0 --r_seed 12345 --run_id 011231+F --no_memory_check -m 011231 -f m -c 1 -o tlr -s BEST
 -i /path/data.phy -d nt -n 1 -b 0 --r_seed 12345 --run_id 011231 --no_memory_check -m 011231 -f 0.25,0.25,0.25,0.25 -c 1 -o tlr -s BEST
 -i /path/data.phy -d nt -n 1 -b 0 --r_seed 12345 --run_id 011232+I+G+F --no_memory_check -m 011232 -f m -v e -c 4 -a e -o tlr -s BEST
 -i /path/data.phy -d nt -n 1 -b 0 --r_seed 12345 --run_id 011232+I+G --no_memory_check -m 011232 -f 0.25,0.25,0.25,0.25 -v e -c 4 -a e -o tlr -s BEST
 -i /path/data.phy -d nt -n 1 -b 0 --r_seed 12345 --run_id 011232+G+F --no_memory_check -m 011232 -f m -c 4 -a e -o tlr -s BEST
 -i /path/data.phy -d nt -n 1 -b 0 --r_seed 12345 --run_id 011232+G --no_memory_check -m 011232 -f 0.25,0.25,0.25,0.25 -c 4 -a e -o tlr -s BEST
 -i /path/data.phy -d nt -n 1 -b 0 --r_seed 12345 --run_id 011232+I+F --no_memory_check -m 011232 -f m -v e -c 1 -o tlr -s BEST
 -i /path/data.phy -d nt -n 1 -b 0 --r_seed 12345 --run_id 011232+I --no_memory_check -m 011232 -f 0.25,0.25,0.25,0.25 -v e -c 1 -o tlr -s BEST
 -i /path/data.phy -d nt -n 1 -b 0 --r_seed 12345 --run_id 011232+F --no_memory_check -m 011232 -f m -c 1 -o tlr -s BEST
 -i /path/data.phy -d nt -n 1 -b 0 --r_seed 12345 --run_id 011232 --no_memory_check -m 011232 -f 0.25,0.25,0.25,0.25 -c 1 -o tlr -s BEST
 -i /path/data.phy -d nt -n 1 -b 0 --r_seed 12345 --run_id 011233+I+G+F --no_memory_check -m 011233 -f m -v e -c 4 -a e -o tlr -s BEST
 -i /path/data.phy -d nt -n 1 -b 0 --r_seed 12345 --run_id 011233+I+G --no_memory_check -m 011233 -f 0.25,0.25,0.25,0.25 -v e -c 4 -a e -o tlr -s BEST
 -i /path/data.phy -d nt -n 1 -b 0 --r_seed 12345 --run_id 011233+G+F --no_memory_check -m 011233 -f m -c 4 -a e -o tlr -s BEST
 -i /path/data.phy -d nt -n 1 -b 0 --r_seed 12345 --run_id 011233+G --no_memory_check -m 011233 -f 0.25,0.25,0.25,0.25 -c 4 -a e -o tlr -s BEST
 -i /path/data.phy -d nt -n 1 -b 0 --r_seed 12345 --run_id 011233+I+F --no_memory_check -m 011233 -f m -v e -c 1 -o tlr -s BEST
 -i /path/data.phy -d nt -n 1 -b 0 --r_seed 12345 --run_id 011233+I --no_memory_check -m 011233 -f 0.25,0.25,0.25,0.25 -v e -c 1 -o tlr -s BEST
 -i /path/data.phy -d nt -n 1 -b 0 --r_seed 12345 --run_id 011233+F --no_memory_check -m 011233 -f m -c 1 -o tlr -s BEST
 -i /path/data.phy -d nt -n 1 -b 0 --r_seed 12345 --run_id 011233 --no_memory_check -m 011233 -f 0.25,0.25,0.25,0.25 -c 1 -o tlr -s BEST


$$ STAGE COMPLETE $$


 -i /path/data.phy -d nt -n 1 -b 0 --r_seed 12345 --run_id 000120+I+G+F --no_memory_check -m 000120 -f m -v e -c 4 -a e -o tlr -s BEST
 -i /path/data.phy -d nt -n 1 -b 0 --r_seed 12345 --run_id 000120+I+G --no_memory_check -m 000120 -f 0.25,0.25,0.25,0.25 -v e -c 4 -a e -o tlr -s BEST
 -i /path/data.phy -d nt -n 1 -b 0 --r_seed 12345 --run_id 000120+G+F --no_memory_check -m 000120 -f m -c 4 -a e -o tlr -s BEST
 -i /path/data.phy -d nt -n 1 -b 0 --r_seed 12345 --run_id 000120+G --no_memory_check -m 000120 -f 0.25,0.25,0.25,0.25 -c 4 -a e -o tlr -s BEST
 -i /path/data.phy -d nt -n 1 -b 0 --r_seed 12345 --run_id 000120+I+F --no_memory_check -m 000120 -f m -v e -c 1 -o tlr -s BEST
 -i /path/data.phy -d nt -n 1 -b 0 --r_seed 12345 --run_id 000120+I --no_memory_check -m 000120 -f 0.25,0.25,0.25,0.25 -v e -c 1 -o tlr -s BEST
 -i /path/data.phy -d nt -n 1 -b 0 --r_seed 12345 --run_id 000120+F --no_memory_check -m 000120 -f m -c 1 -o tlr -s BEST
 -i /path/data.phy -d nt -n 1 -b 0 --r_seed 12345 --run_id 000120 --no_memory_check -m 000120 -f 0.25,0.25,0.25,0.25 -c 1 -o tlr -s BEST
 -i /path/data.phy -d nt -n 1 -b 0 --r_seed 12345 --run_id 011020+I+G+F --no_memory_check -m 011020 -f m -v e -c 4 -a e -o tlr -s BEST
 -i /path/data.phy -d nt -n 1 -b 0 --r_seed 12345 --run_id 011020+I+G --no_memory_check -m 011020 -f 0.25,0.25,0.25,0.25 -v e -c 4 -a e -o tlr -s BEST
 -i /path/data.phy -d nt -n 1 -b 0 --r_seed 12345 --run_id 011020+G+F --no_memory_check -m 011020 -f m -c 4 -a e -o tlr -s BEST
 -i /path/data.phy -d nt -n 1 -b 0 --r_seed 12345 --run_id 011020+G --no_memory_check -m 011020 -f 0.25,0.25,0.25,0.25 -c 4 -a e -o tlr -s BEST
 -i /path/data.phy -d nt -n 1 -b 0 --r_seed 12345 --run_id 011020+I+F --no_memory_check -m 011020 -f m -v e -c 1 -o tlr -s BEST
 -i /path/data.phy -d nt -n 1 -b 0 --r_seed 12345 --run_id 011020+I --no_memory_check -m 011020 -f 0.25,0.25,0.25,0.25 -v e -c 1 -o tlr -s BEST
 -i /path/data.phy -d nt -n 1 -b 0 --r_seed 12345 --run_id 011020+F --no_memory_check -m 011020 -f m -c 1 -o tlr -s BEST
 -i /path/data.phy -d nt -n 1 -b 0 --r_seed 12345 --run_id 011020 --no_memory_check -m 011020 -f 0.25,0.25,0.25,0.25 -c 1 -o tlr -s BEST
 -i /path/data.phy -d nt -n 1 -b 0 --r_seed 12345 --run_id 011120+I+G+F --no_memory_check -m 011120 -f m -v e -c 4 -a e -o tlr -s BEST
 -i /path/data.phy -d nt -n 1 -b 0 --r_seed 12345 --run_id 011120+I+G --no_memory_check -m 011120 -f 0.25,0.25,0.25,0.25 -v e -c 4 -a e -o tlr -s BEST
 -i /path/data.phy -d nt -n 1 -b 0 --r_seed 12345 --run_id 011120+G+F --no_memory_check -m 011120 -f m -c 4 -a e -o tlr -s BEST
 -i /path/data.phy -d nt -n 1 -b 0 --r_seed 12345 --run_id 011120+G --no_memory_check -m 011120 -f 0.25,0.25,0.25,0.25 -c 4 -a e -o tlr -s BEST
 -i /path/data.phy -d nt -n 1 -b 0 --r_seed 12345 --run_id 011120+I+F --no_memory_check -m 011120 -f m -v e -c 1 -o tlr -s BEST
 -i /path/data.phy -d nt -n 1 -b 0 --r_seed 12345 --run_id 011120+I --no_memory_check -m 011120 -f 0.25,0.25,0.25,0.25 -v e -c 1 -o tlr -s BEST
 -i /path/data.phy -d nt -n 1 -b 0 --r_seed 12345 --run_id 011120+F --no_memory_check -m 011120 -f m -c 1 -o tlr -s BEST
 -i /path/data.phy -d nt -n 1 -b 0 --r_seed 12345 --run_id 011120 --no_memory_check -m 011120 -f 0.25,0.25,0.25,0.25 -c 1 -o tlr -s BEST
 -i /path/data.phy -d nt -n 1 -b 0 --r_seed 12345 --run_id 011200+I+G+F --no_memory_check -m 011200 -f m -v e -c 4 -a e -o tlr -s BEST
 -i /path/data.phy -d nt -n 1 -b 0 --r_seed 12345 --run_id 011200+I+G --no_memory_check -m 011200 -f 0.25,0.25,0.25,0.25 -v e -c 4 -a e -o tlr -s BEST
 -i /path/data.phy -d nt -n 1 -b 0 --r_seed 12345 --run_id 011200+G+F --no_memory_check -m 011200 -f m -c 4 -a e -o tlr -s BEST
 -i /path/data.phy -d nt -n 1 -b 0 --r_seed 12345 --run_id 011200+G --no_memory_check -m 011200 -f 0.25,0.25,0.25,0.25 -c 4 -a e -o tlr -s BEST
 -i /path/data.phy -d nt -n 1 -b 0 --r_seed 12345 --run_id 011200+I+F --no_memory_check -m 011200 -f m -v e -c 1 -o tlr -s BEST
 -i /path/data.phy -d nt -n 1 -b 0 --r_seed 12345 --run_id 011200+I --no_memory_check -m 011200 -f 0.25,0.25,0.25,0.25 -v e -c 1 -o tlr -s BEST
 -i /path/data.phy -d nt -n 1 -b 0 --r_seed 12345 --run_id 011200+F --no_memory_check -m 011200 -f m -c 1 -o tlr -s BEST
 -i /path/data.phy -d nt -n 1 -b 0 --r_seed 12345 --run_id 011200 --no_memory_check -m 011200 -f 0.25,0.25,0.25,0.25 -c 1 -o tlr -s BEST
 -i /path/data.phy -d nt -n 1 -b 0 --r_seed 12345 --run_id 011210+I+G+F --no_memory_check -m 011210 -f m -v e -c 4 -a e -o tlr -s BEST
 -i /path/data.phy -d nt -n 1 -b 0 --r_seed 12345 --run_id 011210+I+G --no_memory_check -m 011210 -f 0.25,0.25,0.25,0.25 -v e -c 4 -a e -o tlr -s BEST
 -i /path/data.phy -d nt -n 1 -b 0 --r_seed 12345 --run_id 011210+G+F --no_memory_check -m 011210 -f m -c 4 -a e -o tlr -s BEST
 -i /path/data.phy -d nt -n 1 -b 0 --r_seed 12345 --run_id 011210+G --no_memory_check -m 011210 -f 0.25,0.25,0.25,0.25 -c 4 -a e -o tlr -s BEST
 -i /path/data.phy -d nt -n 1 -b 0 --r_seed 12345 --run_id 011210+I+F --no_memory_check -m 011210 -f m -v e -c 1 -o tlr -s BEST
 -i /path/data.phy -d nt -n 1 -b 0 --r_seed 12345 --run_id 011210+I --no_memory_check -m 011210 -f 0.25,0.25,0.25,0.25 -v e -c 1 -o tlr -s BEST
 -i /path/data.phy -d nt -n 1 -b 0 --r_seed 12345 --run_id 011210+F --no_memory_check -m 011210 -f m -c 1 -o tlr -s BEST
 -i /path/data.phy -d nt -n 1 -b 0 --r_seed 12345 --run_id 011210 --no_memory_check -m 011210 -f 0.25,0.25,0.25,0.25 -c 1 -o tlr -s BEST
 -i /path/data.phy -d nt -n 1 -b 0 --r_seed 12345 --run_id 011220+I+G+F --no_memory_check -m 011220 -f m -v e -c 4 -a e -o tlr -s BEST
 -i /path/data.phy -d nt -n 1 -b 0 --r_seed 12345 --run_id 011220+I+G --no_memory_check -m 011220 -f 0.25,0.25,0.25,0.25 -v e -c 4 -a e -o tlr -s BEST
 -i /path/data.phy -d nt -n 1 -b 0 --r_seed 12345 --run_id 011220+G+F --no_memory_check -m 011220 -f m -c 4 -a e -o tlr -s BEST
 -i /path/data.phy -d nt -n 1 -b 0 --r_seed 12345 --run_id 011220+G --no_memory_check -m 011220 -f 0.25,0.25,0.25,0.25 -c 4 -a e -o tlr -s BEST
 -i /path/data.phy -d nt -n 1 -b 0 --r_seed 12345 --run_id 011220+I+F --no_memory_check -m 011220 -f m -v e -c 1 -o tlr -s BEST
 -i /path/data.phy -d nt -n 1 -b 0 --r_seed 12345 --run_id 011220+I --no_memory_check -m 011220 -f 0.25,0.25,0.25,0.25 -v e -c 1 -o tlr -s BEST
 -i /path/data.phy -d nt -n 1 -b 0 --r_seed 12345 --run_id 011220+F --no_memory_check -m 011220 -f m -c 1 -o tlr -s BEST
 -i /path/data.phy -d nt -n 1 -b 0 --r_seed 12345 --run_id 011220 --no_memory_check -m 011220 -f 0.25,0.25,0.25,0.25 -c 1 -o tlr -s BEST


$$ STAGE COMPLETE $$


