 -i /path/data.phy -d nt -n 1 -b 0 --r_seed 12345 --run_id SYM --no_memory_check -m 012345 -f 0.25,0.25,0.25,0.25 -c 1 -o tlr -s BEST
 -i /path/data.phy -d nt -n 1 -b 0 --r_seed 12345 --run_id SYM+I --no_memory_check -m 012345 -f 0.25,0.25,0.25,0.25 -v e -c 1 -o tlr -s BEST
 -i /path/data.phy -d nt -n 1 -b 0 --r_seed 12345 --run_id GTR+I --no_memory_check -m 012345 -f m -v e -c 1 -o tlr -s BEST
 -i /path/data.phy -d nt -n 1 -b 0 --r_seed 12345 --run_id SYM+G --no_memory_check -m 012345 -f 0.25,0.25,0.25,0.25 -c 4 -a e -o tlr -s BEST
 -i /path/data.phy -d nt -n 1 -b 0 --r_seed 12345 --run_id SYM+I+G --no_memory_check -m 012345 -f 0.25,0.25,0.25,0.25 -v e -c 4 -a e -o tlr -s BEST
 -i /path/data.phy -d nt -n 1 -b 0 --r_seed 12345 --run_id GTR --no_memory_check -m 012345 -f m -c 1 -o tlr -s BEST
 -i /path/data.phy -d nt -n 1 -b 0 --r_seed 12345 --run_id GTR+G --no_memory_check -m 012345 -f m -c 4 -a e -o tlr -s BEST
 -i /path/data.phy -d nt -n 1 -b 0 --r_seed 12345 --run_id GTR+I+G --no_memory_check -m 012345 -f m -v e -c 4 -a e -o tlr -s BEST


$$ STAGE COMPLETE $$


 -i /path/data.phy -d nt -n 1 -b 0 --r_seed 12345 --run_id 001234+I+G --no_memory_check -m 001234 -f 0.25,0.25,0.25,0.25 -v e -c 4 -a e -o tlr -s BEST
 -i /path/data.phy -d nt -n 1 -b 0 --r_seed 12345 --run_id 001234+G+F --no_memory_check -m 001234 -f m -c 4 -a e -o tlr -s BEST
 -i /path/data.phy -d nt -n 1 -b 0 --r_seed 12345 --run_id 001234+I+G+F --no_memory_check -m 001234 -f m -v e -c 4 -a e -o tlr -s BEST
 -i /path/data.phy -d nt -n 1 -b 0 --r_seed 12345 --run_id 001234+I+F --no_memory_check -m 001234 -f m -v e -c 1 -o tlr -s BEST
 -i /path/data.phy -d nt -n 1 -b 0 --r_seed 12345 --run_id 001234+G --no_memory_check -m 001234 -f 0.25,0.25,0.25,0.25 -c 4 -a e -o tlr -s BEST
 -i /path/data.phy -d nt -n 1 -b 0 --r_seed 12345 --run_id 001234+I --no_memory_check -m 001234 -f 0.25,0.25,0.25,0.25 -v e -c 1 -o tlr -s BEST
 -i /path/data.phy -d nt -n 1 -b 0 --r_seed 12345 --run_id 001234+F --no_memory_check -m 001234 -f m -c 1 -o tlr -s BEST
 -i /path/data.phy -d nt -n 1 -b 0 --r_seed 12345 --run_id 001234 --no_memory_check -m 001234 -f 0.25,0.25,0.25,0.25 -c 1 -o tlr -s BEST
 -i /path/data.phy -d nt -n 1 -b 0 --r_seed 12345 --run_id 010234+I+G+F --no_memory_check -m 010234 -f m -v e -c 4 -a e -o tlr -s BEST
 -i /path/data.phy -d nt -n 1 -b 0 --r_seed 12345 --run_id 010234+I+G --no_memory_check -m 010234 -f 0.25,0.25,0.25,0.25 -v e -c 4 -a e -o tlr -s BEST
 -i /path/data.phy -d nt -n 1 -b 0 --r_seed 12345 --run_id 010234+G+F --no_memory_check -m 010234 -f m -c 4 -a e -o tlr -s BEST
 -i /path/data.phy -d nt -n 1 -b 0 --r_seed 12345 --run_id 010234+G --no_memory_check -m 010234 -f 0.25,0.25,0.25,0.25 -c 4 -a e -o tlr -s BEST
 -i /path/data.phy -d nt -n 1 -b 0 --r_seed 12345 --run_id 010234+I+F --no_memory_check -m 010234 -f m -v e -c 1 -o tlr -s BEST
 -i /path/data.phy -d nt -n 1 -b 0 --r_seed 12345 --run_id 010234+I --no_memory_check -m 010234 -f 0.25,0.25,0.25,0.25 -v e -c 1 -o tlr -s BEST
 -i /path/data.phy -d nt -n 1 -b 0 --r_seed 12345 --run_id 010234+F --no_memory_check -m 010234 -f m -c 1 -o tlr -s BEST
 -i /path/data.phy -d nt -n 1 -b 0 --r_seed 12345 --run_id 010234 --no_memory_check -m 010234 -f 0.25,0.25,0.25,0.25 -c 1 -o tlr -s BEST
 -i /path/data.phy -d nt -n 1 -b 0 --r_seed 12345 --run_id 011234+I+G+F --no_memory_check -m 011234 -f m -v e -c 4 -a e -o tlr -s BEST
 -i /path/data.phy -d nt -n 1 -b 0 --r_seed 12345 --run_id 011234+I+G --no_memory_check -m 011234 -f 0.25,0.25,0.25,0.25 -v e -c 4 -a e -o tlr -s BEST
 -i /path/data.phy -d nt -n 1 -b 0 --r_seed 12345 --run_id 011234+G+F --no_memory_check -m 011234 -f m -c 4 -a e -o tlr -s BEST
 -i /path/data.phy -d nt -n 1 -b 0 --r_seed 12345 --run_id 011234+G --no_memory_check -m 011234 -f 0.25,0.25,0.25,0.25 -c 4 -a e -o tlr -s BEST
 -i /path/data.phy -d nt -n 1 -b 0 --r_seed 12345 --run_id 011234+I+F --no_memory_check -m 011234 -f m -v e -c 1 -o tlr -s BEST
 -i /path/data.phy -d nt -n 1 -b 0 --r_seed 12345 --run_id 011234+I --no_memory_check -m 011234 -f 0.25,0.25,0.25,0.25 -v e -c 1 -o tlr -s BEST
 -i /path/data.phy -d nt -n 1 -b 0 --r_seed 12345 --run_id 011234+F --no_memory_check -m 011234 -f m -c 1 -o tlr -s BEST
 -i /path/data.phy -d nt -n 1 -b 0 --r_seed 12345 --run_id 011234 --no_memory_check -m 011234 -f 0.25,0.25,0.25,0.25 -c 1 -o tlr -s BEST
 -i /path/data.phy -d nt -n 1 -b 0 --r_seed 12345 --run_id 012034+I+G+F --no_memory_check -m 012034 -f m -v e -c 4 -a e -o tlr -s BEST
 -i /path/data.phy -d nt -n 1 -b 0 --r_seed 12345 --run_id 012034+I+G --no_memory_check -m 012034 -f 0.25,0.25,0.25,0.25 -v e -c 4 -a e -o tlr -s BEST
 -i /path/data.phy -d nt -n 1 -b 0 --r_seed 12345 --run_id 012034+G+F --no_memory_check -m 012034 -f m -c 4 -a e -o tlr -s BEST
 -i /path/data.phy -d nt -n 1 -b 0 --r_seed 12345 --run_id 012034+G --no_memory_check -m 012034 -f 0.25,0.25,0.25,0.25 -c 4 -a e -o tlr -s BEST
 -i /path/data.phy -d nt -n 1 -b 0 --r_seed 12345 --run_id 012034+I+F --no_memory_check -m 012034 -f m -v e -c 1 -o tlr -s BEST
 -i /path/data.phy -d nt -n 1 -b 0 --r_seed 12345 --run_id 012034+I --no_memory_check -m 012034 -f 0.25,0.25,0.25,0.25 -v e -c 1 -o tlr -s BEST
 -i /path/data.phy -d nt -n 1 -b 0 --r_seed 12345 --run_id 012034+F --no_memory_check -m 012034 -f m -c 1 -o tlr -s BEST
 -i /path/data.phy -d nt -n 1 -b 0 --r_seed 12345 --run_id 012034 --no_memory_check -m 012034 -f 0.25,0.25,0.25,0.25 -c 1 -o tlr -s BEST
 -i /path/data.phy -d nt -n 1 -b 0 --r_seed 12345 --run_id 012134+I+G+F --no_memory_check -m 012134 -f m -v e -c 4 -a e -o tlr -s BEST
 -i /path/data.phy -d nt -n 1 -b 0 --r_seed 12345 --run_id 012134+I+G --no_memory_check -m 012134 -f 0.25,0.25,0.25,0.25 -v e -c 4 -a e -o tlr -s BEST
 -i /path/data.phy -d nt -n 1 -b 0 --r_seed 12345 --run_id 012134+G+F --no_memory_check -m 012134 -f m -c 4 -a e -o tlr -s BEST
 -i /path/data.phy -d nt -n 1 -b 0 --r_seed 12345 --run_id 012134+G --no_memory_check -m 012134 -f 0.25,0.25,0.25,0.25 -c 4 -a e -o tlr -s BEST
 -i /path/data.phy -d nt -n 1 -b 0 --r_seed 12345 --run_id 012134+I+F --no_memory_check -m 012134 -f m -v e -c 1 -o tlr -s BEST
 -i /path/data.phy -d nt -n 1 -b 0 --r_seed 12345 --run_id 012134+I --no_memory_check -m 012134 -f 0.25,0.25,0.25,0.25 -v e -c 1 -o tlr -s BEST
 -i /path/data.phy -d nt -n 1 -b 0 --r_seed 12345 --run_id 012134+F --no_memory_check -m 012134 -f m -c 1 -o tlr -s BEST
 -i /path/data.phy -d nt -n 1 -b 0 --r_seed 12345 --run_id 012134 --no_memory_check -m 012134 -f 0.25,0.25,0.25,0.25 -c 1 -o tlr -s BEST
 -i /path/data.phy -d nt -n 1 -b 0 --r_seed 12345 --run_id 012234+I+G+F --no_memory_check -m 012234 -f m -v e -c 4 -a e -o tlr -s BEST
 -i /path/data.phy -d nt -n 1 -b 0 --r_seed 12345 --run_id 012234+I+G --no_memory_check -m 012234 -f 0.25,0.25,0.25,0.25 -v e -c 4 -a e -o tlr -s BEST
 -i /path/data.phy -d nt -n 1 -b 0 --r_seed 12345 --run_id 012234+G+F --no_memory_check -m 012234 -f m -c 4 -a e -o tlr -s BEST
 -i /path/data.phy -d nt -n 1 -b 0 --r_seed 12345 --run_id 012234+G --no_memory_check -m 012234 -f 0.25,0.25,0.25,0.25 -c 4 -a e -o tlr -s BEST
 -i /path/data.phy -d nt -n 1 -b 0 --r_seed 12345 --run_id 012234+I+F --no_memory_check -m 012234 -f m -v e -c 1 -o tlr -s BEST
 -i /path/data.phy -d nt -n 1 -b 0 --r_seed 12345 --run_id 012234+I --no_memory_check -m 012234 -f 0.25,0.25,0.25,0.25 -v e -c 1 -o tlr -s BEST
 -i /path/data.phy -d nt -n 1 -b 0 --r_seed 12345 --run_id 012234+F --no_memory_check -m 012234 -f m -c 1 -o tlr -s BEST
 -i /path/data.phy -d nt -n 1 -b 0 --r_seed 12345 --run_id 012234 --no_memory_check -m 012234 -f 0.25,0.25,0.25,0.25 -c 1 -o tlr -s BEST
 -i /path/data.phy -d nt -n 1 -b 0 --r_seed 12345 --run_id 012304+I+G+F --no_memory_check -m 012304 -f m -v e -c 4 -a e -o tlr -s BEST
 -i /path/data.phy -d nt -n 1 -b 0 --r_seed 12345 --run_id 012304+I+G --no_memory_check -m 012304 -f 0.25,0.25,0.25,0.25 -v e -c 4 -a e -o tlr -s BEST
 -i /path/data.phy -d nt -n 1 -b 0 --r_seed 12345 --run_id 012304+G+F --no_memory_check -m 012304 -f m -c 4 -a e -o tlr -s BEST
 -i /path/data.phy -d nt -n 1 -b 0 --r_seed 12345 --run_id 012304+G --no_memory_check -m 012304 -f 0.25,0.25,0.25,0.25 -c 4 -a e -o tlr -s BEST
 -i /path/data.phy -d nt -n 1 -b 0 --r_seed 12345 --run_id 012304+I+F --no_memory_check -m 012304 -f m -v e -c 1 -o tlr -s BEST
 -i /path/data.phy -d nt -n 1 -b 0 --r_seed 12345 --run_id 012304+I --no_memory_check -m 012304 -f 0.25,0.25,0.25,0.25 -v e -c 1 -o tlr -s BEST
 -i /path/data.phy -d nt -n 1 -b 0 --r_seed 12345 --run_id 012304+F --no_memory_check -m 012304 -f m -c 1 -o tlr -s BEST
 -i /path/data.phy -d nt -n 1 -b 0 --r_seed 12345 --run_id 012304 --no_memory_check -m 012304 -f 0.25,0.25,0.25,0.25 -c 1 -o tlr -s BEST
 -i /path/data.phy -d nt -n 1 -b 0 --r_seed 12345 --run_id TVM+I+G --no_memory_check -m 012314 -f m -v e -c 4 -a e -o tlr -s BEST
 -i /path/data.phy -d nt -n 1 -b 0 --r_seed 12345 --run_id TVMef+I+G --no_memory_check -m 012314 -f 0.25,0.25,0.25,0.25 -v e -c 4 -a e -o tlr -s BEST
 -i /path/data.phy -d nt -n 1 -b 0 --r_seed 12345 --run_id TVM+G --no_memory_check -m 012314 -f m -c 4 -a e -o tlr -s BEST
 -i /path/data.phy -d nt -n 1 -b 0 --r_seed 12345 --run_id TVMef+G --no_memory_check -m 012314 -f 0.25,0.25,0.25,0.25 -c 4 -a e -o tlr -s BEST
 -i /path/data.phy -d nt -n 1 -b 0 --r_seed 12345 --run_id TVM+I --no_memory_check -m 012314 -f m -v e -c 1 -o tlr -s BEST
 -i /path/data.phy -d nt -n 1 -b 0 --r_seed 12345 --run_id TVMef+I --no_memory_check -m 012314 -f 0.25,0.25,0.25,0.25 -v e -c 1 -o tlr -s BEST
 -i /path/data.phy -d nt -n 1 -b 0 --r_seed 12345 --run_id TVM --no_memory_check -m 012314 -f m -c 1 -o tlr -s BEST
 -i /path/data.phy -d nt -n 1 -b 0 --r_seed 12345 --run_id TVMef --no_memory_check -m 012314 -f 0.25,0.25,0.25,0.25 -c 1 -o tlr -s BEST
 -i /path/data.phy -d nt -n 1 -b 0 --r_seed 12345 --run_id 012324+I+G+F --no_memory_check -m 012324 -f m -v e -c 4 -a e -o tlr -s BEST
 -i /path/data.phy -d nt -n 1 -b 0 --r_seed 12345 --run_id 012324+I+G --no_memory_check -m 012324 -f 0.25,0.25,0.25,0.25 -v e -c 4 -a e -o tlr -s BEST
 -i /path/data.phy -d nt -n 1 -b 0 --r_seed 12345 --run_id 012324+G+F --no_memory_check -m 012324 -f m -c 4 -a e -o tlr -s BEST
 -i /path/data.phy -d nt -n 1 -b 0 --r_seed 12345 --run_id 012324+G --no_memory_check -m 012324 -f 0.25,0.25,0.25,0.25 -c 4 -a e -o tlr -s BEST
 -i /path/data.phy -d nt -n 1 -b 0 --r_seed 12345 --run_id 012324+I+F --no_memory_check -m 012324 -f m -v e -c 1 -o tlr -s BEST
 -i /path/data.phy -d nt -n 1 -b 0 --r_seed 12345 --run_id 012324+I --no_memory_check -m 012324 -f 0.25,0.25,0.25,0.25 -v e -c 1 -o tlr -s BEST
 -i /path/data.phy -d nt -n 1 -b 0 --r_seed 12345 --run_id 012324+F --no_memory_check -m 012324 -f m -c 1 -o tlr -s BEST
 -i /path/data.phy -d nt -n 1 -b 0 --r_seed 12345 --run_id 012324 --no_memory_check -m 012324 -f 0.25,0.25,0.25,0.25 -c 1 -o tlr -s BEST
 -i /path/data.phy -d nt -n 1 -b 0 --r_seed 12345 --run_id 012334+I+G+F --no_memory_check -m 012334 -f m -v e -c 4 -a e -o tlr -s BEST
 -i /path/data.phy -d nt -n 1 -b 0 --r_seed 12345 --run_id 012334+I+G --no_memory_check -m 012334 -f 0.25,0.25,0.25,0.25 -v e -c 4 -a e -o tlr -s BEST
 -i /path/data.phy -d nt -n 1 -b 0 --r_seed 12345 --run_id 012334+G+F --no_memory_check -m 012334 -f m -c 4 -a e -o tlr -s BEST
 -i /path/data.phy -d nt -n 1 -b 0 --r_seed 12345 --run_id 012334+G --no_memory_check -m 012334 -f 0.25,0.25,0.25,0.25 -c 4 -a e -o tlr -s BEST
 -i /path/data.phy -d nt -n 1 -b 0 --r_seed 12345 --run_id 012334+I+F --no_memory_check -m 012334 -f m -v e -c 1 -o tlr -s BEST
 -i /path/data.phy -d nt -n 1 -b 0 --r_seed 12345 --run_id 012334+I --no_memory_check -m 012334 -f 0.25,0.25,0.25,0.25 -v e -c 1 -o tlr -s BEST
 -i /path/data.phy -d nt -n 1 -b 0 --r_seed 12345 --run_id 012334+F --no_memory_check -m 012334 -f m -c 1 -o tlr -s BEST
 -i /path/data.phy -d nt -n 1 -b 0 --r_seed 12345 --run_id 012334 --no_memory_check -m 012334 -f 0.25,0.25,0.25,0.25 -c 1 -o tlr -s BEST
 -i /path/data.phy -d nt -n 1 -b 0 --r_seed 12345 --run_id 012340+I+G+F --no_memory_check -m 012340 -f m -v e -c 4 -a e -o tlr -s BEST
 -i /path/data.phy -d nt -n 1 -b 0 --r_seed 12345 --run_id 012340+I+G --no_memory_check -m 012340 -f 0.25,0.25,0.25,0.25 -v e -c 4 -a e -o tlr -s BEST
 -i /path/data.phy -d nt -n 1 -b 0 --r_seed 12345 --run_id 012340+G+F --no_memory_check -m 012340 -f m -c 4 -a e -o tlr -s BEST
 -i /path/data.phy -d nt -n 1 -b 0 --r_seed 12345 --run_id 012340+G --no_memory_check -m 012340 -f 0.25,0.25,0.25,0.25 -c 4 -a e -o tlr -s BEST
 -i /path/data.phy -d nt -n 1 -b 0 --r_seed 12345 --run_id 012340+I+F --no_memory_check -m 012340 -f m -v e -c 1 -o tlr -s BEST
 -i /path/data.phy -d nt -n 1 -b 0 --r_seed 12345 --run_id 012340+I --no_memory_check -m 012340 -f 0.25,0.25,0.25,0.25 -v e -c 1 -o tlr -s BEST
 -i /path/data.phy -d nt -n 1 -b 0 --r_seed 12345 --run_id 012340+F --no_memory_check -m 012340 -f m -c 1 -o tlr -s BEST
 -i /path/data.phy -d nt -n 1 -b 0 --r_seed 12345 --run_id 012340 --no_memory_check -m 012340 -f 0.25,0.25,0.25,0.25 -c 1 -o tlr -s BEST
 -i /path/data.phy -d nt -n 1 -b 0 --r_seed 12345 --run_id 012341+I+G+F --no_memory_check -m 012341 -f m -v e -c 4 -a e -o tlr -s BEST
 -i /path/data.phy -d nt -n 1 -b 0 --r_seed 12345 --run_id 012341+I+G --no_memory_check -m 012341 -f 0.25,0.25,0.25,0.25 -v e -c 4 -a e -o tlr -s BEST
 -i /path/data.phy -d nt -n 1 -b 0 --r_seed 12345 --run_id 012341+G+F --no_memory_check -m 012341 -f m -c 4 -a e -o tlr -s BEST
 -i /path/data.phy -d nt -n 1 -b 0 --r_seed 12345 --run_id 012341+G --no_memory_check -m 012341 -f 0.25,0.25,0.25,0.25 -c 4 -a e -o tlr -s BEST
 -i /path/data.phy -d nt -n 1 -b 0 --r_seed 12345 --run_id 012341+I+F --no_memory_check -m 012341 -f m -v e -c 1 -o tlr -s BEST
 -i /path/data.phy -d nt -n 1 -b 0 --r_seed 12345 --run_id 012341+I --no_memory_check -m 012341 -f 0.25,0.25,0.25,0.25 -v e -c 1 -o tlr -s BEST
 -i /path/data.phy -d nt -n 1 -b 0 --r_seed 12345 --run_id 012341+F --no_memory_check -m 012341 -f m -c 1 -o tlr -s BEST
 -i /path/data.phy -d nt -n 1 -b 0 --r_seed 12345 --run_id 012341 --no_memory_check -m 012341 -f 0.25,0.25,0.25,0.25 -c 1 -o tlr -s BEST
 -i /path/data.phy -d nt -n 1 -b 0 --r_seed 12345 --run_id 012342+I+G+F --no_memory_check -m 012342 -f m -v e -c 4 -a e -o tlr -s BEST
 -i /path/data.phy -d nt -n 1 -b 0 --r_seed 12345 --run_id 012342+I+G --no_memory_check -m 012342 -f 0.25,0.25,0.25,0.25 -v e -c 4 -a e -o tlr -s BEST
 -i /path/data.phy -d nt -n 1 -b 0 --r_seed 12345 --run_id 012342+G+F --no_memory_check -m 012342 -f m -c 4 -a e -o tlr -s BEST
 -i /path/data.phy -d nt -n 1 -b 0 --r_seed 12345 --run_id 012342+G --no_memory_check -m 012342 -f 0.25,0.25,0.25,0.25 -c 4 -a e -o tlr -s BEST
 -i /path/data.phy -d nt -n 1 -b 0 --r_seed 12345 --run_id 012342+I+F --no_memory_check -m 012342 -f m -v e -c 1 -o tlr -s BEST
 -i /path/data.phy -d nt -n 1 -b 0 --r_seed 12345 --run_id 012342+I --no_memory_check -m 012342 -f 0.25,0.25,0.25,0.25 -v e -c 1 -o tlr -s BEST
 -i /path/data.phy -d nt -n 1 -b 0 --r_seed 12345 --run_id 012342+F --no_memory_check -m 012342 -f m -c 1 -o tlr -s BEST
 -i /path/data.phy -d nt -n 1 -b 0 --r_seed 12345 --run_id 012342 --no_memory_check -m 012342 -f 0.25,0.25,0.25,0.25 -c 1 -o tlr -s BEST
 -i /path/data.phy -d nt -n 1 -b 0 --r_seed 12345 --run_id 012343+I+G+F --no_memory_check -m 012343 -f m -v e -c 4 -a e -o tlr -s BEST
 -i /path/data.phy -d nt -n 1 -b 0 --r_seed 12345 --run_id 012343+I+G --no_memory_check -m 012343 -f 0.25,0.25,0.25,0.25 -v e -c 4 -a e -o tlr -s BEST
 -i /path/data.phy -d nt -n 1 -b 0 --r_seed 12345 --run_id 012343+G+F --no_memory_check -m 012343 -f m -c 4 -a e -o tlr -s BEST
 -i /path/data.phy -d nt -n 1 -b 0 --r_seed 12345 --run_id 012343+G --no_memory_check -m 012343 -f 0.25,0.25,0.25,0.25 -c 4 -a e -o tlr -s BEST
 -i /path/data.phy -d nt -n 1 -b 0 --r_seed 12345 --run_id 012343+I+F --no_memory_check -m 012343 -f m -v e -c 1 -o tlr -s BEST
 -i /path/data.phy -d nt -n 1 -b 0 --r_seed 12345 --run_id 012343+I --no_memory_check -m 012343 -f 0.25,0.25,0.25,0.25 -v e -c 1 -o tlr -s BEST
 -i /path/data.phy -d nt -n 1 -b 0 --r_seed 12345 --run_id 012343+F --no_memory_check -m 012343 -f m -c 1 -o tlr -s BEST
 -i /path/data.phy -d nt -n 1 -b 0 --r_seed 12345 --run_id 012343 --no_memory_check -m 012343 -f 0.25,0.25,0.25,0.25 -c 1 -o tlr -s BEST
 -i /path/data.phy -d nt -n 1 -b 0 --r_seed 12345 --run_id 012344+I+G+F --no_memory_check -m 012344 -f m -v e -c 4 -a e -o tlr -s BEST
 -i /path/data.phy -d nt -n 1 -b 0 --r_seed 12345 --run_id 012344+I+G --no_memory_check -m 012344 -f 0.25,0.25,0.25,0.25 -v e -c 4 -a e -o tlr -s BEST
 -i /path/data.phy -d nt -n 1 -b 0 --r_seed 12345 --run_id 012344+G+F --no_memory_check -m 012344 -f m -c 4 -a e -o tlr -s BEST
 -i /path/data.phy -d nt -n 1 -b 0 --r_seed 12345 --run_id 012344+G --no_memory_check -m 012344 -f 0.25,0.25,0.25,0.25 -c 4 -a e -o tlr -s BEST
 -i /path/data.phy -d nt -n 1 -b 0 --r_seed 12345 --run_id 012344+I+F --no_memory_check -m 012344 -f m -v e -c 1 -o tlr -s BEST
 -i /path/data.phy -d nt -n 1 -b 0 --r_seed 12345 --run_id 012344+I --no_memory_check -m 012344 -f 0.25,0.25,0.25,0.25 -v e -c 1 -o tlr -s BEST
 -i /path/data.phy -d nt -n 1 -b 0 --r_seed 12345 --run_id 012344+F --no_memory_check -m 012344 -f m -c 1 -o tlr -s BEST
 -i /path/data.phy -d nt -n 1 -b 0 --r_seed 12345 --run_id 012344 --no_memory_check -m 012344 -f 0.25,0.25,0.25,0.25 -c 1 -o tlr -s BEST


$$ STAGE COMPLETE $$


 -i /path/data.phy -d nt -n 1 -b 0 --r_seed 12345 --run_id 001232+I+G+F --no_memory_check -m 001232 -f m -v e -c 4 -a e -o tlr -s BEST
 -i /path/data.phy -d nt -n 1 -b 0 --r_seed 12345 --run_id 001232+I+G --no_memory_check -m 001232 -f 0.25,0.25,0.25,0.25 -v e -c 4 -a e -o tlr -s BEST
 -i /path/data.phy -d nt -n 1 -b 0 --r_seed 12345 --run_id 001232+G+F --no_memory_check -m 001232 -f m -c 4 -a e -o tlr -s BEST
 -i /path/data.phy -d nt -n 1 -b 0 --r_seed 12345 --run_id 001232+G --no_memory_check -m 001232 -f 0.25,0.25,0.25,0.25 -c 4 -a e -o tlr -s BEST
 -i /path/data.phy -d nt -n 1 -b 0 --r_seed 12345 --run_id 001232+I+F --no_memory_check -m 001232 -f m -v e -c 1 -o tlr -s BEST
 -i /path/data.phy -d nt -n 1 -b 0 --r_seed 12345 --run_id 001232+I --no_memory_check -m 001232 -f 0.25,0.25,0.25,0.25 -v e -c 1 -o tlr -s BEST
 -i /path/data.phy -d nt -n 1 -b 0 --r_seed 12345 --run_id 001232+F --no_memory_check -m 001232 -f m -c 1 -o tlr -s BEST
 -i /path/data.phy -d nt -n 1 -b 0 --r_seed 12345 --run_id 001232 --no_memory_check -m 001232 -f 0.25,0.25,0.25,0.25 -c 1 -o tlr -s BEST
 -i /path/data.phy -d nt -n 1 -b 0 --r_seed 12345 --run_id TIM2+I+G --no_memory_check -m 010232 -f m -v e -c 4 -a e -o tlr -s BEST
 -i /path/data.phy -d nt -n 1 -b 0 --r_seed 12345 --run_id TIM2ef+I+G --no_memory_check -m 010232 -f 0.25,0.25,0.25,0.25 -v e -c 4 -a e -o tlr -s BEST
 -i /path/data.phy -d nt -n 1 -b 0 --r_seed 12345 --run_id TIM2+G --no_memory_check -m 010232 -f m -c 4 -a e -o tlr -s BEST
 -i /path/data.phy -d nt -n 1 -b 0 --r_seed 12345 --run_id TIM2ef+G --no_memory_check -m 010232 -f 0.25,0.25,0.25,0.25 -c 4 -a e -o tlr -s BEST
 -i /path/data.phy -d nt -n 1 -b 0 --r_seed 12345 --run_id TIM2+I --no_memory_check -m 010232 -f m -v e -c 1 -o tlr -s BEST
 -i /path/data.phy -d nt -n 1 -b 0 --r_seed 12345 --run_id TIM2ef+I --no_memory_check -m 010232 -f 0.25,0.25,0.25,0.25 -v e -c 1 -o tlr -s BEST
 -i /path/data.phy -d nt -n 1 -b 0 --r_seed 12345 --run_id TIM2 --no_memory_check -m 010232 -f m -c 1 -o tlr -s BEST
 -i /path/data.phy -d nt -n 1 -b 0 --r_seed 12345 --run_id TIM2ef --no_memory_check -m 010232 -f 0.25,0.25,0.25,0.25 -c 1 -o tlr -s BEST
 -i /path/data.phy -d nt -n 1 -b 0 --r_seed 12345 --run_id 011232+I+G+F --no_memory_check -m 011232 -f m -v e -c 4 -a e -o tlr -s BEST
 -i /path/data.phy -d nt -n 1 -b 0 --r_seed 12345 --run_id 011232+I+G --no_memory_check -m 011232 -f 0.25,0.25,0.25,0.25 -v e -c 4 -a e -o tlr -s BEST
 -i /path/data.phy -d nt -n 1 -b 0 --r_seed 12345 --run_id 011232+G+F --no_memory_check -m 011232 -f m -c 4 -a e -o tlr -s BEST
 -i /path/data.phy -d nt -n 1 -b 0 --r_seed 12345 --run_id 011232+G --no_memory_check -m 011232 -f 0.25,0.25,0.25,0.25 -c 4 -a e -o tlr -s BEST
 -i /path/data.phy -d nt -n 1 -b 0 --r_seed 12345 --run_id 011232+I+F --no_memory_check -m 011232 -f m -v e -c 1 -o tlr -s BEST
 -i /path/data.phy -d nt -n 1 -b 0 --r_seed 12345 --run_id 011232+I --no_memory_check -m 011232 -f 0.25,0.25,0.25,0.25 -v e -c 1 -o tlr -s BEST
 -i /path/data.phy -d nt -n 1 -b 0 --r_seed 12345 --run_id 011232+F --no_memory_check -m 011232 -f m -c 1 -o tlr -s BEST
 -i /path/data.phy -d nt -n 1 -b 0 --r_seed 12345 --run_id 011232 --no_memory_check -m 011232 -f 0.25,0.25,0.25,0.25 -c 1 -o tlr -s BEST
 -i /path/data.phy -d nt -n 1 -b 0 --r_seed 12345 --run_id 012030+I+G+F --no_memory_check -m 012030 -f m -v e -c 4 -a e -o tlr -s BEST
 -i /path/data.phy -d nt -n 1 -b 0 --r_seed 12345 --run_id 012030+I+G --no_memory_check -m 012030 -f 0.25,0.25,0.25,0.25 -v e -c 4 -a e -o tlr -s BEST
 -i /path/data.phy -d nt -n 1 -b 0 --r_seed 12345 --run_id 012030+G+F --no_memory_check -m 012030 -f m -c 4 -a e -o tlr -s BEST
 -i /path/data.phy -d nt -n 1 -b 0 --r_seed 12345 --run_id 012030+G --no_memory_check -m 012030 -f 0.25,0.25,0.25,0.25 -c 4 -a e -o tlr -s BEST
 -i /path/data.phy -d nt -n 1 -b 0 --r_seed 12345 --run_id 012030+I+F --no_memory_check -m 012030 -f m -v e -c 1 -o tlr -s BEST
 -i /path/data.phy -d nt -n 1 -b 0 --r_seed 12345 --run_id 012030+I --no_memory_check -m 012030 -f 0.25,0.25,0.25,0.25 -v e -c 1 -o tlr -s BEST
 -i /path/data.phy -d nt -n 1 -b 0 --r_seed 12345 --run_id 012030+F --no_memory_check -m 012030 -f m -c 1 -o tlr -s BEST
 -i /path/data.phy -d nt -n 1 -b 0 --r_seed 12345 --run_id 012030 --no_memory_check -m 012030 -f 0.25,0.25,0.25,0.25 -c 1 -o tlr -s BEST
 -i /path/data.phy -d nt -n 1 -b 0 --r_seed 12345 --run_id 012131+I+G+F --no_memory_check -m 012131 -f m -v e -c 4 -a e -o tlr -s BEST
 -i /path/data.phy -d nt -n 1 -b 0 --r_seed 12345 --run_id 012131+I+G --no_memory_check -m 012131 -f 0.25,0.25,0.25,0.25 -v e -c 4 -a e -o tlr -s BEST
 -i /path/data.phy -d nt -n 1 -b 0 --r_seed 12345 --run_id 012131+G+F --no_memory_check -m 012131 -f m -c 4 -a e -o tlr -s BEST
 -i /path/data.phy -d nt -n 1 -b 0 --r_seed 12345 --run_id 012131+G --no_memory_check -m 012131 -f 0.25,0.25,0.25,0.25 -c 4 -a e -o tlr -s BEST
 -i /path/data.phy -d nt -n 1 -b 0 --r_seed 12345 --run_id 012131+I+F --no_memory_check -m 012131 -f m -v e -c 1 -o tlr -s BEST
 -i /path/data.phy -d nt -n 1 -b 0 --r_seed 12345 --run_id 012131+I --no_memory_check -m 012131 -f 0.25,0.25,0.25,0.25 -v e -c 1 -o tlr -s BEST
 -i /path/data.phy -d nt -n 1 -b 0 --r_seed 12345 --run_id 012131+F --no_memory_check -m 012131 -f m -c 1 -o tlr -s BEST
 -i /path/data.phy -d nt -n 1 -b 0 --r_seed 12345 --run_id 012131 --no_memory_check -m 012131 -f 0.25,0.25,0.25,0.25 -c 1 -o tlr -s BEST
 -i /path/data.phy -d nt -n 1 -b 0 --r_seed 12345 --run_id 012232+I+G+F --no_memory_check -m 012232 -f m -v e -c 4 -a e -o tlr -s BEST
 -i /path/data.phy -d nt -n 1 -b 0 --r_seed 12345 --run_id 012232+I+G --no_memory_check -m 012232 -f 0.25,0.25,0.25,0.25 -v e -c 4 -a e -o tlr -s BEST
 -i /path/data.phy -d nt -n 1 -b 0 --r_seed 12345 --run_id 012232+G+F --no_memory_check -m 012232 -f m -c 4 -a e -o tlr -s BEST
 -i /path/data.phy -d nt -n 1 -b 0 --r_seed 12345 --run_id 012232+G --no_memory_check -m 012232 -f 0.25,0.25,0.25,0.25 -c 4 -a e -o tlr -s BEST
 -i /path/data.phy -d nt -n 1 -b 0 --r_seed 12345 --run_id 012232+I+F --no_memory_check -m 012232 -f m -v e -c 1 -o tlr -s BEST
 -i /path/data.phy -d nt -n 1 -b 0 --r_seed 12345 --run_id 012232+I --no_memory_check -m 012232 -f 0.25,0.25,0.25,0.25 -v e -c 1 -o tlr -s BEST
 -i /path/data.phy -d nt -n 1 -b 0 --r_seed 12345 --run_id 012232+F --no_memory_check -m 012232 -f m -c 1 -o tlr -s BEST
 -i /path/data.phy -d nt -n 1 -b 0 --r_seed 12345 --run_id 012232 --no_memory_check -m 012232 -f 0.25,0.25,0.25,0.25 -c 1 -o tlr -s BEST
 -i /path/data.phy -d nt -n 1 -b 0 --r_seed 12345 --run_id 012303+I+G+F --no_memory_check -m 012303 -f m -v e -c 4 -a e -o tlr -s BEST
 -i /path/data.phy -d nt -n 1 -b 0 --r_seed 12345 --run_id 012303+I+G --no_memory_check -m 012303 -f 0.25,0.25,0.25,0.25 -v e -c 4 -a e -o tlr -s BEST
 -i /path/data.phy -d nt -n 1 -b 0 --r_seed 12345 --run_id 012303+G+F --no_memory_check -m 012303 -f m -c 4 -a e -o tlr -s BEST
 -i /path/data.phy -d nt -n 1 -b 0 --r_seed 12345 --run_id 012303+G --no_memory_check -m 012303 -f 0.25,0.25,0.25,0.25 -c 4 -a e -o tlr -s BEST
 -i /path/data.phy -d nt -n 1 -b 0 --r_seed 12345 --run_id 012303+I+F --no_memory_check -m 012303 -f m -v e -c 1 -o tlr -s BEST
 -i /path/data.phy -d nt -n 1 -b 0 --r_seed 12345 --run_id 012303+I --no_memory_check -m 012303 -f 0.25,0.25,0.25,0.25 -v e -c 1 -o tlr -s BEST
 -i /path/data.phy -d nt -n 1 -b 0 --r_seed 12345 --run_id 012303+F --no_memory_check -m 012303 -f m -c 1 -o tlr -s BEST
 -i /path/data.phy -d nt -n 1 -b 0 --r_seed 12345 --run_id 012303 --no_memory_check -m 012303 -f 0.25,0.25,0.25,0.25 -c 1 -o tlr -s BEST
 -i /path/data.phy -d nt -n 1 -b 0 --r_seed 12345 --run_id 012313+I+G+F --no_memory_check -m 012313 -f m -v e -c 4 -a e -o tlr -s BEST
 -i /path/data.phy -d nt -n 1 -b 0 --r_seed 12345 --run_id 012313+I+G --no_memory_check -m 012313 -f 0.25,0.25,0.25,0.25 -v e -c 4 -a e -o tlr -s BEST
 -i /path/data.phy -d nt -n 1 -b 0 --r_seed 12345 --run_id 012313+G+F --no_memory_check -m 012313 -f m -c 4 -a e -o tlr -s BEST
 -i /path/data.phy -d nt -n 1 -b 0 --r_seed 12345 --run_id 012313+G --no_memory_check -m 012313 -f 0.25,0.25,0.25,0.25 -c 4 -a e -o tlr -s BEST
 -i /path/data.phy -d nt -n 1 -b 0 --r_seed 12345 --run_id 012313+I+F --no_memory_check -m 012313 -f m -v e -c 1 -o tlr -s BEST
 -i /path/data.phy -d nt -n 1 -b 0 --r_seed 12345 --run_id 012313+I --no_memory_check -m 012313 -f 0.25,0.25,0.25,0.25 -v e -c 1 -o tlr -s BEST
 -i /path/data.phy -d nt -n 1 -b 0 --r_seed 12345 --run_id 012313+F --no_memory_check -m 012313 -f m -c 1 -o tlr -s BEST
 -i /path/data.phy -d nt -n 1 -b 0 --r_seed 12345 --run_id 012313 --no_memory_check -m 012313 -f 0.25,0.25,0.25,0.25 -c 1 -o tlr -s BEST
 -i /path/data.phy -d nt -n 1 -b 0 --r_seed 12345 --run_id 012323+I+G+F --no_memory_check -m 012323 -f m -v e -c 4 -a e -o tlr -s BEST
 -i /path/data.phy -d nt -n 1 -b 0 --r_seed 12345 --run_id 012323+I+G --no_memory_check -m 012323 -f 0.25,0.25,0.25,0.25 -v e -c 4 -a e -o tlr -s BEST
 -i /path/data.phy -d nt -n 1 -b 0 --r_seed 12345 --run_id 012323+G+F --no_memory_check -m 012323 -f m -c 4 -a e -o tlr -s BEST
 -i /path/data.phy -d nt -n 1 -b 0 --r_seed 12345 --run_id 012323+G --no_memory_check -m 012323 -f 0.25,0.25,0.25,0.25 -c 4 -a e -o tlr -s BEST
 -i /path/data.phy -d nt -n 1 -b 0 --r_seed 12345 --run_id 012323+I+F --no_memory_check -m 012323 -f m -v e -c 1 -o tlr -s BEST
 -i /path/data.phy -d nt -n 1 -b 0 --r_seed 12345 --run_id 012323+I --no_memory_check -m 012323 -f 0.25,0.25,0.25,0.25 -v e -c 1 -o tlr -s BEST
 -i /path/data.phy -d nt -n 1 -b 0 --r_seed 12345 --run_id 012323+F --no_memory_check -m 012323 -f m -c 1 -o tlr -s BEST
 -i /path/data.phy -d nt -n 1 -b 0 --r_seed 12345 --run_id 012323 --no_memory_check -m 012323 -f 0.25,0.25,0.25,0.25 -c 1 -o tlr -s BEST
 -i /path/data.phy -d nt -n 1 -b 0 --r_seed 12345 --run_id 012333+I+G+F --no_memory_check -m 012333 -f m -v e -c 4 -a e -o tlr -s BEST
 -i /path/data.phy -d nt -n 1 -b 0 --r_seed 12345 --run_id 012333+I+G --no_memory_check -m 012333 -f 0.25,0.25,0.25,0.25 -v e -c 4 -a e -o tlr -s BEST
 -i /path/data.phy -d nt -n 1 -b 0 --r_seed 12345 --run_id 012333+G+F --no_memory_check -m 012333 -f m -c 4 -a e -o tlr -s BEST
 -i /path/data.phy -d nt -n 1 -b 0 --r_seed 12345 --run_id 012333+G --no_memory_check -m 012333 -f 0.25,0.25,0.25,0.25 -c 4 -a e -o tlr -s BEST
 -i /path/data.phy -d nt -n 1 -b 0 --r_seed 12345 --run_id 012333+I+F --no_memory_check -m 012333 -f m -v e -c 1 -o tlr -s BEST
 -i /path/data.phy -d nt -n 1 -b 0 --r_seed 12345 --run_id 012333+I --no_memory_check -m 012333 -f 0.25,0.25,0.25,0.25 -v e -c 1 -o tlr -s BEST
 -i /path/data.phy -d nt -n 1 -b 0 --r_seed 12345 --run_id 012333+F --no_memory_check -m 012333 -f m -c 1 -o tlr -s BEST
 -i /path/data.phy -d nt -n 1 -b 0 --r_seed 12345 --run_id 012333 --no_memory_check -m 012333 -f 0.25,0.25,0.25,0.25 -c 1 -o tlr -s BEST


$$ STAGE COMPLETE $$


 -i /path/data.phy -d nt -n 1 -b 0 --r_seed 12345 --run_id 001121+I+G+F --no_memory_check -m 001121 -f m -v e -c 4 -a e -o tlr -s BEST
 -i /path/data.phy -d nt -n 1 -b 0 --r_seed 12345 --run_id 001121+I+G --no_memory_check -m 001121 -f 0.25,0.25,0.25,0.25 -v e -c 4 -a e -o tlr -s BEST
 -i /path/data.phy -d nt -n 1 -b 0 --r_seed 12345 --run_id 001121+G --no_memory_check -m 001121 -f 0.25,0.25,0.25,0.25 -c 4 -a e -o tlr -s BEST
 -i /path/data.phy -d nt -n 1 -b 0 --r_seed 12345 --run_id 001121+G+F --no_memory_check -m 001121 -f m -c 4 -a e -o tlr -s BEST
 -i /path/data.phy -d nt -n 1 -b 0 --r_seed 12345 --run_id 001121+I+F --no_memory_check -m 001121 -f m -v e -c 1 -o tlr -s BEST
 -i /path/data.phy -d nt -n 1 -b 0 --r_seed 12345 --run_id 001121+I --no_memory_check -m 001121 -f 0.25,0.25,0.25,0.25 -v e -c 1 -o tlr -s BEST
 -i /path/data.phy -d nt -n 1 -b 0 --r_seed 12345 --run_id 001121+F --no_memory_check -m 001121 -f m -c 1 -o tlr -s BEST
 -i /path/data.phy -d nt -n 1 -b 0 --r_seed 12345 --run_id 001121 --no_memory_check -m 001121 -f 0.25,0.25,0.25,0.25 -c 1 -o tlr -s BEST
 -i /path/data.phy -d nt -n 1 -b 0 --r_seed 12345 --run_id TrN+I+G --no_memory_check -m 010020 -f m -v e -c 4 -a e -o tlr -s BEST
 -i /path/data.phy -d nt -n 1 -b 0 --r_seed 12345 --run_id TrNef+I+G --no_memory_check -m 010020 -f 0.25,0.25,0.25,0.25 -v e -c 4 -a e -o tlr -s BEST
 -i /path/data.phy -d nt -n 1 -b 0 --r_seed 12345 --run_id TrN+G --no_memory_check -m 010020 -f m -c 4 -a e -o tlr -s BEST
 -i /path/data.phy -d nt -n 1 -b 0 --r_seed 12345 --run_id TrNef+G --no_memory_check -m 010020 -f 0.25,0.25,0.25,0.25 -c 4 -a e -o tlr -s BEST
 -i /path/data.phy -d nt -n 1 -b 0 --r_seed 12345 --run_id TrN+I --no_memory_check -m 010020 -f m -v e -c 1 -o tlr -s BEST
 -i /path/data.phy -d nt -n 1 -b 0 --r_seed 12345 --run_id TrNef+I --no_memory_check -m 010020 -f 0.25,0.25,0.25,0.25 -v e -c 1 -o tlr -s BEST
 -i /path/data.phy -d nt -n 1 -b 0 --r_seed 12345 --run_id TrN --no_memory_check -m 010020 -f m -c 1 -o tlr -s BEST
 -i /path/data.phy -d nt -n 1 -b 0 --r_seed 12345 --run_id TrNef --no_memory_check -m 010020 -f 0.25,0.25,0.25,0.25 -c 1 -o tlr -s BEST
 -i /path/data.phy -d nt -n 1 -b 0 --r_seed 12345 --run_id 011121+I+G+F --no_memory_check -m 011121 -f m -v e -c 4 -a e -o tlr -s BEST
 -i /path/data.phy -d nt -n 1 -b 0 --r_seed 12345 --run_id 011121+I+G --no_memory_check -m 011121 -f 0.25,0.25,0.25,0.25 -v e -c 4 -a e -o tlr -s BEST
 -i /path/data.phy -d nt -n 1 -b 0 --r_seed 12345 --run_id 011121+G+F --no_memory_check -m 011121 -f m -c 4 -a e -o tlr -s BEST
 -i /path/data.phy -d nt -n 1 -b 0 --r_seed 12345 --run_id 011121+G --no_memory_check -m 011121 -f 0.25,0.25,0.25,0.25 -c 4 -a e -o tlr -s BEST
 -i /path/data.phy -d nt -n 1 -b 0 --r_seed 12345 --run_id 011121+I+F --no_memory_check -m 011121 -f m -v e -c 1 -o tlr -s BEST
 -i /path/data.phy -d nt -n 1 -b 0 --r_seed 12345 --run_id 011121+I --no_memory_check -m 011121 -f 0.25,0.25,0.25,0.25 -v e -c 1 -o tlr -s BEST
 -i /path/data.phy -d nt -n 1 -b 0 --r_seed 12345 --run_id 011121+F --no_memory_check -m 011121 -f m -c 1 -o tlr -s BEST
 -i /path/data.phy -d nt -n 1 -b 0 --r_seed 12345 --run_id 011121 --no_memory_check -m 011121 -f 0.25,0.25,0.25,0.25 -c 1 -o tlr -s BEST
 -i /path/data.phy -d nt -n 1 -b 0 --r_seed 12345 --run_id 012202+I+G+F --no_memory_check -m 012202 -f m -v e -c 4 -a e -o tlr -s BEST
 -i /path/data.phy -d nt -n 1 -b 0 --r_seed 12345 --run_id 012202+I+G --no_memory_check -m 012202 -f 0.25,0.25,0.25,0.25 -v e -c 4 -a e -o tlr -s BEST
 -i /path/data.phy -d nt -n 1 -b 0 --r_seed 12345 --run_id 012202+G+F --no_memory_check -m 012202 -f m -c 4 -a e -o tlr -s BEST
 -i /path/data.phy -d nt -n 1 -b 0 --r_seed 12345 --run_id 012202+G --no_memory_check -m 012202 -f 0.25,0.25,0.25,0.25 -c 4 -a e -o tlr -s BEST
 -i /path/data.phy -d nt -n 1 -b 0 --r_seed 12345 --run_id 012202+I+F --no_memory_check -m 012202 -f m -v e -c 1 -o tlr -s BEST
 -i /path/data.phy -d nt -n 1 -b 0 --r_seed 12345 --run_id 012202+I --no_memory_check -m 012202 -f 0.25,0.25,0.25,0.25 -v e -c 1 -o tlr -s BEST
 -i /path/data.phy -d nt -n 1 -b 0 --r_seed 12345 --run_id 012202+F --no_memory_check -m 012202 -f m -c 1 -o tlr -s BEST
 -i /path/data.phy -d nt -n 1 -b 0 --r_seed 12345 --run_id 012202 --no_memory_check -m 012202 -f 0.25,0.25,0.25,0.25 -c 1 -o tlr -s BEST
 -i /path/data.phy -d nt -n 1 -b 0 --r_seed 12345 --run_id 012212+I+G+F --no_memory_check -m 012212 -f m -v e -c 4 -a e -o tlr -s BEST
 -i /path/data.phy -d nt -n 1 -b 0 --r_seed 12345 --run_id 012212+I+G --no_memory_check -m 012212 -f 0.25,0.25,0.25,0.25 -v e -c 4 -a e -o tlr -s BEST
 -i /path/data.phy -d nt -n 1 -b 0 --r_seed 12345 --run_id 012212+G+F --no_memory_check -m 012212 -f m -c 4 -a e -o tlr -s BEST
 -i /path/data.phy -d nt -n 1 -b 0 --r_seed 12345 --run_id 012212+G --no_memory_check -m 012212 -f 0.25,0.25,0.25,0.25 -c 4 -a e -o tlr -s BEST
 -i /path/data.phy -d nt -n 1 -b 0 --r_seed 12345 --run_id 012212+I+F --no_memory_check -m 012212 -f m -v e -c 1 -o tlr -s BEST
 -i /path/data.phy -d nt -n 1 -b 0 --r_seed 12345 --run_id 012212+I --no_memory_check -m 012212 -f 0.25,0.25,0.25,0.25 -v e -c 1 -o tlr -s BEST
 -i /path/data.phy -d nt -n 1 -b 0 --r_seed 12345 --run_id 012212+F --no_memory_check -m 012212 -f m -c 1 -o tlr -s BEST
 -i /path/data.phy -d nt -n 1 -b 0 --r_seed 12345 --run_id 012212 --no_memory_check -m 012212 -f 0.25,0.25,0.25,0.25 -c 1 -o tlr -s BEST
 -i /path/data.phy -d nt -n 1 -b 0 --r_seed 12345 --run_id 012222+I+G+F --no_memory_check -m 012222 -f m -v e -c 4 -a e -o tlr -s BEST
 -i /path/data.phy -d nt -n 1 -b 0 --r_seed 12345 --run_id 012222+I+G --no_memory_check -m 012222 -f 0.25,0.25,0.25,0.25 -v e -c 4 -a e -o tlr -s BEST
 -i /path/data.phy -d nt -n 1 -b 0 --r_seed 12345 --run_id 012222+G+F --no_memory_check -m 012222 -f m -c 4 -a e -o tlr -s BEST
 -i /path/data.phy -d nt -n 1 -b 0 --r_seed 12345 --run_id 012222+G --no_memory_check -m 012222 -f 0.25,0.25,0.25,0.25 -c 4 -a e -o tlr -s BEST
 -i /path/data.phy -d nt -n 1 -b 0 --r_seed 12345 --run_id 012222+I+F --no_memory_check -m 012222 -f m -v e -c 1 -o tlr -s BEST
 -i /path/data.phy -d nt -n 1 -b 0 --r_seed 12345 --run_id 012222+I --no_memory_check -m 012222 -f 0.25,0.25,0.25,0.25 -v e -c 1 -o tlr -s BEST
 -i /path/data.phy -d nt -n 1 -b 0 --r_seed 12345 --run_id 012222+F --no_memory_check -m 012222 -f m -c 1 -o tlr -s BEST
 -i /path/data.phy -d nt -n 1 -b 0 --r_seed 12345 --run_id 012222 --no_memory_check -m 012222 -f 0.25,0.25,0.25,0.25 -c 1 -o tlr -s BEST


$$ STAGE COMPLETE $$


 -i /path/data.phy -d nt -n 1 -b 0 --r_seed 12345 --run_id 000010+I+G+F --no_memory_check -m 000010 -f m -v e -c 4 -a e -o tlr -s BEST
 -i /path/data.phy -d nt -n 1 -b 0 --r_seed 12345 --run_id 000010+I+G --no_memory_check -m 000010 -f 0.25,0.25,0.25,0.25 -v e -c 4 -a e -o tlr -s BEST
 -i /path/data.phy -d nt -n 1 -b 0 --r_seed 12345 --run_id 000010+G+F --no_memory_check -m 000010 -f m -c 4 -a e -o tlr -s BEST
 -i /path/data.phy -d nt -n 1 -b 0 --r_seed 12345 --run_id 000010+G --no_memory_check -m 000010 -f 0.25,0.25,0.25,0.25 -c 4 -a e -o tlr -s BEST
 -i /path/data.phy -d nt -n 1 -b 0 --r_seed 12345 --run_id 000010+I+F --no_memory_check -m 000010 -f m -v e -c 1 -o tlr -s BEST
 -i /path/data.phy -d nt -n 1 -b 0 --r_seed 12345 --run_id 000010+I --no_memory_check -m 000010 -f 0.25,0.25,0.25,0.25 -v e -c 1 -o tlr -s BEST
 -i /path/data.phy -d nt -n 1 -b 0 --r_seed 12345 --run_id 000010+F --no_memory_check -m 000010 -f m -c 1 -o tlr -s BEST
 -i /path/data.phy -d nt -n 1 -b 0 --r_seed 12345 --run_id 000010 --no_memory_check -m 000010 -f 0.25,0.25,0.25,0.25 -c 1 -o tlr -s BEST
 -i /path/data.phy -d nt -n 1 -b 0 --r_seed 12345 --run_id 001101+I+G+F --no_memory_check -m 001101 -f m -v e -c 4 -a e -o tlr -s BEST
 -i /path/data.phy -d nt -n 1 -b 0 --r_seed 12345 --run_id 001101+I+G --no_memory_check -m 001101 -f 0.25,0.25,0.25,0.25 -v e -c 4 -a e -o tlr -s BEST
 -i /path/data.phy -d nt -n 1 -b 0 --r_seed 12345 --run_id 001101+G+F --no_memory_check -m 001101 -f m -c 4 -a e -o tlr -s BEST
 -i /path/data.phy -d nt -n 1 -b 0 --r_seed 12345 --run_id 001101+G --no_memory_check -m 001101 -f 0.25,0.25,0.25,0.25 -c 4 -a e -o tlr -s BEST
 -i /path/data.phy -d nt -n 1 -b 0 --r_seed 12345 --run_id 001101+I+F --no_memory_check -m 001101 -f m -v e -c 1 -o tlr -s BEST
 -i /path/data.phy -d nt -n 1 -b 0 --r_seed 12345 --run_id 001101+I --no_memory_check -m 001101 -f 0.25,0.25,0.25,0.25 -v e -c 1 -o tlr -s BEST
 -i /path/data.phy -d nt -n 1 -b 0 --r_seed 12345 --run_id 001101+F --no_memory_check -m 001101 -f m -c 1 -o tlr -s BEST
 -i /path/data.phy -d nt -n 1 -b 0 --r_seed 12345 --run_id 001101 --no_memory_check -m 001101 -f 0.25,0.25,0.25,0.25 -c 1 -o tlr -s BEST
 -i /path/data.phy -d nt -n 1 -b 0 --r_seed 12345 --run_id 001111+I+G+F --no_memory_check -m 001111 -f m -v e -c 4 -a e -o tlr -s BEST
 -i /path/data.phy -d nt -n 1 -b 0 --r_seed 12345 --run_id 001111+I+G --no_memory_check -m 001111 -f 0.25,0.25,0.25,0.25 -v e -c 4 -a e -o tlr -s BEST
 -i /path/data.phy -d nt -n 1 -b 0 --r_seed 12345 --run_id 001111+G+F --no_memory_check -m 001111 -f m -c 4 -a e -o tlr -s BEST
 -i /path/data.phy -d nt -n 1 -b 0 --r_seed 12345 --run_id 001111+G --no_memory_check -m 001111 -f 0.25,0.25,0.25,0.25 -c 4 -a e -o tlr -s BEST
 -i /path/data.phy -d nt -n 1 -b 0 --r_seed 12345 --run_id 001111+I+F --no_memory_check -m 001111 -f m -v e -c 1 -o tlr -s BEST
 -i /path/data.phy -d nt -n 1 -b 0 --r_seed 12345 --run_id 001111+I --no_memory_check -m 001111 -f 0.25,0.25,0.25,0.25 -v e -c 1 -o tlr -s BEST
 -i /path/data.phy -d nt -n 1 -b 0 --r_seed 12345 --run_id 001111+F --no_memory_check -m 001111 -f m -c 1 -o tlr -s BEST
 -i /path/data.phy -d nt -n 1 -b 0 --r_seed 12345 --run_id 001111 --no_memory_check -m 001111 -f 0.25,0.25,0.25,0.25 -c 1 -o tlr -s BEST


$$ STAGE COMPLETE $$


